<?xml version="1.0" encoding="UTF-8"?>
<testsuite xmlns:xsi="http://www.w3.org/2001/XMLSchema-instance" xsi:noNamespaceSchemaLocation="https://maven.apache.org/surefire/maven-failsafe-plugin/xsd/failsafe-test-report-3.0.xsd" version="3.0" name="starter.CucumberTestSuite" time="21.251" tests="3" errors="0" skipped="0" failures="0">
  <properties>
[...]
</properties>
  <testcase name="As user i have be able to success login #1" classname="login" time="8.388">
    <system-out><![CDATA[07:20:43.846 [main] DEBUG net.thucydides.core.guice.Injectors - Created injector for module net.thucydides.core.guice.ThucydidesModule
07:20:44.186 [main] DEBUG io.cucumber.core.plugin.SerenityReporter - Running feature from file:///C:/Users/WINDOWS%2011/IdeaProjects/web-automation-using-serenity/src/test/resources/features/login.feature
07:20:44.359 [main] DEBUG net.thucydides.core.guice.Injectors - Created injector for module net.thucydides.core.guice.webdriver.WebDriverModule
07:20:44.381 [main] INFO  - 

-------------------------------------------------------------------------------------
     _______. _______ .______       _______ .__   __.  __  .___________.____    ____ 
    /       ||   ____||   _  \     |   ____||  \ |  | |  | |           |\   \  /   / 
   |   (----`|  |__   |  |_)  |    |  |__   |   \|  | |  | `---|  |----` \   \/   /  
    \   \    |   __|  |      /     |   __|  |  . `  | |  |     |  |       \_    _/   
.----)   |   |  |____ |  |\  \----.|  |____ |  |\   | |  |     |  |         |  |     
|_______/    |_______|| _| `._____||_______||__| \__| |__|     |__|         |__|    
                                                                                     
 News and tutorials at http://www.serenity-bdd.info                                  
 Documentation at https://wakaleo.gitbooks.io/the-serenity-book/content/             
 Join the Serenity Community on Gitter: https://gitter.im/serenity-bdd/serenity-core 
 Serenity BDD Support and Training at http://serenity-bdd.info/#/trainingandsupport  
-------------------------------------------------------------------------------------

07:20:44.383 [main] DEBUG net.thucydides.core.steps.StepEventBus - Test suite started for story net.thucydides.core.model.Story@f388ff28
07:20:44.387 [main] INFO  - Test Suite Started: Login
07:20:44.408 [main] DEBUG io.cucumber.core.plugin.SerenityReporter - Running feature from file:///C:/Users/WINDOWS%2011/IdeaProjects/web-automation-using-serenity/src/test/resources/features/login.feature
07:20:44.412 [main] DEBUG net.thucydides.core.steps.StepEventBus - Test suite started for story net.thucydides.core.model.Story@f388ff28
07:20:44.412 [main] INFO  - Test Suite Started: Login

@login @Normal-User
Scenario Outline: As user i have be able to success login &amp#27;[90m# src/test/resources/features/login.feature:18&amp#27;[0m
07:20:44.492 [main] DEBUG io.cucumber.core.plugin.SerenityReporter - Running feature from file:///C:/Users/WINDOWS%2011/IdeaProjects/web-automation-using-serenity/src/test/resources/features/login.feature
07:20:44.598 [main] INFO  - 
  _____   ___   ___   _____     ___   _____     _     ___   _____   ___   ___  
 |_   _| | __| / __| |_   _|   / __| |_   _|   /_\   | _ \ |_   _| | __| |   \ 
   | |   | _|  \__ \   | |     \__ \   | |    / _ \  |   /   | |   | _|  | |) |
   |_|   |___| |___/   |_|     |___/   |_|   /_/ \_\ |_|_\   |_|   |___| |___/ 

As user i have be able to success login(login;as-user-i-have-be-able-to-success-login)
--------------------------------------------------------------------------------
07:20:44.655 [main] DEBUG net.thucydides.core.requirements.model.cucumber.CucumberParser - Loading feature C:\Users\WINDOWS 11\IdeaProjects\web-automation-using-serenity\src\test\resources\features\login.feature
07:20:45.614 [main] DEBUG net.thucydides.core.steps.StepInterceptor - STARTING STEP: LoginSteps.onTheLoginPage - openPage
07:20:45.767 [main] INFO net.serenitybdd.core.webdriver.driverproviders.ChromeDriverProvider - Starting Chrome driver instance with capabilities:
07:20:45.771 [main] INFO net.serenitybdd.core.webdriver.driverproviders.ChromeDriverProvider - Capabilities {acceptInsecureCerts: false, browserName: chrome, goog:chromeOptions: {args: [remote-allow-origins=*], extensions: []}}
07:20:45.874 [main] DEBUG io.netty.util.internal.logging.InternalLoggerFactory - Using SLF4J as the default logging framework
07:20:45.881 [main] DEBUG io.netty.util.ResourceLeakDetector - -Dio.netty.leakDetection.level: simple
07:20:45.881 [main] DEBUG io.netty.util.ResourceLeakDetector - -Dio.netty.leakDetection.targetRecords: 4
07:20:45.888 [main] DEBUG io.netty.util.ResourceLeakDetectorFactory - Loaded default ResourceLeakDetector: io.netty.util.ResourceLeakDetector@6f50d55c
07:20:45.916 [main] DEBUG io.netty.util.internal.PlatformDependent0 - -Dio.netty.noUnsafe: false
07:20:45.917 [main] DEBUG io.netty.util.internal.PlatformDependent0 - Java version: 19
07:20:45.918 [main] DEBUG io.netty.util.internal.PlatformDependent0 - sun.misc.Unsafe.theUnsafe: available
07:20:45.919 [main] DEBUG io.netty.util.internal.PlatformDependent0 - sun.misc.Unsafe.copyMemory: available
07:20:45.919 [main] DEBUG io.netty.util.internal.PlatformDependent0 - sun.misc.Unsafe.storeFence: available
07:20:45.920 [main] DEBUG io.netty.util.internal.PlatformDependent0 - java.nio.Buffer.address: available
07:20:45.921 [main] DEBUG io.netty.util.internal.PlatformDependent0 - direct buffer constructor: unavailable: Reflective setAccessible(true) disabled
07:20:45.924 [main] DEBUG io.netty.util.internal.PlatformDependent0 - java.nio.Bits.unaligned: available, true
07:20:45.928 [main] DEBUG io.netty.util.internal.PlatformDependent0 - jdk.internal.misc.Unsafe.allocateUninitializedArray(int): unavailable: class io.netty.util.internal.PlatformDependent0$7 cannot access class jdk.internal.misc.Unsafe (in module java.base) because module java.base does not export jdk.internal.misc to unnamed module @c333c60
07:20:45.931 [main] DEBUG io.netty.util.internal.PlatformDependent0 - java.nio.DirectByteBuffer.<init>(long, int): unavailable
07:20:45.931 [main] DEBUG io.netty.util.internal.PlatformDependent - sun.misc.Unsafe: available
07:20:45.938 [main] DEBUG io.netty.util.internal.PlatformDependent - maxDirectMemory: 2105540608 bytes (maybe)
07:20:45.938 [main] DEBUG io.netty.util.internal.PlatformDependent - -Dio.netty.tmpdir: C:\Users\WINDOW~1\AppData\Local\Temp (java.io.tmpdir)
07:20:45.939 [main] DEBUG io.netty.util.internal.PlatformDependent - -Dio.netty.bitMode: 64 (sun.arch.data.model)
07:20:45.939 [main] DEBUG io.netty.util.internal.PlatformDependent - Platform: Windows
07:20:45.940 [main] DEBUG io.netty.util.internal.PlatformDependent - -Dio.netty.maxDirectMemory: -1 bytes
07:20:45.941 [main] DEBUG io.netty.util.internal.PlatformDependent - -Dio.netty.uninitializedArrayAllocationThreshold: -1
07:20:45.942 [main] DEBUG io.netty.util.internal.CleanerJava9 - java.nio.ByteBuffer.cleaner(): available
07:20:45.943 [main] DEBUG io.netty.util.internal.PlatformDependent - -Dio.netty.noPreferDirect: false
07:20:45.952 [main] DEBUG io.netty.util.internal.PlatformDependent - org.jctools-core.MpscChunkedArrayQueue: available
07:20:45.982 [main] DEBUG io.netty.util.internal.InternalThreadLocalMap - -Dio.netty.threadLocalMap.stringBuilder.initialSize: 1024
07:20:45.982 [main] DEBUG io.netty.util.internal.InternalThreadLocalMap - -Dio.netty.threadLocalMap.stringBuilder.maxSize: 4096
07:20:46.187 [main] DEBUG io.netty.handler.ssl.JdkSslContext - Default protocols (JDK): [TLSv1.3, TLSv1.2] 
07:20:46.187 [main] DEBUG io.netty.handler.ssl.JdkSslContext - Default cipher suites (JDK): [TLS_ECDHE_ECDSA_WITH_AES_256_GCM_SHA384, TLS_ECDHE_ECDSA_WITH_AES_128_GCM_SHA256, TLS_ECDHE_RSA_WITH_AES_128_GCM_SHA256, TLS_ECDHE_RSA_WITH_AES_256_GCM_SHA384, TLS_ECDHE_RSA_WITH_AES_128_CBC_SHA, TLS_ECDHE_RSA_WITH_AES_256_CBC_SHA, TLS_RSA_WITH_AES_128_GCM_SHA256, TLS_RSA_WITH_AES_128_CBC_SHA, TLS_RSA_WITH_AES_256_CBC_SHA, TLS_AES_128_GCM_SHA256, TLS_AES_256_GCM_SHA384]
07:20:46.231 [main] DEBUG io.netty.channel.MultithreadEventLoopGroup - -Dio.netty.eventLoopThreads: 16
07:20:46.246 [main] DEBUG io.netty.channel.nio.NioEventLoop - -Dio.netty.noKeySetOptimization: false
07:20:46.247 [main] DEBUG io.netty.channel.nio.NioEventLoop - -Dio.netty.selectorAutoRebuildThreshold: 512
07:20:46.330 [main] DEBUG io.netty.buffer.PooledByteBufAllocator - -Dio.netty.allocator.numHeapArenas: 16
07:20:46.330 [main] DEBUG io.netty.buffer.PooledByteBufAllocator - -Dio.netty.allocator.numDirectArenas: 16
07:20:46.330 [main] DEBUG io.netty.buffer.PooledByteBufAllocator - -Dio.netty.allocator.pageSize: 8192
07:20:46.330 [main] DEBUG io.netty.buffer.PooledByteBufAllocator - -Dio.netty.allocator.maxOrder: 9
07:20:46.330 [main] DEBUG io.netty.buffer.PooledByteBufAllocator - -Dio.netty.allocator.chunkSize: 4194304
07:20:46.330 [main] DEBUG io.netty.buffer.PooledByteBufAllocator - -Dio.netty.allocator.smallCacheSize: 256
07:20:46.330 [main] DEBUG io.netty.buffer.PooledByteBufAllocator - -Dio.netty.allocator.normalCacheSize: 64
07:20:46.330 [main] DEBUG io.netty.buffer.PooledByteBufAllocator - -Dio.netty.allocator.maxCachedBufferCapacity: 32768
07:20:46.330 [main] DEBUG io.netty.buffer.PooledByteBufAllocator - -Dio.netty.allocator.cacheTrimInterval: 8192
07:20:46.330 [main] DEBUG io.netty.buffer.PooledByteBufAllocator - -Dio.netty.allocator.cacheTrimIntervalMillis: 0
07:20:46.330 [main] DEBUG io.netty.buffer.PooledByteBufAllocator - -Dio.netty.allocator.useCacheForAllThreads: false
07:20:46.330 [main] DEBUG io.netty.buffer.PooledByteBufAllocator - -Dio.netty.allocator.maxCachedByteBuffersPerChunk: 1023
07:20:46.347 [main] DEBUG io.netty.buffer.ByteBufUtil - -Dio.netty.allocator.type: pooled
07:20:46.347 [main] DEBUG io.netty.buffer.ByteBufUtil - -Dio.netty.threadLocalDirectBufferSize: 0
07:20:46.347 [main] DEBUG io.netty.buffer.ByteBufUtil - -Dio.netty.maxThreadLocalCharBufferSize: 16384
07:20:47.159 [Forwarding newSession on session null to remote] DEBUG io.netty.channel.DefaultChannelId - -Dio.netty.processId: 20588 (auto-detected)
07:20:47.161 [Forwarding newSession on session null to remote] DEBUG io.netty.util.NetUtil - -Djava.net.preferIPv4Stack: false
07:20:47.161 [Forwarding newSession on session null to remote] DEBUG io.netty.util.NetUtil - -Djava.net.preferIPv6Addresses: false
07:20:47.172 [Forwarding newSession on session null to remote] DEBUG io.netty.util.NetUtilInitializations - Loopback interface: lo (Software Loopback Interface 1, 127.0.0.1)
07:20:47.172 [Forwarding newSession on session null to remote] DEBUG io.netty.util.NetUtil - Failed to get SOMAXCONN from sysctl and file \proc\sys\net\core\somaxconn. Default: 200
07:20:47.206 [Forwarding newSession on session null to remote] DEBUG io.netty.channel.DefaultChannelId - -Dio.netty.machineId: b4:8c:9d:ff:fe:90:cd:41 (auto-detected)
07:20:47.249 [AsyncHttpClient-1-2] DEBUG io.netty.buffer.AbstractByteBuf - -Dio.netty.buffer.checkAccessible: true
07:20:47.250 [AsyncHttpClient-1-2] DEBUG io.netty.buffer.AbstractByteBuf - -Dio.netty.buffer.checkBounds: true
07:20:47.250 [AsyncHttpClient-1-2] DEBUG io.netty.util.ResourceLeakDetectorFactory - Loaded default ResourceLeakDetector: io.netty.util.ResourceLeakDetector@da14ef1
07:20:47.257 [AsyncHttpClient-1-2] DEBUG org.asynchttpclient.netty.channel.NettyConnectListener - Using new Channel '[id: 0x10d08d29, L:/127.0.0.1:63110 - R:localhost/127.0.0.1:1446]' for 'POST' to '/session'
07:20:47.271 [AsyncHttpClient-1-2] DEBUG io.netty.util.Recycler - -Dio.netty.recycler.maxCapacityPerThread: 4096
07:20:47.272 [AsyncHttpClient-1-2] DEBUG io.netty.util.Recycler - -Dio.netty.recycler.ratio: 8
07:20:47.272 [AsyncHttpClient-1-2] DEBUG io.netty.util.Recycler - -Dio.netty.recycler.chunkSize: 32
07:20:47.272 [AsyncHttpClient-1-2] DEBUG io.netty.util.Recycler - -Dio.netty.recycler.blocking: false
07:20:48.043 [AsyncHttpClient-1-2] DEBUG io.netty.handler.codec.compression.Brotli - brotli4j not in the classpath; Brotli support will be unavailable.
07:20:48.043 [AsyncHttpClient-1-2] DEBUG org.asynchttpclient.netty.handler.HttpHandler - 

Request DefaultHttpRequest(decodeResult: success, version: HTTP/1.1)
POST /session HTTP/1.1
User-Agent: selenium/4.8.1 (java windows)
Content-Length: 507
Content-Type: application/json; charset=utf-8
host: localhost:1446
accept: */*

Response DefaultHttpResponse(decodeResult: success, version: HTTP/1.1)
HTTP/1.1 200 OK
Content-Length: 862
Content-Type: application/json; charset=utf-8
cache-control: no-cache

07:20:48.049 [AsyncHttpClient-1-2] DEBUG org.asynchttpclient.netty.channel.ChannelManager - Adding key: http://localhost:1446 for channel [id: 0x10d08d29, L:/127.0.0.1:63110 - R:localhost/127.0.0.1:1446]
07:20:48.123 [AsyncHttpClient-1-3] DEBUG org.asynchttpclient.netty.channel.NettyConnectListener - Using new Channel '[id: 0xc646f812, L:/127.0.0.1:63117 - R:localhost/127.0.0.1:63111]' for 'GET' to '/json/version'
07:20:48.126 [AsyncHttpClient-1-3] DEBUG org.asynchttpclient.netty.handler.HttpHandler - 

Request DefaultFullHttpRequest(decodeResult: success, version: HTTP/1.1, content: EmptyByteBufBE)
GET /json/version HTTP/1.1
User-Agent: selenium/4.8.1 (java windows)
host: localhost:63111
accept: */*

Response DefaultHttpResponse(decodeResult: success, version: HTTP/1.1)
HTTP/1.1 200 OK
Content-Security-Policy: frame-ancestors 'none'
Content-Length: 424
Content-Type: application/json; charset=UTF-8

07:20:48.126 [AsyncHttpClient-1-3] DEBUG org.asynchttpclient.netty.channel.ChannelManager - Adding key: http://localhost:63111 for channel [id: 0xc646f812, L:/127.0.0.1:63117 - R:localhost/127.0.0.1:63111]
07:20:48.133 [main] DEBUG io.netty.util.internal.ThreadLocalRandom - -Dio.netty.initialSeedUniquifier: 0x1467613273d3a0cb
07:20:48.136 [AsyncHttpClient-1-4] DEBUG org.asynchttpclient.netty.channel.NettyConnectListener - Using new Channel '[id: 0x09f43031, L:/127.0.0.1:63118 - R:localhost/127.0.0.1:63111]' for 'GET' to '/devtools/browser/b58c039d-6b56-42eb-ba35-db484c3514fa'
07:20:48.139 [AsyncHttpClient-1-4] DEBUG org.asynchttpclient.netty.handler.WebSocketHandler - 

Request DefaultFullHttpRequest(decodeResult: success, version: HTTP/1.1, content: EmptyByteBufBE)
GET /devtools/browser/b58c039d-6b56-42eb-ba35-db484c3514fa HTTP/1.1
upgrade: websocket
connection: upgrade
sec-websocket-key: OBXfiDr2DAKoYOOp4l73lQ==
sec-websocket-version: 13
origin: http://localhost:63111
host: localhost:63111
accept: */*
user-agent: AHC/2.1

Response DefaultHttpResponse(decodeResult: success, version: HTTP/1.1)
HTTP/1.1 101 WebSocket Protocol Handshake
Upgrade: WebSocket
Connection: Upgrade
Sec-WebSocket-Accept: f6nMNPQZawG793o7HY5twvUQyeo=

07:20:48.264 [Forwarding get on session 10777ac42811bf2b97c8eea6392eeb25 to remote] DEBUG org.asynchttpclient.netty.request.NettyRequestSender - Using pooled Channel '[id: 0x10d08d29, L:/127.0.0.1:63110 - R:localhost/127.0.0.1:1446]' for 'POST' to 'http://localhost:1446/session/10777ac42811bf2b97c8eea6392eeb25/url'
07:20:48.264 [Forwarding get on session 10777ac42811bf2b97c8eea6392eeb25 to remote] DEBUG org.asynchttpclient.netty.request.NettyRequestSender - Using open Channel [id: 0x10d08d29, L:/127.0.0.1:63110 - R:localhost/127.0.0.1:1446] for POST '/session/10777ac42811bf2b97c8eea6392eeb25/url'
07:20:48.362 [AsyncHttpClient-1-1] DEBUG org.asynchttpclient.netty.channel.DefaultChannelPool - Entry count for : http://localhost:63111 : 1
07:20:49.462 [AsyncHttpClient-1-1] DEBUG org.asynchttpclient.netty.channel.DefaultChannelPool - Entry count for : http://localhost:63111 : 1
07:20:50.470 [AsyncHttpClient-1-2] DEBUG org.asynchttpclient.netty.handler.HttpHandler - 

Request DefaultHttpRequest(decodeResult: success, version: HTTP/1.1)
POST /session/10777ac42811bf2b97c8eea6392eeb25/url HTTP/1.1
User-Agent: selenium/4.8.1 (java windows)
Content-Length: 56
Content-Type: application/json; charset=utf-8
host: localhost:1446
accept: */*

Response DefaultHttpResponse(decodeResult: success, version: HTTP/1.1)
HTTP/1.1 200 OK
Content-Length: 14
Content-Type: application/json; charset=utf-8
cache-control: no-cache

07:20:50.470 [AsyncHttpClient-1-2] DEBUG org.asynchttpclient.netty.channel.ChannelManager - Adding key: http://localhost:1446 for channel [id: 0x10d08d29, L:/127.0.0.1:63110 - R:localhost/127.0.0.1:1446]
07:20:50.482 [Forwarding setTimeout on session 10777ac42811bf2b97c8eea6392eeb25 to remote] DEBUG org.asynchttpclient.netty.request.NettyRequestSender - Using pooled Channel '[id: 0x10d08d29, L:/127.0.0.1:63110 - R:localhost/127.0.0.1:1446]' for 'POST' to 'http://localhost:1446/session/10777ac42811bf2b97c8eea6392eeb25/timeouts'
07:20:50.482 [Forwarding setTimeout on session 10777ac42811bf2b97c8eea6392eeb25 to remote] DEBUG org.asynchttpclient.netty.request.NettyRequestSender - Using open Channel [id: 0x10d08d29, L:/127.0.0.1:63110 - R:localhost/127.0.0.1:1446] for POST '/session/10777ac42811bf2b97c8eea6392eeb25/timeouts'
07:20:50.485 [AsyncHttpClient-1-2] DEBUG org.asynchttpclient.netty.handler.HttpHandler - 

Request DefaultHttpRequest(decodeResult: success, version: HTTP/1.1)
POST /session/10777ac42811bf2b97c8eea6392eeb25/timeouts HTTP/1.1
User-Agent: selenium/4.8.1 (java windows)
Content-Length: 22
Content-Type: application/json; charset=utf-8
host: localhost:1446
accept: */*

Response DefaultHttpResponse(decodeResult: success, version: HTTP/1.1)
HTTP/1.1 200 OK
Content-Length: 14
Content-Type: application/json; charset=utf-8
cache-control: no-cache

07:20:50.485 [AsyncHttpClient-1-2] DEBUG org.asynchttpclient.netty.channel.ChannelManager - Adding key: http://localhost:1446 for channel [id: 0x10d08d29, L:/127.0.0.1:63110 - R:localhost/127.0.0.1:1446]
07:20:50.517 [main] DEBUG net.serenitybdd.core.photography.Darkroom - Opening darkroom
07:20:50.519 [Darkroom Processing Line] DEBUG net.serenitybdd.core.photography.DarkroomProcessingLine - Darkroom processing line starting up
07:20:50.541 [Forwarding getAlertText on session 10777ac42811bf2b97c8eea6392eeb25 to remote] DEBUG org.asynchttpclient.netty.request.NettyRequestSender - Using pooled Channel '[id: 0x10d08d29, L:/127.0.0.1:63110 - R:localhost/127.0.0.1:1446]' for 'GET' to 'http://localhost:1446/session/10777ac42811bf2b97c8eea6392eeb25/alert/text'
07:20:50.541 [Forwarding getAlertText on session 10777ac42811bf2b97c8eea6392eeb25 to remote] DEBUG org.asynchttpclient.netty.request.NettyRequestSender - Using open Channel [id: 0x10d08d29, L:/127.0.0.1:63110 - R:localhost/127.0.0.1:1446] for GET '/session/10777ac42811bf2b97c8eea6392eeb25/alert/text'
07:20:50.544 [AsyncHttpClient-1-2] DEBUG org.asynchttpclient.netty.handler.HttpHandler - 

Request DefaultFullHttpRequest(decodeResult: success, version: HTTP/1.1, content: EmptyByteBufBE)
GET /session/10777ac42811bf2b97c8eea6392eeb25/alert/text HTTP/1.1
User-Agent: selenium/4.8.1 (java windows)
Cache-Control: no-cache
Content-Type: application/json; charset=utf-8
host: localhost:1446
accept: */*

Response DefaultHttpResponse(decodeResult: success, version: HTTP/1.1)
HTTP/1.1 404 Not Found
Content-Length: 821
Content-Type: application/json; charset=utf-8
cache-control: no-cache

07:20:50.545 [AsyncHttpClient-1-2] DEBUG org.asynchttpclient.netty.channel.ChannelManager - Adding key: http://localhost:1446 for channel [id: 0x10d08d29, L:/127.0.0.1:63110 - R:localhost/127.0.0.1:1446]
07:20:50.556 [Forwarding getCurrentUrl on session 10777ac42811bf2b97c8eea6392eeb25 to remote] DEBUG org.asynchttpclient.netty.request.NettyRequestSender - Using pooled Channel '[id: 0x10d08d29, L:/127.0.0.1:63110 - R:localhost/127.0.0.1:1446]' for 'GET' to 'http://localhost:1446/session/10777ac42811bf2b97c8eea6392eeb25/url'
07:20:50.556 [Forwarding getCurrentUrl on session 10777ac42811bf2b97c8eea6392eeb25 to remote] DEBUG org.asynchttpclient.netty.request.NettyRequestSender - Using open Channel [id: 0x10d08d29, L:/127.0.0.1:63110 - R:localhost/127.0.0.1:1446] for GET '/session/10777ac42811bf2b97c8eea6392eeb25/url'
07:20:50.564 [AsyncHttpClient-1-2] DEBUG org.asynchttpclient.netty.handler.HttpHandler - 

Request DefaultFullHttpRequest(decodeResult: success, version: HTTP/1.1, content: EmptyByteBufBE)
GET /session/10777ac42811bf2b97c8eea6392eeb25/url HTTP/1.1
User-Agent: selenium/4.8.1 (java windows)
Cache-Control: no-cache
Content-Type: application/json; charset=utf-8
host: localhost:1446
accept: */*

Response DefaultHttpResponse(decodeResult: success, version: HTTP/1.1)
HTTP/1.1 200 OK
Content-Length: 38
Content-Type: application/json; charset=utf-8
cache-control: no-cache

07:20:50.564 [AsyncHttpClient-1-2] DEBUG org.asynchttpclient.netty.channel.ChannelManager - Adding key: http://localhost:1446 for channel [id: 0x10d08d29, L:/127.0.0.1:63110 - R:localhost/127.0.0.1:1446]
07:20:50.567 [AsyncHttpClient-1-1] DEBUG org.asynchttpclient.netty.channel.DefaultChannelPool - Entry count for : http://localhost:1446 : 1
07:20:50.567 [AsyncHttpClient-1-1] DEBUG org.asynchttpclient.netty.channel.DefaultChannelPool - Entry count for : http://localhost:63111 : 1
07:20:50.568 [Forwarding screenshot on session 10777ac42811bf2b97c8eea6392eeb25 to remote] DEBUG org.asynchttpclient.netty.request.NettyRequestSender - Using pooled Channel '[id: 0x10d08d29, L:/127.0.0.1:63110 - R:localhost/127.0.0.1:1446]' for 'GET' to 'http://localhost:1446/session/10777ac42811bf2b97c8eea6392eeb25/screenshot'
07:20:50.568 [Forwarding screenshot on session 10777ac42811bf2b97c8eea6392eeb25 to remote] DEBUG org.asynchttpclient.netty.request.NettyRequestSender - Using open Channel [id: 0x10d08d29, L:/127.0.0.1:63110 - R:localhost/127.0.0.1:1446] for GET '/session/10777ac42811bf2b97c8eea6392eeb25/screenshot'
07:20:50.677 [AsyncHttpClient-1-2] DEBUG org.asynchttpclient.netty.handler.HttpHandler - 

Request DefaultFullHttpRequest(decodeResult: success, version: HTTP/1.1, content: EmptyByteBufBE)
GET /session/10777ac42811bf2b97c8eea6392eeb25/screenshot HTTP/1.1
User-Agent: selenium/4.8.1 (java windows)
Cache-Control: no-cache
Content-Type: application/json; charset=utf-8
host: localhost:1446
accept: */*

Response DefaultHttpResponse(decodeResult: success, version: HTTP/1.1)
HTTP/1.1 200 OK
Content-Length: 47592
Content-Type: application/json; charset=utf-8
cache-control: no-cache

07:20:50.680 [AsyncHttpClient-1-2] DEBUG org.asynchttpclient.netty.channel.ChannelManager - Adding key: http://localhost:1446 for channel [id: 0x10d08d29, L:/127.0.0.1:63110 - R:localhost/127.0.0.1:1446]
07:20:50.746 [main] DEBUG net.serenitybdd.core.photography.Darkroom - Send negative for processing for target\site\serenity\6164952fd6447d31f8c1727ac78244bb17153a18b8922630353ba00286581ab6.png
07:20:50.747 [Darkroom Processing Line] DEBUG net.serenitybdd.core.photography.DarkroomProcessingLine - Processing screenshot image in /var/screenshots/screenshot-4816047690583057990
07:20:50.747 [Darkroom Processing Line] DEBUG net.serenitybdd.core.photography.DarkroomProcessingLine - Saving screenshot to target\site\serenity\6164952fd6447d31f8c1727ac78244bb17153a18b8922630353ba00286581ab6.png
07:20:50.753 [main] DEBUG net.thucydides.core.steps.StepInterceptor - STEP DONE: openPage
07:20:50.762 [Forwarding getPageSource on session 10777ac42811bf2b97c8eea6392eeb25 to remote] DEBUG org.asynchttpclient.netty.request.NettyRequestSender - Using pooled Channel '[id: 0x10d08d29, L:/127.0.0.1:63110 - R:localhost/127.0.0.1:1446]' for 'POST' to 'http://localhost:1446/session/10777ac42811bf2b97c8eea6392eeb25/execute/sync'
07:20:50.762 [Forwarding getPageSource on session 10777ac42811bf2b97c8eea6392eeb25 to remote] DEBUG org.asynchttpclient.netty.request.NettyRequestSender - Using open Channel [id: 0x10d08d29, L:/127.0.0.1:63110 - R:localhost/127.0.0.1:1446] for POST '/session/10777ac42811bf2b97c8eea6392eeb25/execute/sync'
07:20:50.769 [AsyncHttpClient-1-2] DEBUG org.asynchttpclient.netty.handler.HttpHandler - 

Request DefaultHttpRequest(decodeResult: success, version: HTTP/1.1)
POST /session/10777ac42811bf2b97c8eea6392eeb25/execute/sync HTTP/1.1
User-Agent: selenium/4.8.1 (java windows)
Content-Length: 176
Content-Type: application/json; charset=utf-8
host: localhost:1446
accept: */*

Response DefaultHttpResponse(decodeResult: success, version: HTTP/1.1)
HTTP/1.1 200 OK
Content-Length: 4286
Content-Type: application/json; charset=utf-8
cache-control: no-cache

07:20:50.770 [AsyncHttpClient-1-2] DEBUG org.asynchttpclient.netty.channel.ChannelManager - Adding key: http://localhost:1446 for channel [id: 0x10d08d29, L:/127.0.0.1:63110 - R:localhost/127.0.0.1:1446]
07:20:50.846 [Forwarding getCurrentUrl on session 10777ac42811bf2b97c8eea6392eeb25 to remote] DEBUG org.asynchttpclient.netty.request.NettyRequestSender - Using pooled Channel '[id: 0x10d08d29, L:/127.0.0.1:63110 - R:localhost/127.0.0.1:1446]' for 'GET' to 'http://localhost:1446/session/10777ac42811bf2b97c8eea6392eeb25/url'
07:20:50.846 [Forwarding getCurrentUrl on session 10777ac42811bf2b97c8eea6392eeb25 to remote] DEBUG org.asynchttpclient.netty.request.NettyRequestSender - Using open Channel [id: 0x10d08d29, L:/127.0.0.1:63110 - R:localhost/127.0.0.1:1446] for GET '/session/10777ac42811bf2b97c8eea6392eeb25/url'
07:20:50.852 [AsyncHttpClient-1-2] DEBUG org.asynchttpclient.netty.handler.HttpHandler - 

Request DefaultFullHttpRequest(decodeResult: success, version: HTTP/1.1, content: EmptyByteBufBE)
GET /session/10777ac42811bf2b97c8eea6392eeb25/url HTTP/1.1
User-Agent: selenium/4.8.1 (java windows)
Cache-Control: no-cache
Content-Type: application/json; charset=utf-8
host: localhost:1446
accept: */*

Response DefaultHttpResponse(decodeResult: success, version: HTTP/1.1)
HTTP/1.1 200 OK
Content-Length: 38
Content-Type: application/json; charset=utf-8
cache-control: no-cache

07:20:50.852 [AsyncHttpClient-1-2] DEBUG org.asynchttpclient.netty.channel.ChannelManager - Adding key: http://localhost:1446 for channel [id: 0x10d08d29, L:/127.0.0.1:63110 - R:localhost/127.0.0.1:1446]
07:20:50.855 [main] DEBUG net.thucydides.core.steps.StepInterceptor - STARTING STEP: LoginSteps.onTheLoginPage - validateOnLoginPage
07:20:50.870 [Forwarding findElement on session 10777ac42811bf2b97c8eea6392eeb25 to remote] DEBUG org.asynchttpclient.netty.request.NettyRequestSender - Using pooled Channel '[id: 0x10d08d29, L:/127.0.0.1:63110 - R:localhost/127.0.0.1:1446]' for 'POST' to 'http://localhost:1446/session/10777ac42811bf2b97c8eea6392eeb25/element'
07:20:50.870 [Forwarding findElement on session 10777ac42811bf2b97c8eea6392eeb25 to remote] DEBUG org.asynchttpclient.netty.request.NettyRequestSender - Using open Channel [id: 0x10d08d29, L:/127.0.0.1:63110 - R:localhost/127.0.0.1:1446] for POST '/session/10777ac42811bf2b97c8eea6392eeb25/element'
07:20:50.886 [AsyncHttpClient-1-2] DEBUG org.asynchttpclient.netty.handler.HttpHandler - 

Request DefaultHttpRequest(decodeResult: success, version: HTTP/1.1)
POST /session/10777ac42811bf2b97c8eea6392eeb25/element HTTP/1.1
User-Agent: selenium/4.8.1 (java windows)
Content-Length: 59
Content-Type: application/json; charset=utf-8
host: localhost:1446
accept: */*

Response DefaultHttpResponse(decodeResult: success, version: HTTP/1.1)
HTTP/1.1 200 OK
Content-Length: 88
Content-Type: application/json; charset=utf-8
cache-control: no-cache

07:20:50.886 [AsyncHttpClient-1-2] DEBUG org.asynchttpclient.netty.channel.ChannelManager - Adding key: http://localhost:1446 for channel [id: 0x10d08d29, L:/127.0.0.1:63110 - R:localhost/127.0.0.1:1446]
07:20:50.895 [Forwarding isElementDisplayed on session 10777ac42811bf2b97c8eea6392eeb25 to remote] DEBUG org.asynchttpclient.netty.request.NettyRequestSender - Using pooled Channel '[id: 0x10d08d29, L:/127.0.0.1:63110 - R:localhost/127.0.0.1:1446]' for 'POST' to 'http://localhost:1446/session/10777ac42811bf2b97c8eea6392eeb25/execute/sync'
07:20:50.895 [Forwarding isElementDisplayed on session 10777ac42811bf2b97c8eea6392eeb25 to remote] DEBUG org.asynchttpclient.netty.request.NettyRequestSender - Using open Channel [id: 0x10d08d29, L:/127.0.0.1:63110 - R:localhost/127.0.0.1:1446] for POST '/session/10777ac42811bf2b97c8eea6392eeb25/execute/sync'
07:20:50.912 [AsyncHttpClient-1-2] DEBUG org.asynchttpclient.netty.handler.HttpHandler - 

Request DefaultHttpRequest(decodeResult: success, version: HTTP/1.1)
POST /session/10777ac42811bf2b97c8eea6392eeb25/execute/sync HTTP/1.1
User-Agent: selenium/4.8.1 (java windows)
Content-Length: 48807
Content-Type: application/json; charset=utf-8
host: localhost:1446
accept: */*

Response DefaultHttpResponse(decodeResult: success, version: HTTP/1.1)
HTTP/1.1 200 OK
Content-Length: 14
Content-Type: application/json; charset=utf-8
cache-control: no-cache

07:20:50.912 [AsyncHttpClient-1-2] DEBUG org.asynchttpclient.netty.channel.ChannelManager - Adding key: http://localhost:1446 for channel [id: 0x10d08d29, L:/127.0.0.1:63110 - R:localhost/127.0.0.1:1446]
07:20:50.919 [Forwarding getAlertText on session 10777ac42811bf2b97c8eea6392eeb25 to remote] DEBUG org.asynchttpclient.netty.request.NettyRequestSender - Using pooled Channel '[id: 0x10d08d29, L:/127.0.0.1:63110 - R:localhost/127.0.0.1:1446]' for 'GET' to 'http://localhost:1446/session/10777ac42811bf2b97c8eea6392eeb25/alert/text'
07:20:50.919 [Forwarding getAlertText on session 10777ac42811bf2b97c8eea6392eeb25 to remote] DEBUG org.asynchttpclient.netty.request.NettyRequestSender - Using open Channel [id: 0x10d08d29, L:/127.0.0.1:63110 - R:localhost/127.0.0.1:1446] for GET '/session/10777ac42811bf2b97c8eea6392eeb25/alert/text'
07:20:50.922 [AsyncHttpClient-1-2] DEBUG org.asynchttpclient.netty.handler.HttpHandler - 

Request DefaultFullHttpRequest(decodeResult: success, version: HTTP/1.1, content: EmptyByteBufBE)
GET /session/10777ac42811bf2b97c8eea6392eeb25/alert/text HTTP/1.1
User-Agent: selenium/4.8.1 (java windows)
Cache-Control: no-cache
Content-Type: application/json; charset=utf-8
host: localhost:1446
accept: */*

Response DefaultHttpResponse(decodeResult: success, version: HTTP/1.1)
HTTP/1.1 404 Not Found
Content-Length: 821
Content-Type: application/json; charset=utf-8
cache-control: no-cache

07:20:50.922 [AsyncHttpClient-1-2] DEBUG org.asynchttpclient.netty.channel.ChannelManager - Adding key: http://localhost:1446 for channel [id: 0x10d08d29, L:/127.0.0.1:63110 - R:localhost/127.0.0.1:1446]
07:20:50.925 [Forwarding getCurrentUrl on session 10777ac42811bf2b97c8eea6392eeb25 to remote] DEBUG org.asynchttpclient.netty.request.NettyRequestSender - Using pooled Channel '[id: 0x10d08d29, L:/127.0.0.1:63110 - R:localhost/127.0.0.1:1446]' for 'GET' to 'http://localhost:1446/session/10777ac42811bf2b97c8eea6392eeb25/url'
07:20:50.925 [Forwarding getCurrentUrl on session 10777ac42811bf2b97c8eea6392eeb25 to remote] DEBUG org.asynchttpclient.netty.request.NettyRequestSender - Using open Channel [id: 0x10d08d29, L:/127.0.0.1:63110 - R:localhost/127.0.0.1:1446] for GET '/session/10777ac42811bf2b97c8eea6392eeb25/url'
07:20:50.930 [AsyncHttpClient-1-2] DEBUG org.asynchttpclient.netty.handler.HttpHandler - 

Request DefaultFullHttpRequest(decodeResult: success, version: HTTP/1.1, content: EmptyByteBufBE)
GET /session/10777ac42811bf2b97c8eea6392eeb25/url HTTP/1.1
User-Agent: selenium/4.8.1 (java windows)
Cache-Control: no-cache
Content-Type: application/json; charset=utf-8
host: localhost:1446
accept: */*

Response DefaultHttpResponse(decodeResult: success, version: HTTP/1.1)
HTTP/1.1 200 OK
Content-Length: 38
Content-Type: application/json; charset=utf-8
cache-control: no-cache

07:20:50.930 [AsyncHttpClient-1-2] DEBUG org.asynchttpclient.netty.channel.ChannelManager - Adding key: http://localhost:1446 for channel [id: 0x10d08d29, L:/127.0.0.1:63110 - R:localhost/127.0.0.1:1446]
07:20:50.933 [Forwarding screenshot on session 10777ac42811bf2b97c8eea6392eeb25 to remote] DEBUG org.asynchttpclient.netty.request.NettyRequestSender - Using pooled Channel '[id: 0x10d08d29, L:/127.0.0.1:63110 - R:localhost/127.0.0.1:1446]' for 'GET' to 'http://localhost:1446/session/10777ac42811bf2b97c8eea6392eeb25/screenshot'
07:20:50.933 [Forwarding screenshot on session 10777ac42811bf2b97c8eea6392eeb25 to remote] DEBUG org.asynchttpclient.netty.request.NettyRequestSender - Using open Channel [id: 0x10d08d29, L:/127.0.0.1:63110 - R:localhost/127.0.0.1:1446] for GET '/session/10777ac42811bf2b97c8eea6392eeb25/screenshot'
07:20:51.041 [AsyncHttpClient-1-2] DEBUG org.asynchttpclient.netty.handler.HttpHandler - 

Request DefaultFullHttpRequest(decodeResult: success, version: HTTP/1.1, content: EmptyByteBufBE)
GET /session/10777ac42811bf2b97c8eea6392eeb25/screenshot HTTP/1.1
User-Agent: selenium/4.8.1 (java windows)
Cache-Control: no-cache
Content-Type: application/json; charset=utf-8
host: localhost:1446
accept: */*

Response DefaultHttpResponse(decodeResult: success, version: HTTP/1.1)
HTTP/1.1 200 OK
Content-Length: 47592
Content-Type: application/json; charset=utf-8
cache-control: no-cache

07:20:51.042 [AsyncHttpClient-1-2] DEBUG org.asynchttpclient.netty.channel.ChannelManager - Adding key: http://localhost:1446 for channel [id: 0x10d08d29, L:/127.0.0.1:63110 - R:localhost/127.0.0.1:1446]
07:20:51.045 [main] DEBUG net.serenitybdd.core.photography.Darkroom - Send negative for processing for target\site\serenity\6164952fd6447d31f8c1727ac78244bb17153a18b8922630353ba00286581ab6.png
07:20:51.046 [main] DEBUG net.thucydides.core.steps.StepInterceptor - STEP DONE: validateOnLoginPage
  &amp#27;[32mGiven &amp#27;[0m&amp#27;[32mI am on the login page&amp#27;[0m                            &amp#27;[90m# starter.stepdefinitions.LoginSteps.onTheLoginPage()&amp#27;[0m
07:20:51.062 [Forwarding getPageSource on session 10777ac42811bf2b97c8eea6392eeb25 to remote] DEBUG org.asynchttpclient.netty.request.NettyRequestSender - Using pooled Channel '[id: 0x10d08d29, L:/127.0.0.1:63110 - R:localhost/127.0.0.1:1446]' for 'POST' to 'http://localhost:1446/session/10777ac42811bf2b97c8eea6392eeb25/execute/sync'
07:20:51.062 [Forwarding getPageSource on session 10777ac42811bf2b97c8eea6392eeb25 to remote] DEBUG org.asynchttpclient.netty.request.NettyRequestSender - Using open Channel [id: 0x10d08d29, L:/127.0.0.1:63110 - R:localhost/127.0.0.1:1446] for POST '/session/10777ac42811bf2b97c8eea6392eeb25/execute/sync'
07:20:51.068 [AsyncHttpClient-1-2] DEBUG org.asynchttpclient.netty.handler.HttpHandler - 

Request DefaultHttpRequest(decodeResult: success, version: HTTP/1.1)
POST /session/10777ac42811bf2b97c8eea6392eeb25/execute/sync HTTP/1.1
User-Agent: selenium/4.8.1 (java windows)
Content-Length: 176
Content-Type: application/json; charset=utf-8
host: localhost:1446
accept: */*

Response DefaultHttpResponse(decodeResult: success, version: HTTP/1.1)
HTTP/1.1 200 OK
Content-Length: 4286
Content-Type: application/json; charset=utf-8
cache-control: no-cache

07:20:51.068 [AsyncHttpClient-1-2] DEBUG org.asynchttpclient.netty.channel.ChannelManager - Adding key: http://localhost:1446 for channel [id: 0x10d08d29, L:/127.0.0.1:63110 - R:localhost/127.0.0.1:1446]
07:20:51.071 [Forwarding getCurrentUrl on session 10777ac42811bf2b97c8eea6392eeb25 to remote] DEBUG org.asynchttpclient.netty.request.NettyRequestSender - Using pooled Channel '[id: 0x10d08d29, L:/127.0.0.1:63110 - R:localhost/127.0.0.1:1446]' for 'GET' to 'http://localhost:1446/session/10777ac42811bf2b97c8eea6392eeb25/url'
07:20:51.071 [Forwarding getCurrentUrl on session 10777ac42811bf2b97c8eea6392eeb25 to remote] DEBUG org.asynchttpclient.netty.request.NettyRequestSender - Using open Channel [id: 0x10d08d29, L:/127.0.0.1:63110 - R:localhost/127.0.0.1:1446] for GET '/session/10777ac42811bf2b97c8eea6392eeb25/url'
07:20:51.076 [AsyncHttpClient-1-2] DEBUG org.asynchttpclient.netty.handler.HttpHandler - 

Request DefaultFullHttpRequest(decodeResult: success, version: HTTP/1.1, content: EmptyByteBufBE)
GET /session/10777ac42811bf2b97c8eea6392eeb25/url HTTP/1.1
User-Agent: selenium/4.8.1 (java windows)
Cache-Control: no-cache
Content-Type: application/json; charset=utf-8
host: localhost:1446
accept: */*

Response DefaultHttpResponse(decodeResult: success, version: HTTP/1.1)
HTTP/1.1 200 OK
Content-Length: 38
Content-Type: application/json; charset=utf-8
cache-control: no-cache

07:20:51.076 [AsyncHttpClient-1-2] DEBUG org.asynchttpclient.netty.channel.ChannelManager - Adding key: http://localhost:1446 for channel [id: 0x10d08d29, L:/127.0.0.1:63110 - R:localhost/127.0.0.1:1446]
07:20:51.087 [Forwarding getPageSource on session 10777ac42811bf2b97c8eea6392eeb25 to remote] DEBUG org.asynchttpclient.netty.request.NettyRequestSender - Using pooled Channel '[id: 0x10d08d29, L:/127.0.0.1:63110 - R:localhost/127.0.0.1:1446]' for 'POST' to 'http://localhost:1446/session/10777ac42811bf2b97c8eea6392eeb25/execute/sync'
07:20:51.087 [Forwarding getPageSource on session 10777ac42811bf2b97c8eea6392eeb25 to remote] DEBUG org.asynchttpclient.netty.request.NettyRequestSender - Using open Channel [id: 0x10d08d29, L:/127.0.0.1:63110 - R:localhost/127.0.0.1:1446] for POST '/session/10777ac42811bf2b97c8eea6392eeb25/execute/sync'
07:20:51.092 [AsyncHttpClient-1-2] DEBUG org.asynchttpclient.netty.handler.HttpHandler - 

Request DefaultHttpRequest(decodeResult: success, version: HTTP/1.1)
POST /session/10777ac42811bf2b97c8eea6392eeb25/execute/sync HTTP/1.1
User-Agent: selenium/4.8.1 (java windows)
Content-Length: 176
Content-Type: application/json; charset=utf-8
host: localhost:1446
accept: */*

Response DefaultHttpResponse(decodeResult: success, version: HTTP/1.1)
HTTP/1.1 200 OK
Content-Length: 4286
Content-Type: application/json; charset=utf-8
cache-control: no-cache

07:20:51.092 [AsyncHttpClient-1-2] DEBUG org.asynchttpclient.netty.channel.ChannelManager - Adding key: http://localhost:1446 for channel [id: 0x10d08d29, L:/127.0.0.1:63110 - R:localhost/127.0.0.1:1446]
07:20:51.095 [Forwarding getCurrentUrl on session 10777ac42811bf2b97c8eea6392eeb25 to remote] DEBUG org.asynchttpclient.netty.request.NettyRequestSender - Using pooled Channel '[id: 0x10d08d29, L:/127.0.0.1:63110 - R:localhost/127.0.0.1:1446]' for 'GET' to 'http://localhost:1446/session/10777ac42811bf2b97c8eea6392eeb25/url'
07:20:51.095 [Forwarding getCurrentUrl on session 10777ac42811bf2b97c8eea6392eeb25 to remote] DEBUG org.asynchttpclient.netty.request.NettyRequestSender - Using open Channel [id: 0x10d08d29, L:/127.0.0.1:63110 - R:localhost/127.0.0.1:1446] for GET '/session/10777ac42811bf2b97c8eea6392eeb25/url'
07:20:51.100 [AsyncHttpClient-1-2] DEBUG org.asynchttpclient.netty.handler.HttpHandler - 

Request DefaultFullHttpRequest(decodeResult: success, version: HTTP/1.1, content: EmptyByteBufBE)
GET /session/10777ac42811bf2b97c8eea6392eeb25/url HTTP/1.1
User-Agent: selenium/4.8.1 (java windows)
Cache-Control: no-cache
Content-Type: application/json; charset=utf-8
host: localhost:1446
accept: */*

Response DefaultHttpResponse(decodeResult: success, version: HTTP/1.1)
HTTP/1.1 200 OK
Content-Length: 38
Content-Type: application/json; charset=utf-8
cache-control: no-cache

07:20:51.100 [AsyncHttpClient-1-2] DEBUG org.asynchttpclient.netty.channel.ChannelManager - Adding key: http://localhost:1446 for channel [id: 0x10d08d29, L:/127.0.0.1:63110 - R:localhost/127.0.0.1:1446]
07:20:51.103 [main] DEBUG net.thucydides.core.steps.StepInterceptor - STARTING STEP: LoginSteps.iInputValidUsername - inputUsername
07:20:51.110 [Forwarding findElement on session 10777ac42811bf2b97c8eea6392eeb25 to remote] DEBUG org.asynchttpclient.netty.request.NettyRequestSender - Using pooled Channel '[id: 0x10d08d29, L:/127.0.0.1:63110 - R:localhost/127.0.0.1:1446]' for 'POST' to 'http://localhost:1446/session/10777ac42811bf2b97c8eea6392eeb25/element'
07:20:51.110 [Forwarding findElement on session 10777ac42811bf2b97c8eea6392eeb25 to remote] DEBUG org.asynchttpclient.netty.request.NettyRequestSender - Using open Channel [id: 0x10d08d29, L:/127.0.0.1:63110 - R:localhost/127.0.0.1:1446] for POST '/session/10777ac42811bf2b97c8eea6392eeb25/element'
07:20:51.123 [AsyncHttpClient-1-2] DEBUG org.asynchttpclient.netty.handler.HttpHandler - 

Request DefaultHttpRequest(decodeResult: success, version: HTTP/1.1)
POST /session/10777ac42811bf2b97c8eea6392eeb25/element HTTP/1.1
User-Agent: selenium/4.8.1 (java windows)
Content-Length: 56
Content-Type: application/json; charset=utf-8
host: localhost:1446
accept: */*

Response DefaultHttpResponse(decodeResult: success, version: HTTP/1.1)
HTTP/1.1 200 OK
Content-Length: 88
Content-Type: application/json; charset=utf-8
cache-control: no-cache

07:20:51.124 [AsyncHttpClient-1-2] DEBUG org.asynchttpclient.netty.channel.ChannelManager - Adding key: http://localhost:1446 for channel [id: 0x10d08d29, L:/127.0.0.1:63110 - R:localhost/127.0.0.1:1446]
07:20:51.126 [Forwarding clearElement on session 10777ac42811bf2b97c8eea6392eeb25 to remote] DEBUG org.asynchttpclient.netty.request.NettyRequestSender - Using pooled Channel '[id: 0x10d08d29, L:/127.0.0.1:63110 - R:localhost/127.0.0.1:1446]' for 'POST' to 'http://localhost:1446/session/10777ac42811bf2b97c8eea6392eeb25/element/c6588642-56cb-4168-a2af-ffb3d1aecb0a/clear'
07:20:51.126 [Forwarding clearElement on session 10777ac42811bf2b97c8eea6392eeb25 to remote] DEBUG org.asynchttpclient.netty.request.NettyRequestSender - Using open Channel [id: 0x10d08d29, L:/127.0.0.1:63110 - R:localhost/127.0.0.1:1446] for POST '/session/10777ac42811bf2b97c8eea6392eeb25/element/c6588642-56cb-4168-a2af-ffb3d1aecb0a/clear'
07:20:51.165 [AsyncHttpClient-1-2] DEBUG org.asynchttpclient.netty.handler.HttpHandler - 

Request DefaultHttpRequest(decodeResult: success, version: HTTP/1.1)
POST /session/10777ac42811bf2b97c8eea6392eeb25/element/c6588642-56cb-4168-a2af-ffb3d1aecb0a/clear HTTP/1.1
User-Agent: selenium/4.8.1 (java windows)
Content-Length: 50
Content-Type: application/json; charset=utf-8
host: localhost:1446
accept: */*

Response DefaultHttpResponse(decodeResult: success, version: HTTP/1.1)
HTTP/1.1 200 OK
Content-Length: 14
Content-Type: application/json; charset=utf-8
cache-control: no-cache

07:20:51.165 [AsyncHttpClient-1-2] DEBUG org.asynchttpclient.netty.channel.ChannelManager - Adding key: http://localhost:1446 for channel [id: 0x10d08d29, L:/127.0.0.1:63110 - R:localhost/127.0.0.1:1446]
07:20:51.169 [Forwarding sendKeysToElement on session 10777ac42811bf2b97c8eea6392eeb25 to remote] DEBUG org.asynchttpclient.netty.request.NettyRequestSender - Using pooled Channel '[id: 0x10d08d29, L:/127.0.0.1:63110 - R:localhost/127.0.0.1:1446]' for 'POST' to 'http://localhost:1446/session/10777ac42811bf2b97c8eea6392eeb25/element/c6588642-56cb-4168-a2af-ffb3d1aecb0a/value'
07:20:51.169 [Forwarding sendKeysToElement on session 10777ac42811bf2b97c8eea6392eeb25 to remote] DEBUG org.asynchttpclient.netty.request.NettyRequestSender - Using open Channel [id: 0x10d08d29, L:/127.0.0.1:63110 - R:localhost/127.0.0.1:1446] for POST '/session/10777ac42811bf2b97c8eea6392eeb25/element/c6588642-56cb-4168-a2af-ffb3d1aecb0a/value'
07:20:51.270 [AsyncHttpClient-1-2] DEBUG org.asynchttpclient.netty.handler.HttpHandler - 

Request DefaultHttpRequest(decodeResult: success, version: HTTP/1.1)
POST /session/10777ac42811bf2b97c8eea6392eeb25/element/c6588642-56cb-4168-a2af-ffb3d1aecb0a/value HTTP/1.1
User-Agent: selenium/4.8.1 (java windows)
Content-Length: 211
Content-Type: application/json; charset=utf-8
host: localhost:1446
accept: */*

Response DefaultHttpResponse(decodeResult: success, version: HTTP/1.1)
HTTP/1.1 200 OK
Content-Length: 14
Content-Type: application/json; charset=utf-8
cache-control: no-cache

07:20:51.274 [AsyncHttpClient-1-2] DEBUG org.asynchttpclient.netty.channel.ChannelManager - Adding key: http://localhost:1446 for channel [id: 0x10d08d29, L:/127.0.0.1:63110 - R:localhost/127.0.0.1:1446]
07:20:51.285 [Forwarding getAlertText on session 10777ac42811bf2b97c8eea6392eeb25 to remote] DEBUG org.asynchttpclient.netty.request.NettyRequestSender - Using pooled Channel '[id: 0x10d08d29, L:/127.0.0.1:63110 - R:localhost/127.0.0.1:1446]' for 'GET' to 'http://localhost:1446/session/10777ac42811bf2b97c8eea6392eeb25/alert/text'
07:20:51.285 [Forwarding getAlertText on session 10777ac42811bf2b97c8eea6392eeb25 to remote] DEBUG org.asynchttpclient.netty.request.NettyRequestSender - Using open Channel [id: 0x10d08d29, L:/127.0.0.1:63110 - R:localhost/127.0.0.1:1446] for GET '/session/10777ac42811bf2b97c8eea6392eeb25/alert/text'
07:20:51.287 [AsyncHttpClient-1-2] DEBUG org.asynchttpclient.netty.handler.HttpHandler - 

Request DefaultFullHttpRequest(decodeResult: success, version: HTTP/1.1, content: EmptyByteBufBE)
GET /session/10777ac42811bf2b97c8eea6392eeb25/alert/text HTTP/1.1
User-Agent: selenium/4.8.1 (java windows)
Cache-Control: no-cache
Content-Type: application/json; charset=utf-8
host: localhost:1446
accept: */*

Response DefaultHttpResponse(decodeResult: success, version: HTTP/1.1)
HTTP/1.1 404 Not Found
Content-Length: 821
Content-Type: application/json; charset=utf-8
cache-control: no-cache

07:20:51.288 [AsyncHttpClient-1-2] DEBUG org.asynchttpclient.netty.channel.ChannelManager - Adding key: http://localhost:1446 for channel [id: 0x10d08d29, L:/127.0.0.1:63110 - R:localhost/127.0.0.1:1446]
07:20:51.289 [Forwarding getCurrentUrl on session 10777ac42811bf2b97c8eea6392eeb25 to remote] DEBUG org.asynchttpclient.netty.request.NettyRequestSender - Using pooled Channel '[id: 0x10d08d29, L:/127.0.0.1:63110 - R:localhost/127.0.0.1:1446]' for 'GET' to 'http://localhost:1446/session/10777ac42811bf2b97c8eea6392eeb25/url'
07:20:51.289 [Forwarding getCurrentUrl on session 10777ac42811bf2b97c8eea6392eeb25 to remote] DEBUG org.asynchttpclient.netty.request.NettyRequestSender - Using open Channel [id: 0x10d08d29, L:/127.0.0.1:63110 - R:localhost/127.0.0.1:1446] for GET '/session/10777ac42811bf2b97c8eea6392eeb25/url'
07:20:51.294 [AsyncHttpClient-1-2] DEBUG org.asynchttpclient.netty.handler.HttpHandler - 

Request DefaultFullHttpRequest(decodeResult: success, version: HTTP/1.1, content: EmptyByteBufBE)
GET /session/10777ac42811bf2b97c8eea6392eeb25/url HTTP/1.1
User-Agent: selenium/4.8.1 (java windows)
Cache-Control: no-cache
Content-Type: application/json; charset=utf-8
host: localhost:1446
accept: */*

Response DefaultHttpResponse(decodeResult: success, version: HTTP/1.1)
HTTP/1.1 200 OK
Content-Length: 38
Content-Type: application/json; charset=utf-8
cache-control: no-cache

07:20:51.295 [AsyncHttpClient-1-2] DEBUG org.asynchttpclient.netty.channel.ChannelManager - Adding key: http://localhost:1446 for channel [id: 0x10d08d29, L:/127.0.0.1:63110 - R:localhost/127.0.0.1:1446]
07:20:51.296 [Forwarding screenshot on session 10777ac42811bf2b97c8eea6392eeb25 to remote] DEBUG org.asynchttpclient.netty.request.NettyRequestSender - Using pooled Channel '[id: 0x10d08d29, L:/127.0.0.1:63110 - R:localhost/127.0.0.1:1446]' for 'GET' to 'http://localhost:1446/session/10777ac42811bf2b97c8eea6392eeb25/screenshot'
07:20:51.296 [Forwarding screenshot on session 10777ac42811bf2b97c8eea6392eeb25 to remote] DEBUG org.asynchttpclient.netty.request.NettyRequestSender - Using open Channel [id: 0x10d08d29, L:/127.0.0.1:63110 - R:localhost/127.0.0.1:1446] for GET '/session/10777ac42811bf2b97c8eea6392eeb25/screenshot'
07:20:51.395 [AsyncHttpClient-1-2] DEBUG org.asynchttpclient.netty.handler.HttpHandler - 

Request DefaultFullHttpRequest(decodeResult: success, version: HTTP/1.1, content: EmptyByteBufBE)
GET /session/10777ac42811bf2b97c8eea6392eeb25/screenshot HTTP/1.1
User-Agent: selenium/4.8.1 (java windows)
Cache-Control: no-cache
Content-Type: application/json; charset=utf-8
host: localhost:1446
accept: */*

Response DefaultHttpResponse(decodeResult: success, version: HTTP/1.1)
HTTP/1.1 200 OK
Content-Length: 48524
Content-Type: application/json; charset=utf-8
cache-control: no-cache

07:20:51.396 [AsyncHttpClient-1-2] DEBUG org.asynchttpclient.netty.channel.ChannelManager - Adding key: http://localhost:1446 for channel [id: 0x10d08d29, L:/127.0.0.1:63110 - R:localhost/127.0.0.1:1446]
07:20:51.399 [main] DEBUG net.serenitybdd.core.photography.Darkroom - Send negative for processing for target\site\serenity\2e2830db27d1deee2339ec44777051016b8b46fb3a911dc9e05b4ce75b0650e2.png
07:20:51.399 [Darkroom Processing Line] DEBUG net.serenitybdd.core.photography.DarkroomProcessingLine - Processing screenshot image in /var/screenshots/screenshot-5701990862450677978
07:20:51.399 [main] DEBUG net.thucydides.core.steps.StepInterceptor - STEP DONE: inputUsername
07:20:51.399 [Darkroom Processing Line] DEBUG net.serenitybdd.core.photography.DarkroomProcessingLine - Saving screenshot to target\site\serenity\2e2830db27d1deee2339ec44777051016b8b46fb3a911dc9e05b4ce75b0650e2.png
  &amp#27;[32mWhen &amp#27;[0m&amp#27;[32mI input valid &amp#27;[0m&amp#27;[32m&amp#27;[1m"standard_user"&amp#27;[0m&amp#27;[32m username&amp#27;[0m             &amp#27;[90m# starter.stepdefinitions.LoginSteps.iInputValidUsername(java.lang.String)&amp#27;[0m
07:20:51.409 [Forwarding getPageSource on session 10777ac42811bf2b97c8eea6392eeb25 to remote] DEBUG org.asynchttpclient.netty.request.NettyRequestSender - Using pooled Channel '[id: 0x10d08d29, L:/127.0.0.1:63110 - R:localhost/127.0.0.1:1446]' for 'POST' to 'http://localhost:1446/session/10777ac42811bf2b97c8eea6392eeb25/execute/sync'
07:20:51.409 [Forwarding getPageSource on session 10777ac42811bf2b97c8eea6392eeb25 to remote] DEBUG org.asynchttpclient.netty.request.NettyRequestSender - Using open Channel [id: 0x10d08d29, L:/127.0.0.1:63110 - R:localhost/127.0.0.1:1446] for POST '/session/10777ac42811bf2b97c8eea6392eeb25/execute/sync'
07:20:51.415 [AsyncHttpClient-1-2] DEBUG org.asynchttpclient.netty.handler.HttpHandler - 

Request DefaultHttpRequest(decodeResult: success, version: HTTP/1.1)
POST /session/10777ac42811bf2b97c8eea6392eeb25/execute/sync HTTP/1.1
User-Agent: selenium/4.8.1 (java windows)
Content-Length: 176
Content-Type: application/json; charset=utf-8
host: localhost:1446
accept: */*

Response DefaultHttpResponse(decodeResult: success, version: HTTP/1.1)
HTTP/1.1 200 OK
Content-Length: 4299
Content-Type: application/json; charset=utf-8
cache-control: no-cache

07:20:51.415 [AsyncHttpClient-1-2] DEBUG org.asynchttpclient.netty.channel.ChannelManager - Adding key: http://localhost:1446 for channel [id: 0x10d08d29, L:/127.0.0.1:63110 - R:localhost/127.0.0.1:1446]
07:20:51.418 [Forwarding getCurrentUrl on session 10777ac42811bf2b97c8eea6392eeb25 to remote] DEBUG org.asynchttpclient.netty.request.NettyRequestSender - Using pooled Channel '[id: 0x10d08d29, L:/127.0.0.1:63110 - R:localhost/127.0.0.1:1446]' for 'GET' to 'http://localhost:1446/session/10777ac42811bf2b97c8eea6392eeb25/url'
07:20:51.418 [Forwarding getCurrentUrl on session 10777ac42811bf2b97c8eea6392eeb25 to remote] DEBUG org.asynchttpclient.netty.request.NettyRequestSender - Using open Channel [id: 0x10d08d29, L:/127.0.0.1:63110 - R:localhost/127.0.0.1:1446] for GET '/session/10777ac42811bf2b97c8eea6392eeb25/url'
07:20:51.423 [AsyncHttpClient-1-2] DEBUG org.asynchttpclient.netty.handler.HttpHandler - 

Request DefaultFullHttpRequest(decodeResult: success, version: HTTP/1.1, content: EmptyByteBufBE)
GET /session/10777ac42811bf2b97c8eea6392eeb25/url HTTP/1.1
User-Agent: selenium/4.8.1 (java windows)
Cache-Control: no-cache
Content-Type: application/json; charset=utf-8
host: localhost:1446
accept: */*

Response DefaultHttpResponse(decodeResult: success, version: HTTP/1.1)
HTTP/1.1 200 OK
Content-Length: 38
Content-Type: application/json; charset=utf-8
cache-control: no-cache

07:20:51.424 [AsyncHttpClient-1-2] DEBUG org.asynchttpclient.netty.channel.ChannelManager - Adding key: http://localhost:1446 for channel [id: 0x10d08d29, L:/127.0.0.1:63110 - R:localhost/127.0.0.1:1446]
07:20:51.436 [Forwarding getPageSource on session 10777ac42811bf2b97c8eea6392eeb25 to remote] DEBUG org.asynchttpclient.netty.request.NettyRequestSender - Using pooled Channel '[id: 0x10d08d29, L:/127.0.0.1:63110 - R:localhost/127.0.0.1:1446]' for 'POST' to 'http://localhost:1446/session/10777ac42811bf2b97c8eea6392eeb25/execute/sync'
07:20:51.436 [Forwarding getPageSource on session 10777ac42811bf2b97c8eea6392eeb25 to remote] DEBUG org.asynchttpclient.netty.request.NettyRequestSender - Using open Channel [id: 0x10d08d29, L:/127.0.0.1:63110 - R:localhost/127.0.0.1:1446] for POST '/session/10777ac42811bf2b97c8eea6392eeb25/execute/sync'
07:20:51.442 [AsyncHttpClient-1-2] DEBUG org.asynchttpclient.netty.handler.HttpHandler - 

Request DefaultHttpRequest(decodeResult: success, version: HTTP/1.1)
POST /session/10777ac42811bf2b97c8eea6392eeb25/execute/sync HTTP/1.1
User-Agent: selenium/4.8.1 (java windows)
Content-Length: 176
Content-Type: application/json; charset=utf-8
host: localhost:1446
accept: */*

Response DefaultHttpResponse(decodeResult: success, version: HTTP/1.1)
HTTP/1.1 200 OK
Content-Length: 4299
Content-Type: application/json; charset=utf-8
cache-control: no-cache

07:20:51.442 [AsyncHttpClient-1-2] DEBUG org.asynchttpclient.netty.channel.ChannelManager - Adding key: http://localhost:1446 for channel [id: 0x10d08d29, L:/127.0.0.1:63110 - R:localhost/127.0.0.1:1446]
07:20:51.444 [Forwarding getCurrentUrl on session 10777ac42811bf2b97c8eea6392eeb25 to remote] DEBUG org.asynchttpclient.netty.request.NettyRequestSender - Using pooled Channel '[id: 0x10d08d29, L:/127.0.0.1:63110 - R:localhost/127.0.0.1:1446]' for 'GET' to 'http://localhost:1446/session/10777ac42811bf2b97c8eea6392eeb25/url'
07:20:51.445 [Forwarding getCurrentUrl on session 10777ac42811bf2b97c8eea6392eeb25 to remote] DEBUG org.asynchttpclient.netty.request.NettyRequestSender - Using open Channel [id: 0x10d08d29, L:/127.0.0.1:63110 - R:localhost/127.0.0.1:1446] for GET '/session/10777ac42811bf2b97c8eea6392eeb25/url'
07:20:51.450 [AsyncHttpClient-1-2] DEBUG org.asynchttpclient.netty.handler.HttpHandler - 

Request DefaultFullHttpRequest(decodeResult: success, version: HTTP/1.1, content: EmptyByteBufBE)
GET /session/10777ac42811bf2b97c8eea6392eeb25/url HTTP/1.1
User-Agent: selenium/4.8.1 (java windows)
Cache-Control: no-cache
Content-Type: application/json; charset=utf-8
host: localhost:1446
accept: */*

Response DefaultHttpResponse(decodeResult: success, version: HTTP/1.1)
HTTP/1.1 200 OK
Content-Length: 38
Content-Type: application/json; charset=utf-8
cache-control: no-cache

07:20:51.450 [AsyncHttpClient-1-2] DEBUG org.asynchttpclient.netty.channel.ChannelManager - Adding key: http://localhost:1446 for channel [id: 0x10d08d29, L:/127.0.0.1:63110 - R:localhost/127.0.0.1:1446]
07:20:51.452 [main] DEBUG net.thucydides.core.steps.StepInterceptor - STARTING STEP: LoginSteps.inputValidPassword - inputPassword
07:20:51.454 [Forwarding findElement on session 10777ac42811bf2b97c8eea6392eeb25 to remote] DEBUG org.asynchttpclient.netty.request.NettyRequestSender - Using pooled Channel '[id: 0x10d08d29, L:/127.0.0.1:63110 - R:localhost/127.0.0.1:1446]' for 'POST' to 'http://localhost:1446/session/10777ac42811bf2b97c8eea6392eeb25/element'
07:20:51.454 [Forwarding findElement on session 10777ac42811bf2b97c8eea6392eeb25 to remote] DEBUG org.asynchttpclient.netty.request.NettyRequestSender - Using open Channel [id: 0x10d08d29, L:/127.0.0.1:63110 - R:localhost/127.0.0.1:1446] for POST '/session/10777ac42811bf2b97c8eea6392eeb25/element'
07:20:51.466 [AsyncHttpClient-1-2] DEBUG org.asynchttpclient.netty.handler.HttpHandler - 

Request DefaultHttpRequest(decodeResult: success, version: HTTP/1.1)
POST /session/10777ac42811bf2b97c8eea6392eeb25/element HTTP/1.1
User-Agent: selenium/4.8.1 (java windows)
Content-Length: 53
Content-Type: application/json; charset=utf-8
host: localhost:1446
accept: */*

Response DefaultHttpResponse(decodeResult: success, version: HTTP/1.1)
HTTP/1.1 200 OK
Content-Length: 88
Content-Type: application/json; charset=utf-8
cache-control: no-cache

07:20:51.466 [AsyncHttpClient-1-2] DEBUG org.asynchttpclient.netty.channel.ChannelManager - Adding key: http://localhost:1446 for channel [id: 0x10d08d29, L:/127.0.0.1:63110 - R:localhost/127.0.0.1:1446]
07:20:51.468 [Forwarding clearElement on session 10777ac42811bf2b97c8eea6392eeb25 to remote] DEBUG org.asynchttpclient.netty.request.NettyRequestSender - Using pooled Channel '[id: 0x10d08d29, L:/127.0.0.1:63110 - R:localhost/127.0.0.1:1446]' for 'POST' to 'http://localhost:1446/session/10777ac42811bf2b97c8eea6392eeb25/element/c9500dcb-a521-477e-af5f-bf50f509a471/clear'
07:20:51.468 [Forwarding clearElement on session 10777ac42811bf2b97c8eea6392eeb25 to remote] DEBUG org.asynchttpclient.netty.request.NettyRequestSender - Using open Channel [id: 0x10d08d29, L:/127.0.0.1:63110 - R:localhost/127.0.0.1:1446] for POST '/session/10777ac42811bf2b97c8eea6392eeb25/element/c9500dcb-a521-477e-af5f-bf50f509a471/clear'
07:20:51.498 [AsyncHttpClient-1-2] DEBUG org.asynchttpclient.netty.handler.HttpHandler - 

Request DefaultHttpRequest(decodeResult: success, version: HTTP/1.1)
POST /session/10777ac42811bf2b97c8eea6392eeb25/element/c9500dcb-a521-477e-af5f-bf50f509a471/clear HTTP/1.1
User-Agent: selenium/4.8.1 (java windows)
Content-Length: 50
Content-Type: application/json; charset=utf-8
host: localhost:1446
accept: */*

Response DefaultHttpResponse(decodeResult: success, version: HTTP/1.1)
HTTP/1.1 200 OK
Content-Length: 14
Content-Type: application/json; charset=utf-8
cache-control: no-cache

07:20:51.498 [AsyncHttpClient-1-2] DEBUG org.asynchttpclient.netty.channel.ChannelManager - Adding key: http://localhost:1446 for channel [id: 0x10d08d29, L:/127.0.0.1:63110 - R:localhost/127.0.0.1:1446]
07:20:51.500 [Forwarding sendKeysToElement on session 10777ac42811bf2b97c8eea6392eeb25 to remote] DEBUG org.asynchttpclient.netty.request.NettyRequestSender - Using pooled Channel '[id: 0x10d08d29, L:/127.0.0.1:63110 - R:localhost/127.0.0.1:1446]' for 'POST' to 'http://localhost:1446/session/10777ac42811bf2b97c8eea6392eeb25/element/c9500dcb-a521-477e-af5f-bf50f509a471/value'
07:20:51.500 [Forwarding sendKeysToElement on session 10777ac42811bf2b97c8eea6392eeb25 to remote] DEBUG org.asynchttpclient.netty.request.NettyRequestSender - Using open Channel [id: 0x10d08d29, L:/127.0.0.1:63110 - R:localhost/127.0.0.1:1446] for POST '/session/10777ac42811bf2b97c8eea6392eeb25/element/c9500dcb-a521-477e-af5f-bf50f509a471/value'
07:20:51.558 [AsyncHttpClient-1-2] DEBUG org.asynchttpclient.netty.handler.HttpHandler - 

Request DefaultHttpRequest(decodeResult: success, version: HTTP/1.1)
POST /session/10777ac42811bf2b97c8eea6392eeb25/element/c9500dcb-a521-477e-af5f-bf50f509a471/value HTTP/1.1
User-Agent: selenium/4.8.1 (java windows)
Content-Length: 201
Content-Type: application/json; charset=utf-8
host: localhost:1446
accept: */*

Response DefaultHttpResponse(decodeResult: success, version: HTTP/1.1)
HTTP/1.1 200 OK
Content-Length: 14
Content-Type: application/json; charset=utf-8
cache-control: no-cache

07:20:51.559 [AsyncHttpClient-1-2] DEBUG org.asynchttpclient.netty.channel.ChannelManager - Adding key: http://localhost:1446 for channel [id: 0x10d08d29, L:/127.0.0.1:63110 - R:localhost/127.0.0.1:1446]
07:20:51.566 [Forwarding getAlertText on session 10777ac42811bf2b97c8eea6392eeb25 to remote] DEBUG org.asynchttpclient.netty.request.NettyRequestSender - Using pooled Channel '[id: 0x10d08d29, L:/127.0.0.1:63110 - R:localhost/127.0.0.1:1446]' for 'GET' to 'http://localhost:1446/session/10777ac42811bf2b97c8eea6392eeb25/alert/text'
07:20:51.567 [Forwarding getAlertText on session 10777ac42811bf2b97c8eea6392eeb25 to remote] DEBUG org.asynchttpclient.netty.request.NettyRequestSender - Using open Channel [id: 0x10d08d29, L:/127.0.0.1:63110 - R:localhost/127.0.0.1:1446] for GET '/session/10777ac42811bf2b97c8eea6392eeb25/alert/text'
07:20:51.569 [AsyncHttpClient-1-2] DEBUG org.asynchttpclient.netty.handler.HttpHandler - 

Request DefaultFullHttpRequest(decodeResult: success, version: HTTP/1.1, content: EmptyByteBufBE)
GET /session/10777ac42811bf2b97c8eea6392eeb25/alert/text HTTP/1.1
User-Agent: selenium/4.8.1 (java windows)
Cache-Control: no-cache
Content-Type: application/json; charset=utf-8
host: localhost:1446
accept: */*

Response DefaultHttpResponse(decodeResult: success, version: HTTP/1.1)
HTTP/1.1 404 Not Found
Content-Length: 821
Content-Type: application/json; charset=utf-8
cache-control: no-cache

07:20:51.569 [AsyncHttpClient-1-2] DEBUG org.asynchttpclient.netty.channel.ChannelManager - Adding key: http://localhost:1446 for channel [id: 0x10d08d29, L:/127.0.0.1:63110 - R:localhost/127.0.0.1:1446]
07:20:51.570 [Forwarding getCurrentUrl on session 10777ac42811bf2b97c8eea6392eeb25 to remote] DEBUG org.asynchttpclient.netty.request.NettyRequestSender - Using pooled Channel '[id: 0x10d08d29, L:/127.0.0.1:63110 - R:localhost/127.0.0.1:1446]' for 'GET' to 'http://localhost:1446/session/10777ac42811bf2b97c8eea6392eeb25/url'
07:20:51.570 [Forwarding getCurrentUrl on session 10777ac42811bf2b97c8eea6392eeb25 to remote] DEBUG org.asynchttpclient.netty.request.NettyRequestSender - Using open Channel [id: 0x10d08d29, L:/127.0.0.1:63110 - R:localhost/127.0.0.1:1446] for GET '/session/10777ac42811bf2b97c8eea6392eeb25/url'
07:20:51.575 [AsyncHttpClient-1-2] DEBUG org.asynchttpclient.netty.handler.HttpHandler - 

Request DefaultFullHttpRequest(decodeResult: success, version: HTTP/1.1, content: EmptyByteBufBE)
GET /session/10777ac42811bf2b97c8eea6392eeb25/url HTTP/1.1
User-Agent: selenium/4.8.1 (java windows)
Cache-Control: no-cache
Content-Type: application/json; charset=utf-8
host: localhost:1446
accept: */*

Response DefaultHttpResponse(decodeResult: success, version: HTTP/1.1)
HTTP/1.1 200 OK
Content-Length: 38
Content-Type: application/json; charset=utf-8
cache-control: no-cache

07:20:51.575 [AsyncHttpClient-1-2] DEBUG org.asynchttpclient.netty.channel.ChannelManager - Adding key: http://localhost:1446 for channel [id: 0x10d08d29, L:/127.0.0.1:63110 - R:localhost/127.0.0.1:1446]
07:20:51.577 [Forwarding screenshot on session 10777ac42811bf2b97c8eea6392eeb25 to remote] DEBUG org.asynchttpclient.netty.request.NettyRequestSender - Using pooled Channel '[id: 0x10d08d29, L:/127.0.0.1:63110 - R:localhost/127.0.0.1:1446]' for 'GET' to 'http://localhost:1446/session/10777ac42811bf2b97c8eea6392eeb25/screenshot'
07:20:51.577 [Forwarding screenshot on session 10777ac42811bf2b97c8eea6392eeb25 to remote] DEBUG org.asynchttpclient.netty.request.NettyRequestSender - Using open Channel [id: 0x10d08d29, L:/127.0.0.1:63110 - R:localhost/127.0.0.1:1446] for GET '/session/10777ac42811bf2b97c8eea6392eeb25/screenshot'
07:20:51.663 [AsyncHttpClient-1-1] DEBUG org.asynchttpclient.netty.channel.DefaultChannelPool - Entry count for : http://localhost:63111 : 1
07:20:51.677 [AsyncHttpClient-1-2] DEBUG org.asynchttpclient.netty.handler.HttpHandler - 

Request DefaultFullHttpRequest(decodeResult: success, version: HTTP/1.1, content: EmptyByteBufBE)
GET /session/10777ac42811bf2b97c8eea6392eeb25/screenshot HTTP/1.1
User-Agent: selenium/4.8.1 (java windows)
Cache-Control: no-cache
Content-Type: application/json; charset=utf-8
host: localhost:1446
accept: */*

Response DefaultHttpResponse(decodeResult: success, version: HTTP/1.1)
HTTP/1.1 200 OK
Content-Length: 46220
Content-Type: application/json; charset=utf-8
cache-control: no-cache

07:20:51.678 [AsyncHttpClient-1-2] DEBUG org.asynchttpclient.netty.channel.ChannelManager - Adding key: http://localhost:1446 for channel [id: 0x10d08d29, L:/127.0.0.1:63110 - R:localhost/127.0.0.1:1446]
07:20:51.682 [main] DEBUG net.serenitybdd.core.photography.Darkroom - Send negative for processing for target\site\serenity\b5aac284205726c0d5f55e71292bd9229528158987e65906b90fa11edd6695f6.png
07:20:51.683 [main] DEBUG net.thucydides.core.steps.StepInterceptor - STEP DONE: inputPassword
07:20:51.683 [Darkroom Processing Line] DEBUG net.serenitybdd.core.photography.DarkroomProcessingLine - Processing screenshot image in /var/screenshots/screenshot-17768055713098549464
07:20:51.683 [Darkroom Processing Line] DEBUG net.serenitybdd.core.photography.DarkroomProcessingLine - Saving screenshot to target\site\serenity\b5aac284205726c0d5f55e71292bd9229528158987e65906b90fa11edd6695f6.png
  &amp#27;[32mAnd &amp#27;[0m&amp#27;[32mI input valid password&amp#27;[0m                              &amp#27;[90m# starter.stepdefinitions.LoginSteps.inputValidPassword()&amp#27;[0m
07:20:51.692 [Forwarding getPageSource on session 10777ac42811bf2b97c8eea6392eeb25 to remote] DEBUG org.asynchttpclient.netty.request.NettyRequestSender - Using pooled Channel '[id: 0x10d08d29, L:/127.0.0.1:63110 - R:localhost/127.0.0.1:1446]' for 'POST' to 'http://localhost:1446/session/10777ac42811bf2b97c8eea6392eeb25/execute/sync'
07:20:51.693 [Forwarding getPageSource on session 10777ac42811bf2b97c8eea6392eeb25 to remote] DEBUG org.asynchttpclient.netty.request.NettyRequestSender - Using open Channel [id: 0x10d08d29, L:/127.0.0.1:63110 - R:localhost/127.0.0.1:1446] for POST '/session/10777ac42811bf2b97c8eea6392eeb25/execute/sync'
07:20:51.699 [AsyncHttpClient-1-2] DEBUG org.asynchttpclient.netty.handler.HttpHandler - 

Request DefaultHttpRequest(decodeResult: success, version: HTTP/1.1)
POST /session/10777ac42811bf2b97c8eea6392eeb25/execute/sync HTTP/1.1
User-Agent: selenium/4.8.1 (java windows)
Content-Length: 176
Content-Type: application/json; charset=utf-8
host: localhost:1446
accept: */*

Response DefaultHttpResponse(decodeResult: success, version: HTTP/1.1)
HTTP/1.1 200 OK
Content-Length: 4311
Content-Type: application/json; charset=utf-8
cache-control: no-cache

07:20:51.699 [AsyncHttpClient-1-2] DEBUG org.asynchttpclient.netty.channel.ChannelManager - Adding key: http://localhost:1446 for channel [id: 0x10d08d29, L:/127.0.0.1:63110 - R:localhost/127.0.0.1:1446]
07:20:51.702 [Forwarding getCurrentUrl on session 10777ac42811bf2b97c8eea6392eeb25 to remote] DEBUG org.asynchttpclient.netty.request.NettyRequestSender - Using pooled Channel '[id: 0x10d08d29, L:/127.0.0.1:63110 - R:localhost/127.0.0.1:1446]' for 'GET' to 'http://localhost:1446/session/10777ac42811bf2b97c8eea6392eeb25/url'
07:20:51.702 [Forwarding getCurrentUrl on session 10777ac42811bf2b97c8eea6392eeb25 to remote] DEBUG org.asynchttpclient.netty.request.NettyRequestSender - Using open Channel [id: 0x10d08d29, L:/127.0.0.1:63110 - R:localhost/127.0.0.1:1446] for GET '/session/10777ac42811bf2b97c8eea6392eeb25/url'
07:20:51.708 [AsyncHttpClient-1-2] DEBUG org.asynchttpclient.netty.handler.HttpHandler - 

Request DefaultFullHttpRequest(decodeResult: success, version: HTTP/1.1, content: EmptyByteBufBE)
GET /session/10777ac42811bf2b97c8eea6392eeb25/url HTTP/1.1
User-Agent: selenium/4.8.1 (java windows)
Cache-Control: no-cache
Content-Type: application/json; charset=utf-8
host: localhost:1446
accept: */*

Response DefaultHttpResponse(decodeResult: success, version: HTTP/1.1)
HTTP/1.1 200 OK
Content-Length: 38
Content-Type: application/json; charset=utf-8
cache-control: no-cache

07:20:51.708 [AsyncHttpClient-1-2] DEBUG org.asynchttpclient.netty.channel.ChannelManager - Adding key: http://localhost:1446 for channel [id: 0x10d08d29, L:/127.0.0.1:63110 - R:localhost/127.0.0.1:1446]
07:20:51.719 [Forwarding getPageSource on session 10777ac42811bf2b97c8eea6392eeb25 to remote] DEBUG org.asynchttpclient.netty.request.NettyRequestSender - Using pooled Channel '[id: 0x10d08d29, L:/127.0.0.1:63110 - R:localhost/127.0.0.1:1446]' for 'POST' to 'http://localhost:1446/session/10777ac42811bf2b97c8eea6392eeb25/execute/sync'
07:20:51.719 [Forwarding getPageSource on session 10777ac42811bf2b97c8eea6392eeb25 to remote] DEBUG org.asynchttpclient.netty.request.NettyRequestSender - Using open Channel [id: 0x10d08d29, L:/127.0.0.1:63110 - R:localhost/127.0.0.1:1446] for POST '/session/10777ac42811bf2b97c8eea6392eeb25/execute/sync'
07:20:51.725 [AsyncHttpClient-1-2] DEBUG org.asynchttpclient.netty.handler.HttpHandler - 

Request DefaultHttpRequest(decodeResult: success, version: HTTP/1.1)
POST /session/10777ac42811bf2b97c8eea6392eeb25/execute/sync HTTP/1.1
User-Agent: selenium/4.8.1 (java windows)
Content-Length: 176
Content-Type: application/json; charset=utf-8
host: localhost:1446
accept: */*

Response DefaultHttpResponse(decodeResult: success, version: HTTP/1.1)
HTTP/1.1 200 OK
Content-Length: 4311
Content-Type: application/json; charset=utf-8
cache-control: no-cache

07:20:51.726 [AsyncHttpClient-1-2] DEBUG org.asynchttpclient.netty.channel.ChannelManager - Adding key: http://localhost:1446 for channel [id: 0x10d08d29, L:/127.0.0.1:63110 - R:localhost/127.0.0.1:1446]
07:20:51.729 [Forwarding getCurrentUrl on session 10777ac42811bf2b97c8eea6392eeb25 to remote] DEBUG org.asynchttpclient.netty.request.NettyRequestSender - Using pooled Channel '[id: 0x10d08d29, L:/127.0.0.1:63110 - R:localhost/127.0.0.1:1446]' for 'GET' to 'http://localhost:1446/session/10777ac42811bf2b97c8eea6392eeb25/url'
07:20:51.729 [Forwarding getCurrentUrl on session 10777ac42811bf2b97c8eea6392eeb25 to remote] DEBUG org.asynchttpclient.netty.request.NettyRequestSender - Using open Channel [id: 0x10d08d29, L:/127.0.0.1:63110 - R:localhost/127.0.0.1:1446] for GET '/session/10777ac42811bf2b97c8eea6392eeb25/url'
07:20:51.734 [AsyncHttpClient-1-2] DEBUG org.asynchttpclient.netty.handler.HttpHandler - 

Request DefaultFullHttpRequest(decodeResult: success, version: HTTP/1.1, content: EmptyByteBufBE)
GET /session/10777ac42811bf2b97c8eea6392eeb25/url HTTP/1.1
User-Agent: selenium/4.8.1 (java windows)
Cache-Control: no-cache
Content-Type: application/json; charset=utf-8
host: localhost:1446
accept: */*

Response DefaultHttpResponse(decodeResult: success, version: HTTP/1.1)
HTTP/1.1 200 OK
Content-Length: 38
Content-Type: application/json; charset=utf-8
cache-control: no-cache

07:20:51.735 [AsyncHttpClient-1-2] DEBUG org.asynchttpclient.netty.channel.ChannelManager - Adding key: http://localhost:1446 for channel [id: 0x10d08d29, L:/127.0.0.1:63110 - R:localhost/127.0.0.1:1446]
07:20:51.737 [main] DEBUG net.thucydides.core.steps.StepInterceptor - STARTING STEP: LoginSteps.clickLoginButton - clickLoginButton
07:20:51.742 [Forwarding findElement on session 10777ac42811bf2b97c8eea6392eeb25 to remote] DEBUG org.asynchttpclient.netty.request.NettyRequestSender - Using pooled Channel '[id: 0x10d08d29, L:/127.0.0.1:63110 - R:localhost/127.0.0.1:1446]' for 'POST' to 'http://localhost:1446/session/10777ac42811bf2b97c8eea6392eeb25/element'
07:20:51.742 [Forwarding findElement on session 10777ac42811bf2b97c8eea6392eeb25 to remote] DEBUG org.asynchttpclient.netty.request.NettyRequestSender - Using open Channel [id: 0x10d08d29, L:/127.0.0.1:63110 - R:localhost/127.0.0.1:1446] for POST '/session/10777ac42811bf2b97c8eea6392eeb25/element'
07:20:51.751 [AsyncHttpClient-1-2] DEBUG org.asynchttpclient.netty.handler.HttpHandler - 

Request DefaultHttpRequest(decodeResult: success, version: HTTP/1.1)
POST /session/10777ac42811bf2b97c8eea6392eeb25/element HTTP/1.1
User-Agent: selenium/4.8.1 (java windows)
Content-Length: 59
Content-Type: application/json; charset=utf-8
host: localhost:1446
accept: */*

Response DefaultHttpResponse(decodeResult: success, version: HTTP/1.1)
HTTP/1.1 200 OK
Content-Length: 88
Content-Type: application/json; charset=utf-8
cache-control: no-cache

07:20:51.751 [AsyncHttpClient-1-2] DEBUG org.asynchttpclient.netty.channel.ChannelManager - Adding key: http://localhost:1446 for channel [id: 0x10d08d29, L:/127.0.0.1:63110 - R:localhost/127.0.0.1:1446]
07:20:51.754 [Forwarding getElementTagName on session 10777ac42811bf2b97c8eea6392eeb25 to remote] DEBUG org.asynchttpclient.netty.request.NettyRequestSender - Using pooled Channel '[id: 0x10d08d29, L:/127.0.0.1:63110 - R:localhost/127.0.0.1:1446]' for 'GET' to 'http://localhost:1446/session/10777ac42811bf2b97c8eea6392eeb25/element/321c9b45-1605-4317-9f51-eeb7fcd668f1/name'
07:20:51.754 [Forwarding getElementTagName on session 10777ac42811bf2b97c8eea6392eeb25 to remote] DEBUG org.asynchttpclient.netty.request.NettyRequestSender - Using open Channel [id: 0x10d08d29, L:/127.0.0.1:63110 - R:localhost/127.0.0.1:1446] for GET '/session/10777ac42811bf2b97c8eea6392eeb25/element/321c9b45-1605-4317-9f51-eeb7fcd668f1/name'
07:20:51.760 [AsyncHttpClient-1-2] DEBUG org.asynchttpclient.netty.handler.HttpHandler - 

Request DefaultFullHttpRequest(decodeResult: success, version: HTTP/1.1, content: EmptyByteBufBE)
GET /session/10777ac42811bf2b97c8eea6392eeb25/element/321c9b45-1605-4317-9f51-eeb7fcd668f1/name HTTP/1.1
User-Agent: selenium/4.8.1 (java windows)
Cache-Control: no-cache
Content-Type: application/json; charset=utf-8
host: localhost:1446
accept: */*

Response DefaultHttpResponse(decodeResult: success, version: HTTP/1.1)
HTTP/1.1 200 OK
Content-Length: 17
Content-Type: application/json; charset=utf-8
cache-control: no-cache

07:20:51.760 [AsyncHttpClient-1-2] DEBUG org.asynchttpclient.netty.channel.ChannelManager - Adding key: http://localhost:1446 for channel [id: 0x10d08d29, L:/127.0.0.1:63110 - R:localhost/127.0.0.1:1446]
07:20:51.762 [Forwarding getElementTagName on session 10777ac42811bf2b97c8eea6392eeb25 to remote] DEBUG org.asynchttpclient.netty.request.NettyRequestSender - Using pooled Channel '[id: 0x10d08d29, L:/127.0.0.1:63110 - R:localhost/127.0.0.1:1446]' for 'GET' to 'http://localhost:1446/session/10777ac42811bf2b97c8eea6392eeb25/element/321c9b45-1605-4317-9f51-eeb7fcd668f1/name'
07:20:51.762 [Forwarding getElementTagName on session 10777ac42811bf2b97c8eea6392eeb25 to remote] DEBUG org.asynchttpclient.netty.request.NettyRequestSender - Using open Channel [id: 0x10d08d29, L:/127.0.0.1:63110 - R:localhost/127.0.0.1:1446] for GET '/session/10777ac42811bf2b97c8eea6392eeb25/element/321c9b45-1605-4317-9f51-eeb7fcd668f1/name'
07:20:51.767 [AsyncHttpClient-1-2] DEBUG org.asynchttpclient.netty.handler.HttpHandler - 

Request DefaultFullHttpRequest(decodeResult: success, version: HTTP/1.1, content: EmptyByteBufBE)
GET /session/10777ac42811bf2b97c8eea6392eeb25/element/321c9b45-1605-4317-9f51-eeb7fcd668f1/name HTTP/1.1
User-Agent: selenium/4.8.1 (java windows)
Cache-Control: no-cache
Content-Type: application/json; charset=utf-8
host: localhost:1446
accept: */*

Response DefaultHttpResponse(decodeResult: success, version: HTTP/1.1)
HTTP/1.1 200 OK
Content-Length: 17
Content-Type: application/json; charset=utf-8
cache-control: no-cache

07:20:51.767 [AsyncHttpClient-1-2] DEBUG org.asynchttpclient.netty.channel.ChannelManager - Adding key: http://localhost:1446 for channel [id: 0x10d08d29, L:/127.0.0.1:63110 - R:localhost/127.0.0.1:1446]
07:20:51.771 [Forwarding isElementEnabled on session 10777ac42811bf2b97c8eea6392eeb25 to remote] DEBUG org.asynchttpclient.netty.request.NettyRequestSender - Using pooled Channel '[id: 0x10d08d29, L:/127.0.0.1:63110 - R:localhost/127.0.0.1:1446]' for 'GET' to 'http://localhost:1446/session/10777ac42811bf2b97c8eea6392eeb25/element/321c9b45-1605-4317-9f51-eeb7fcd668f1/enabled'
07:20:51.771 [Forwarding isElementEnabled on session 10777ac42811bf2b97c8eea6392eeb25 to remote] DEBUG org.asynchttpclient.netty.request.NettyRequestSender - Using open Channel [id: 0x10d08d29, L:/127.0.0.1:63110 - R:localhost/127.0.0.1:1446] for GET '/session/10777ac42811bf2b97c8eea6392eeb25/element/321c9b45-1605-4317-9f51-eeb7fcd668f1/enabled'
07:20:51.785 [AsyncHttpClient-1-2] DEBUG org.asynchttpclient.netty.handler.HttpHandler - 

Request DefaultFullHttpRequest(decodeResult: success, version: HTTP/1.1, content: EmptyByteBufBE)
GET /session/10777ac42811bf2b97c8eea6392eeb25/element/321c9b45-1605-4317-9f51-eeb7fcd668f1/enabled HTTP/1.1
User-Agent: selenium/4.8.1 (java windows)
Cache-Control: no-cache
Content-Type: application/json; charset=utf-8
host: localhost:1446
accept: */*

Response DefaultHttpResponse(decodeResult: success, version: HTTP/1.1)
HTTP/1.1 200 OK
Content-Length: 14
Content-Type: application/json; charset=utf-8
cache-control: no-cache

07:20:51.785 [AsyncHttpClient-1-2] DEBUG org.asynchttpclient.netty.channel.ChannelManager - Adding key: http://localhost:1446 for channel [id: 0x10d08d29, L:/127.0.0.1:63110 - R:localhost/127.0.0.1:1446]
07:20:51.787 [Forwarding isElementEnabled on session 10777ac42811bf2b97c8eea6392eeb25 to remote] DEBUG org.asynchttpclient.netty.request.NettyRequestSender - Using pooled Channel '[id: 0x10d08d29, L:/127.0.0.1:63110 - R:localhost/127.0.0.1:1446]' for 'GET' to 'http://localhost:1446/session/10777ac42811bf2b97c8eea6392eeb25/element/321c9b45-1605-4317-9f51-eeb7fcd668f1/enabled'
07:20:51.788 [Forwarding isElementEnabled on session 10777ac42811bf2b97c8eea6392eeb25 to remote] DEBUG org.asynchttpclient.netty.request.NettyRequestSender - Using open Channel [id: 0x10d08d29, L:/127.0.0.1:63110 - R:localhost/127.0.0.1:1446] for GET '/session/10777ac42811bf2b97c8eea6392eeb25/element/321c9b45-1605-4317-9f51-eeb7fcd668f1/enabled'
07:20:51.796 [AsyncHttpClient-1-2] DEBUG org.asynchttpclient.netty.handler.HttpHandler - 

Request DefaultFullHttpRequest(decodeResult: success, version: HTTP/1.1, content: EmptyByteBufBE)
GET /session/10777ac42811bf2b97c8eea6392eeb25/element/321c9b45-1605-4317-9f51-eeb7fcd668f1/enabled HTTP/1.1
User-Agent: selenium/4.8.1 (java windows)
Cache-Control: no-cache
Content-Type: application/json; charset=utf-8
host: localhost:1446
accept: */*

Response DefaultHttpResponse(decodeResult: success, version: HTTP/1.1)
HTTP/1.1 200 OK
Content-Length: 14
Content-Type: application/json; charset=utf-8
cache-control: no-cache

07:20:51.797 [AsyncHttpClient-1-2] DEBUG org.asynchttpclient.netty.channel.ChannelManager - Adding key: http://localhost:1446 for channel [id: 0x10d08d29, L:/127.0.0.1:63110 - R:localhost/127.0.0.1:1446]
07:20:51.800 [Forwarding findElement on session 10777ac42811bf2b97c8eea6392eeb25 to remote] DEBUG org.asynchttpclient.netty.request.NettyRequestSender - Using pooled Channel '[id: 0x10d08d29, L:/127.0.0.1:63110 - R:localhost/127.0.0.1:1446]' for 'POST' to 'http://localhost:1446/session/10777ac42811bf2b97c8eea6392eeb25/element'
07:20:51.800 [Forwarding findElement on session 10777ac42811bf2b97c8eea6392eeb25 to remote] DEBUG org.asynchttpclient.netty.request.NettyRequestSender - Using open Channel [id: 0x10d08d29, L:/127.0.0.1:63110 - R:localhost/127.0.0.1:1446] for POST '/session/10777ac42811bf2b97c8eea6392eeb25/element'
07:20:51.811 [AsyncHttpClient-1-2] DEBUG org.asynchttpclient.netty.handler.HttpHandler - 

Request DefaultHttpRequest(decodeResult: success, version: HTTP/1.1)
POST /session/10777ac42811bf2b97c8eea6392eeb25/element HTTP/1.1
User-Agent: selenium/4.8.1 (java windows)
Content-Length: 59
Content-Type: application/json; charset=utf-8
host: localhost:1446
accept: */*

Response DefaultHttpResponse(decodeResult: success, version: HTTP/1.1)
HTTP/1.1 200 OK
Content-Length: 88
Content-Type: application/json; charset=utf-8
cache-control: no-cache

07:20:51.812 [AsyncHttpClient-1-2] DEBUG org.asynchttpclient.netty.channel.ChannelManager - Adding key: http://localhost:1446 for channel [id: 0x10d08d29, L:/127.0.0.1:63110 - R:localhost/127.0.0.1:1446]
07:20:51.814 [Forwarding clickElement on session 10777ac42811bf2b97c8eea6392eeb25 to remote] DEBUG org.asynchttpclient.netty.request.NettyRequestSender - Using pooled Channel '[id: 0x10d08d29, L:/127.0.0.1:63110 - R:localhost/127.0.0.1:1446]' for 'POST' to 'http://localhost:1446/session/10777ac42811bf2b97c8eea6392eeb25/element/321c9b45-1605-4317-9f51-eeb7fcd668f1/click'
07:20:51.814 [Forwarding clickElement on session 10777ac42811bf2b97c8eea6392eeb25 to remote] DEBUG org.asynchttpclient.netty.request.NettyRequestSender - Using open Channel [id: 0x10d08d29, L:/127.0.0.1:63110 - R:localhost/127.0.0.1:1446] for POST '/session/10777ac42811bf2b97c8eea6392eeb25/element/321c9b45-1605-4317-9f51-eeb7fcd668f1/click'
07:20:51.972 [AsyncHttpClient-1-2] DEBUG org.asynchttpclient.netty.handler.HttpHandler - 

Request DefaultHttpRequest(decodeResult: success, version: HTTP/1.1)
POST /session/10777ac42811bf2b97c8eea6392eeb25/element/321c9b45-1605-4317-9f51-eeb7fcd668f1/click HTTP/1.1
User-Agent: selenium/4.8.1 (java windows)
Content-Length: 50
Content-Type: application/json; charset=utf-8
host: localhost:1446
[...]
07:20:59.324 [AsyncHttpClient-1-8] DEBUG org.asynchttpclient.netty.handler.HttpHandler - 

Request DefaultFullHttpRequest(decodeResult: success, version: HTTP/1.1, content: EmptyByteBufBE)
GET /session/d5a600a106a3399a7dfa78f77a0e4d7f/alert/text HTTP/1.1
User-Agent: selenium/4.8.1 (java windows)
Cache-Control: no-cache
Content-Type: application/json; charset=utf-8
host: localhost:27597
accept: */*

Response DefaultHttpResponse(decodeResult: success, version: HTTP/1.1)
HTTP/1.1 404 Not Found
Content-Length: 821
Content-Type: application/json; charset=utf-8
cache-control: no-cache

07:20:59.324 [AsyncHttpClient-1-8] DEBUG org.asynchttpclient.netty.channel.ChannelManager - Adding key: http://localhost:27597 for channel [id: 0x116a0007, L:/127.0.0.1:63161 - R:localhost/127.0.0.1:27597]
07:20:59.325 [Forwarding getCurrentUrl on session d5a600a106a3399a7dfa78f77a0e4d7f to remote] DEBUG org.asynchttpclient.netty.request.NettyRequestSender - Using pooled Channel '[id: 0x116a0007, L:/127.0.0.1:63161 - R:localhost/127.0.0.1:27597]' for 'GET' to 'http://localhost:27597/session/d5a600a106a3399a7dfa78f77a0e4d7f/url'
07:20:59.325 [Forwarding getCurrentUrl on session d5a600a106a3399a7dfa78f77a0e4d7f to remote] DEBUG org.asynchttpclient.netty.request.NettyRequestSender - Using open Channel [id: 0x116a0007, L:/127.0.0.1:63161 - R:localhost/127.0.0.1:27597] for GET '/session/d5a600a106a3399a7dfa78f77a0e4d7f/url'
07:20:59.330 [AsyncHttpClient-1-8] DEBUG org.asynchttpclient.netty.handler.HttpHandler - 

Request DefaultFullHttpRequest(decodeResult: success, version: HTTP/1.1, content: EmptyByteBufBE)
GET /session/d5a600a106a3399a7dfa78f77a0e4d7f/url HTTP/1.1
User-Agent: selenium/4.8.1 (java windows)
Cache-Control: no-cache
Content-Type: application/json; charset=utf-8
host: localhost:27597
accept: */*

Response DefaultHttpResponse(decodeResult: success, version: HTTP/1.1)
HTTP/1.1 200 OK
Content-Length: 38
Content-Type: application/json; charset=utf-8
cache-control: no-cache

07:20:59.330 [AsyncHttpClient-1-8] DEBUG org.asynchttpclient.netty.channel.ChannelManager - Adding key: http://localhost:27597 for channel [id: 0x116a0007, L:/127.0.0.1:63161 - R:localhost/127.0.0.1:27597]
07:20:59.331 [Forwarding screenshot on session d5a600a106a3399a7dfa78f77a0e4d7f to remote] DEBUG org.asynchttpclient.netty.request.NettyRequestSender - Using pooled Channel '[id: 0x116a0007, L:/127.0.0.1:63161 - R:localhost/127.0.0.1:27597]' for 'GET' to 'http://localhost:27597/session/d5a600a106a3399a7dfa78f77a0e4d7f/screenshot'
07:20:59.331 [Forwarding screenshot on session d5a600a106a3399a7dfa78f77a0e4d7f to remote] DEBUG org.asynchttpclient.netty.request.NettyRequestSender - Using open Channel [id: 0x116a0007, L:/127.0.0.1:63161 - R:localhost/127.0.0.1:27597] for GET '/session/d5a600a106a3399a7dfa78f77a0e4d7f/screenshot'
07:20:59.363 [AsyncHttpClient-1-1] DEBUG org.asynchttpclient.netty.channel.DefaultChannelPool - Entry count for : http://localhost:63162 : 1
07:20:59.416 [AsyncHttpClient-1-8] DEBUG org.asynchttpclient.netty.handler.HttpHandler - 

Request DefaultFullHttpRequest(decodeResult: success, version: HTTP/1.1, content: EmptyByteBufBE)
GET /session/d5a600a106a3399a7dfa78f77a0e4d7f/screenshot HTTP/1.1
User-Agent: selenium/4.8.1 (java windows)
Cache-Control: no-cache
Content-Type: application/json; charset=utf-8
host: localhost:27597
accept: */*

Response DefaultHttpResponse(decodeResult: success, version: HTTP/1.1)
HTTP/1.1 200 OK
Content-Length: 55552
Content-Type: application/json; charset=utf-8
cache-control: no-cache

07:20:59.416 [AsyncHttpClient-1-8] DEBUG org.asynchttpclient.netty.channel.ChannelManager - Adding key: http://localhost:27597 for channel [id: 0x116a0007, L:/127.0.0.1:63161 - R:localhost/127.0.0.1:27597]
07:20:59.418 [main] DEBUG net.serenitybdd.core.photography.Darkroom - Send negative for processing for target\site\serenity\9c00e7359e76bd5e0eb81d54b6111246e17e0ca32d821e3ce85992637e426196.png
07:20:59.418 [main] DEBUG net.thucydides.core.steps.StepInterceptor - STEP DONE: validateErrormessageDisplayed
07:20:59.425 [Forwarding getPageSource on session d5a600a106a3399a7dfa78f77a0e4d7f to remote] DEBUG org.asynchttpclient.netty.request.NettyRequestSender - Using pooled Channel '[id: 0x116a0007, L:/127.0.0.1:63161 - R:localhost/127.0.0.1:27597]' for 'POST' to 'http://localhost:27597/session/d5a600a106a3399a7dfa78f77a0e4d7f/execute/sync'
07:20:59.425 [Forwarding getPageSource on session d5a600a106a3399a7dfa78f77a0e4d7f to remote] DEBUG org.asynchttpclient.netty.request.NettyRequestSender - Using open Channel [id: 0x116a0007, L:/127.0.0.1:63161 - R:localhost/127.0.0.1:27597] for POST '/session/d5a600a106a3399a7dfa78f77a0e4d7f/execute/sync'
07:20:59.431 [AsyncHttpClient-1-8] DEBUG org.asynchttpclient.netty.handler.HttpHandler - 

Request DefaultHttpRequest(decodeResult: success, version: HTTP/1.1)
POST /session/d5a600a106a3399a7dfa78f77a0e4d7f/execute/sync HTTP/1.1
User-Agent: selenium/4.8.1 (java windows)
Content-Length: 176
Content-Type: application/json; charset=utf-8
host: localhost:27597
accept: */*

Response DefaultHttpResponse(decodeResult: success, version: HTTP/1.1)
HTTP/1.1 200 OK
Content-Length: 14817
Content-Type: application/json; charset=utf-8
cache-control: no-cache

07:20:59.431 [AsyncHttpClient-1-8] DEBUG org.asynchttpclient.netty.channel.ChannelManager - Adding key: http://localhost:27597 for channel [id: 0x116a0007, L:/127.0.0.1:63161 - R:localhost/127.0.0.1:27597]
07:20:59.433 [Forwarding getCurrentUrl on session d5a600a106a3399a7dfa78f77a0e4d7f to remote] DEBUG org.asynchttpclient.netty.request.NettyRequestSender - Using pooled Channel '[id: 0x116a0007, L:/127.0.0.1:63161 - R:localhost/127.0.0.1:27597]' for 'GET' to 'http://localhost:27597/session/d5a600a106a3399a7dfa78f77a0e4d7f/url'
07:20:59.433 [Forwarding getCurrentUrl on session d5a600a106a3399a7dfa78f77a0e4d7f to remote] DEBUG org.asynchttpclient.netty.request.NettyRequestSender - Using open Channel [id: 0x116a0007, L:/127.0.0.1:63161 - R:localhost/127.0.0.1:27597] for GET '/session/d5a600a106a3399a7dfa78f77a0e4d7f/url'
07:20:59.438 [AsyncHttpClient-1-8] DEBUG org.asynchttpclient.netty.handler.HttpHandler - 

Request DefaultFullHttpRequest(decodeResult: success, version: HTTP/1.1, content: EmptyByteBufBE)
GET /session/d5a600a106a3399a7dfa78f77a0e4d7f/url HTTP/1.1
User-Agent: selenium/4.8.1 (java windows)
Cache-Control: no-cache
Content-Type: application/json; charset=utf-8
host: localhost:27597
accept: */*

Response DefaultHttpResponse(decodeResult: success, version: HTTP/1.1)
HTTP/1.1 200 OK
Content-Length: 38
Content-Type: application/json; charset=utf-8
cache-control: no-cache

07:20:59.439 [AsyncHttpClient-1-8] DEBUG org.asynchttpclient.netty.channel.ChannelManager - Adding key: http://localhost:27597 for channel [id: 0x116a0007, L:/127.0.0.1:63161 - R:localhost/127.0.0.1:27597]
07:20:59.441 [main] DEBUG net.thucydides.core.steps.StepInterceptor - STARTING STEP: LoginSteps.iCanSeeErrorMessage - validateEqualErrorMessage
07:20:59.444 [Forwarding findElement on session d5a600a106a3399a7dfa78f77a0e4d7f to remote] DEBUG org.asynchttpclient.netty.request.NettyRequestSender - Using pooled Channel '[id: 0x116a0007, L:/127.0.0.1:63161 - R:localhost/127.0.0.1:27597]' for 'POST' to 'http://localhost:27597/session/d5a600a106a3399a7dfa78f77a0e4d7f/element'
07:20:59.444 [Forwarding findElement on session d5a600a106a3399a7dfa78f77a0e4d7f to remote] DEBUG org.asynchttpclient.netty.request.NettyRequestSender - Using open Channel [id: 0x116a0007, L:/127.0.0.1:63161 - R:localhost/127.0.0.1:27597] for POST '/session/d5a600a106a3399a7dfa78f77a0e4d7f/element'
07:20:59.451 [AsyncHttpClient-1-8] DEBUG org.asynchttpclient.netty.handler.HttpHandler - 

Request DefaultHttpRequest(decodeResult: success, version: HTTP/1.1)
POST /session/d5a600a106a3399a7dfa78f77a0e4d7f/element HTTP/1.1
User-Agent: selenium/4.8.1 (java windows)
Content-Length: 71
Content-Type: application/json; charset=utf-8
host: localhost:27597
accept: */*

Response DefaultHttpResponse(decodeResult: success, version: HTTP/1.1)
HTTP/1.1 200 OK
Content-Length: 88
Content-Type: application/json; charset=utf-8
cache-control: no-cache

07:20:59.452 [AsyncHttpClient-1-8] DEBUG org.asynchttpclient.netty.channel.ChannelManager - Adding key: http://localhost:27597 for channel [id: 0x116a0007, L:/127.0.0.1:63161 - R:localhost/127.0.0.1:27597]
07:20:59.453 [Forwarding getElementText on session d5a600a106a3399a7dfa78f77a0e4d7f to remote] DEBUG org.asynchttpclient.netty.request.NettyRequestSender - Using pooled Channel '[id: 0x116a0007, L:/127.0.0.1:63161 - R:localhost/127.0.0.1:27597]' for 'GET' to 'http://localhost:27597/session/d5a600a106a3399a7dfa78f77a0e4d7f/element/77de744c-dad1-45f4-ba52-833cd29a4497/text'
07:20:59.453 [Forwarding getElementText on session d5a600a106a3399a7dfa78f77a0e4d7f to remote] DEBUG org.asynchttpclient.netty.request.NettyRequestSender - Using open Channel [id: 0x116a0007, L:/127.0.0.1:63161 - R:localhost/127.0.0.1:27597] for GET '/session/d5a600a106a3399a7dfa78f77a0e4d7f/element/77de744c-dad1-45f4-ba52-833cd29a4497/text'
07:20:59.469 [AsyncHttpClient-1-8] DEBUG org.asynchttpclient.netty.handler.HttpHandler - 

Request DefaultFullHttpRequest(decodeResult: success, version: HTTP/1.1, content: EmptyByteBufBE)
GET /session/d5a600a106a3399a7dfa78f77a0e4d7f/element/77de744c-dad1-45f4-ba52-833cd29a4497/text HTTP/1.1
User-Agent: selenium/4.8.1 (java windows)
Cache-Control: no-cache
Content-Type: application/json; charset=utf-8
host: localhost:27597
accept: */*

Response DefaultHttpResponse(decodeResult: success, version: HTTP/1.1)
HTTP/1.1 200 OK
Content-Length: 85
Content-Type: application/json; charset=utf-8
cache-control: no-cache

07:20:59.469 [AsyncHttpClient-1-8] DEBUG org.asynchttpclient.netty.channel.ChannelManager - Adding key: http://localhost:27597 for channel [id: 0x116a0007, L:/127.0.0.1:63161 - R:localhost/127.0.0.1:27597]
07:20:59.475 [Forwarding getAlertText on session d5a600a106a3399a7dfa78f77a0e4d7f to remote] DEBUG org.asynchttpclient.netty.request.NettyRequestSender - Using pooled Channel '[id: 0x116a0007, L:/127.0.0.1:63161 - R:localhost/127.0.0.1:27597]' for 'GET' to 'http://localhost:27597/session/d5a600a106a3399a7dfa78f77a0e4d7f/alert/text'
07:20:59.475 [Forwarding getAlertText on session d5a600a106a3399a7dfa78f77a0e4d7f to remote] DEBUG org.asynchttpclient.netty.request.NettyRequestSender - Using open Channel [id: 0x116a0007, L:/127.0.0.1:63161 - R:localhost/127.0.0.1:27597] for GET '/session/d5a600a106a3399a7dfa78f77a0e4d7f/alert/text'
07:20:59.477 [AsyncHttpClient-1-8] DEBUG org.asynchttpclient.netty.handler.HttpHandler - 

Request DefaultFullHttpRequest(decodeResult: success, version: HTTP/1.1, content: EmptyByteBufBE)
GET /session/d5a600a106a3399a7dfa78f77a0e4d7f/alert/text HTTP/1.1
User-Agent: selenium/4.8.1 (java windows)
Cache-Control: no-cache
Content-Type: application/json; charset=utf-8
host: localhost:27597
accept: */*

Response DefaultHttpResponse(decodeResult: success, version: HTTP/1.1)
HTTP/1.1 404 Not Found
Content-Length: 821
Content-Type: application/json; charset=utf-8
cache-control: no-cache

07:20:59.477 [AsyncHttpClient-1-8] DEBUG org.asynchttpclient.netty.channel.ChannelManager - Adding key: http://localhost:27597 for channel [id: 0x116a0007, L:/127.0.0.1:63161 - R:localhost/127.0.0.1:27597]
07:20:59.478 [Forwarding getCurrentUrl on session d5a600a106a3399a7dfa78f77a0e4d7f to remote] DEBUG org.asynchttpclient.netty.request.NettyRequestSender - Using pooled Channel '[id: 0x116a0007, L:/127.0.0.1:63161 - R:localhost/127.0.0.1:27597]' for 'GET' to 'http://localhost:27597/session/d5a600a106a3399a7dfa78f77a0e4d7f/url'
07:20:59.478 [Forwarding getCurrentUrl on session d5a600a106a3399a7dfa78f77a0e4d7f to remote] DEBUG org.asynchttpclient.netty.request.NettyRequestSender - Using open Channel [id: 0x116a0007, L:/127.0.0.1:63161 - R:localhost/127.0.0.1:27597] for GET '/session/d5a600a106a3399a7dfa78f77a0e4d7f/url'
07:20:59.483 [AsyncHttpClient-1-8] DEBUG org.asynchttpclient.netty.handler.HttpHandler - 

Request DefaultFullHttpRequest(decodeResult: success, version: HTTP/1.1, content: EmptyByteBufBE)
GET /session/d5a600a106a3399a7dfa78f77a0e4d7f/url HTTP/1.1
User-Agent: selenium/4.8.1 (java windows)
Cache-Control: no-cache
Content-Type: application/json; charset=utf-8
host: localhost:27597
accept: */*

Response DefaultHttpResponse(decodeResult: success, version: HTTP/1.1)
HTTP/1.1 200 OK
Content-Length: 38
Content-Type: application/json; charset=utf-8
cache-control: no-cache

07:20:59.483 [AsyncHttpClient-1-8] DEBUG org.asynchttpclient.netty.channel.ChannelManager - Adding key: http://localhost:27597 for channel [id: 0x116a0007, L:/127.0.0.1:63161 - R:localhost/127.0.0.1:27597]
07:20:59.484 [Forwarding screenshot on session d5a600a106a3399a7dfa78f77a0e4d7f to remote] DEBUG org.asynchttpclient.netty.request.NettyRequestSender - Using pooled Channel '[id: 0x116a0007, L:/127.0.0.1:63161 - R:localhost/127.0.0.1:27597]' for 'GET' to 'http://localhost:27597/session/d5a600a106a3399a7dfa78f77a0e4d7f/screenshot'
07:20:59.484 [Forwarding screenshot on session d5a600a106a3399a7dfa78f77a0e4d7f to remote] DEBUG org.asynchttpclient.netty.request.NettyRequestSender - Using open Channel [id: 0x116a0007, L:/127.0.0.1:63161 - R:localhost/127.0.0.1:27597] for GET '/session/d5a600a106a3399a7dfa78f77a0e4d7f/screenshot'
07:20:59.573 [AsyncHttpClient-1-8] DEBUG org.asynchttpclient.netty.handler.HttpHandler - 

Request DefaultFullHttpRequest(decodeResult: success, version: HTTP/1.1, content: EmptyByteBufBE)
GET /session/d5a600a106a3399a7dfa78f77a0e4d7f/screenshot HTTP/1.1
User-Agent: selenium/4.8.1 (java windows)
Cache-Control: no-cache
Content-Type: application/json; charset=utf-8
host: localhost:27597
accept: */*

Response DefaultHttpResponse(decodeResult: success, version: HTTP/1.1)
HTTP/1.1 200 OK
Content-Length: 55552
Content-Type: application/json; charset=utf-8
cache-control: no-cache

07:20:59.573 [AsyncHttpClient-1-8] DEBUG org.asynchttpclient.netty.channel.ChannelManager - Adding key: http://localhost:27597 for channel [id: 0x116a0007, L:/127.0.0.1:63161 - R:localhost/127.0.0.1:27597]
07:20:59.576 [main] DEBUG net.serenitybdd.core.photography.Darkroom - Send negative for processing for target\site\serenity\9c00e7359e76bd5e0eb81d54b6111246e17e0ca32d821e3ce85992637e426196.png
07:20:59.576 [main] DEBUG net.thucydides.core.steps.StepInterceptor - STEP DONE: validateEqualErrorMessage
  &amp#27;[32mThen &amp#27;[0m&amp#27;[32mI can see error message &amp#27;[0m&amp#27;[32m&amp#27;[1m"Epic sadface: Sorry, this user has been locked out."&amp#27;[0m &amp#27;[90m# starter.stepdefinitions.LoginSteps.iCanSeeErrorMessage(java.lang.String)&amp#27;[0m
07:20:59.581 [main] INFO  - 
  _____   ___   ___   _____     ___     _     ___   ___   ___   ___  
 |_   _| | __| / __| |_   _|   | _ \   /_\   / __| / __| | __| |   \ 
   | |   | _|  \__ \   | |     |  _/  / _ \  \__ \ \__ \ | _|  | |) |
   |_|   |___| |___/   |_|     |_|   /_/ \_\ |___/ |___/ |___| |___/ 

As user, I have beed locked out
----------------------------------------------------------------------
07:20:59.582 [Driver Command Executor] DEBUG org.asynchttpclient.netty.request.NettyRequestSender - Using pooled Channel '[id: 0x116a0007, L:/127.0.0.1:63161 - R:localhost/127.0.0.1:27597]' for 'DELETE' to 'http://localhost:27597/session/d5a600a106a3399a7dfa78f77a0e4d7f'
07:20:59.583 [Driver Command Executor] DEBUG org.asynchttpclient.netty.request.NettyRequestSender - Using open Channel [id: 0x116a0007, L:/127.0.0.1:63161 - R:localhost/127.0.0.1:27597] for DELETE '/session/d5a600a106a3399a7dfa78f77a0e4d7f'
07:20:59.583 [AsyncHttpClient-1-10] DEBUG org.asynchttpclient.netty.handler.WebSocketHandler - Channel Closed: [id: 0xd5dfd13f, L:/127.0.0.1:63169 ! R:localhost/127.0.0.1:63162] with attribute NettyResponseFuture{currentRetry=0,
	isDone=1,
	isCancelled=0,
	asyncHandler=org.asynchttpclient.ws.WebSocketUpgradeHandler@6ddd7ee3,
	nettyRequest=org.asynchttpclient.netty.request.NettyRequest@28dfed3c,
	future=java.util.concurrent.CompletableFuture@6719fc39[Completed normally],
	uri=ws://localhost:63162/devtools/browser/d2d508b1-69f3-420f-9cde-db5339e99456,
	keepAlive=true,
	redirectCount=0,
	timeoutsHolder=null,
	inAuth=0,
	touch=1683246057417}
07:20:59.583 [AsyncHttpClient-1-10] DEBUG org.asynchttpclient.netty.channel.ChannelManager - Closing Channel [id: 0xd5dfd13f, L:/127.0.0.1:63169 ! R:localhost/127.0.0.1:63162] 
07:20:59.634 [AsyncHttpClient-1-9] DEBUG org.asynchttpclient.netty.handler.HttpHandler - Unexpected I/O exception on channel [id: 0x3a003dba, L:/127.0.0.1:63168 - R:localhost/127.0.0.1:63162]
java.net.SocketException: Connection reset
	at java.base/sun.nio.ch.SocketChannelImpl.throwConnectionReset(SocketChannelImpl.java:401)
	at java.base/sun.nio.ch.SocketChannelImpl.read(SocketChannelImpl.java:434)
	at io.netty.buffer.PooledByteBuf.setBytes(PooledByteBuf.java:259)
	at io.netty.buffer.AbstractByteBuf.writeBytes(AbstractByteBuf.java:1132)
	at io.netty.channel.socket.nio.NioSocketChannel.doReadBytes(NioSocketChannel.java:357)
	at io.netty.channel.nio.AbstractNioByteChannel$NioByteUnsafe.read(AbstractNioByteChannel.java:151)
	at io.netty.channel.nio.NioEventLoop.processSelectedKey(NioEventLoop.java:788)
	at io.netty.channel.nio.NioEventLoop.processSelectedKeysOptimized(NioEventLoop.java:724)
	at io.netty.channel.nio.NioEventLoop.processSelectedKeys(NioEventLoop.java:650)
	at io.netty.channel.nio.NioEventLoop.run(NioEventLoop.java:562)
	at io.netty.util.concurrent.SingleThreadEventExecutor$4.run(SingleThreadEventExecutor.java:997)
	at io.netty.util.internal.ThreadExecutorMap$2.run(ThreadExecutorMap.java:74)
	at io.netty.util.concurrent.FastThreadLocalRunnable.run(FastThreadLocalRunnable.java:30)
	at java.base/java.lang.Thread.run(Thread.java:1589)
07:20:59.635 [AsyncHttpClient-1-9] DEBUG org.asynchttpclient.netty.channel.ChannelManager - Closing Channel [id: 0x3a003dba, L:/127.0.0.1:63168 - R:localhost/127.0.0.1:63162] 
07:20:59.636 [AsyncHttpClient-1-9] DEBUG org.asynchttpclient.netty.handler.HttpHandler - Channel Closed: [id: 0x3a003dba, L:/127.0.0.1:63168 ! R:localhost/127.0.0.1:63162] with attribute DISCARD
07:20:59.648 [AsyncHttpClient-1-8] DEBUG org.asynchttpclient.netty.handler.HttpHandler - 

Request DefaultFullHttpRequest(decodeResult: success, version: HTTP/1.1, content: EmptyByteBufBE)
DELETE /session/d5a600a106a3399a7dfa78f77a0e4d7f HTTP/1.1
User-Agent: selenium/4.8.1 (java windows)
Content-Type: application/json; charset=utf-8
host: localhost:27597
accept: */*

Response DefaultHttpResponse(decodeResult: success, version: HTTP/1.1)
HTTP/1.1 200 OK
Content-Length: 14
Content-Type: application/json; charset=utf-8
cache-control: no-cache

07:20:59.649 [AsyncHttpClient-1-8] DEBUG org.asynchttpclient.netty.channel.ChannelManager - Adding key: http://localhost:27597 for channel [id: 0x116a0007, L:/127.0.0.1:63161 - R:localhost/127.0.0.1:27597]
07:20:59.712 [AsyncHttpClient-1-8] DEBUG org.asynchttpclient.netty.handler.HttpHandler - Channel Closed: [id: 0x116a0007, L:/127.0.0.1:63161 ! R:localhost/127.0.0.1:27597] with attribute DISCARD
]]></system-out>
    <system-err><![CDATA[Starting ChromeDriver 112.0.5615.49 (bd2a7bcb881c11e8cfe3078709382934e3916914-refs/branch-heads/5615@{#936}) on port 27597
Only local connections are allowed.
Please see https://chromedriver.chromium.org/security-considerations for suggestions on keeping ChromeDriver safe.
ChromeDriver was started successfully.
May 05, 2023 7:20:57 AM org.openqa.selenium.devtools.CdpVersionFinder findNearestMatch
WARNING: Unable to find an exact match for CDP version 112, so returning the closest version found: 110
]]></system-err>
  </testcase>
</testsuite>