<?xml version="1.0" encoding="UTF-8"?>
<testsuite xmlns:xsi="http://www.w3.org/2001/XMLSchema-instance" xsi:noNamespaceSchemaLocation="https://maven.apache.org/surefire/maven-failsafe-plugin/xsd/failsafe-test-report-3.0.xsd" version="3.0" name="starter.CucumberTestSuite" time="58.032" tests="4" errors="2" skipped="0" failures="0">
  <properties>
[...]
</properties>
  <testcase name="as a user i can login" classname="login sepulsa #1" time="11.786">
    <system-out><![CDATA[12:03:21.726 [main] DEBUG net.thucydides.core.guice.Injectors - Created injector for module net.thucydides.core.guice.ThucydidesModule
12:03:22.077 [main] DEBUG io.cucumber.core.plugin.SerenityReporter - Running feature from file:///C:/Users/WINDOWS%2011/IdeaProjects/Prioritas2-Web-Test/src/test/resources/features/login.feature
12:03:22.271 [main] DEBUG net.thucydides.core.guice.Injectors - Created injector for module net.thucydides.core.guice.webdriver.WebDriverModule
12:03:22.303 [main] INFO  - 

-------------------------------------------------------------------------------------
     _______. _______ .______       _______ .__   __.  __  .___________.____    ____ 
    /       ||   ____||   _  \     |   ____||  \ |  | |  | |           |\   \  /   / 
   |   (----`|  |__   |  |_)  |    |  |__   |   \|  | |  | `---|  |----` \   \/   /  
    \   \    |   __|  |      /     |   __|  |  . `  | |  |     |  |       \_    _/   
.----)   |   |  |____ |  |\  \----.|  |____ |  |\   | |  |     |  |         |  |     
|_______/    |_______|| _| `._____||_______||__| \__| |__|     |__|         |__|    
                                                                                     
 News and tutorials at http://www.serenity-bdd.info                                  
 Documentation at https://wakaleo.gitbooks.io/the-serenity-book/content/             
 Join the Serenity Community on Gitter: https://gitter.im/serenity-bdd/serenity-core 
 Serenity BDD Support and Training at http://serenity-bdd.info/#/trainingandsupport  
-------------------------------------------------------------------------------------

12:03:22.305 [main] DEBUG net.thucydides.core.steps.StepEventBus - Test suite started for story net.thucydides.core.model.Story@69edbb32
12:03:22.307 [main] INFO  - Test Suite Started: login sepulsa
12:03:22.330 [main] DEBUG io.cucumber.core.plugin.SerenityReporter - Running feature from file:///C:/Users/WINDOWS%2011/IdeaProjects/Prioritas2-Web-Test/src/test/resources/features/payment.feature
12:03:22.340 [main] DEBUG net.thucydides.core.steps.StepEventBus - Test suite started for story net.thucydides.core.model.Story@717a10cf
12:03:22.341 [main] INFO  - Test Suite Started: login sepulsa
12:03:22.341 [main] DEBUG io.cucumber.core.plugin.SerenityReporter - Running feature from file:///C:/Users/WINDOWS%2011/IdeaProjects/Prioritas2-Web-Test/src/test/resources/features/product.feature
12:03:22.346 [main] DEBUG net.thucydides.core.steps.StepEventBus - Test suite started for story net.thucydides.core.model.Story@a9fab2b8
12:03:22.346 [main] INFO  - Test Suite Started: login sepulsa
12:03:22.347 [main] DEBUG io.cucumber.core.plugin.SerenityReporter - Running feature from file:///C:/Users/WINDOWS%2011/IdeaProjects/Prioritas2-Web-Test/src/test/resources/features/login.feature
12:03:22.350 [main] DEBUG net.thucydides.core.steps.StepEventBus - Test suite started for story net.thucydides.core.model.Story@69edbb32
12:03:22.350 [main] INFO  - Test Suite Started: login sepulsa

@login @userA
Scenario: as a user i can login   &amp#27;[90m# src/test/resources/features/login.feature:4&amp#27;[0m
12:03:22.429 [main] DEBUG io.cucumber.core.plugin.SerenityReporter - Running feature from file:///C:/Users/WINDOWS%2011/IdeaProjects/Prioritas2-Web-Test/src/test/resources/features/login.feature
12:03:22.556 [main] INFO  - 
  _____   ___   ___   _____     ___   _____     _     ___   _____   ___   ___  
 |_   _| | __| / __| |_   _|   / __| |_   _|   /_\   | _ \ |_   _| | __| |   \ 
   | |   | _|  \__ \   | |     \__ \   | |    / _ \  |   /   | |   | _|  | |) |
   |_|   |___| |___/   |_|     |___/   |_|   /_/ \_\ |_|_\   |_|   |___| |___/ 

as a user i can login(login-sepulsa;as-a-user-i-can-login)
--------------------------------------------------------------------------------
12:03:22.624 [main] DEBUG net.thucydides.core.requirements.model.cucumber.CucumberParser - Loading feature C:\Users\WINDOWS 11\IdeaProjects\Prioritas2-Web-Test\src\test\resources\features\login.feature
12:03:22.649 [main] DEBUG net.thucydides.core.requirements.model.cucumber.CucumberParser - Loading feature C:\Users\WINDOWS 11\IdeaProjects\Prioritas2-Web-Test\src\test\resources\features\payment.feature
12:03:22.655 [main] DEBUG net.thucydides.core.requirements.model.cucumber.CucumberParser - Loading feature C:\Users\WINDOWS 11\IdeaProjects\Prioritas2-Web-Test\src\test\resources\features\product.feature
12:03:23.871 [main] INFO net.serenitybdd.core.webdriver.driverproviders.ChromeDriverProvider - Starting Chrome driver instance with capabilities:
12:03:23.875 [main] INFO net.serenitybdd.core.webdriver.driverproviders.ChromeDriverProvider - Capabilities {acceptInsecureCerts: false, browserName: chrome, goog:chromeOptions: {args: [remote-allow-origins=*], extensions: []}}
12:03:23.992 [main] DEBUG io.netty.util.internal.logging.InternalLoggerFactory - Using SLF4J as the default logging framework
12:03:23.994 [main] DEBUG io.netty.util.ResourceLeakDetector - -Dio.netty.leakDetection.level: simple
12:03:23.995 [main] DEBUG io.netty.util.ResourceLeakDetector - -Dio.netty.leakDetection.targetRecords: 4
12:03:23.999 [main] DEBUG io.netty.util.ResourceLeakDetectorFactory - Loaded default ResourceLeakDetector: io.netty.util.ResourceLeakDetector@782ac148
12:03:24.024 [main] DEBUG io.netty.util.internal.PlatformDependent0 - -Dio.netty.noUnsafe: false
12:03:24.024 [main] DEBUG io.netty.util.internal.PlatformDependent0 - Java version: 19
12:03:24.025 [main] DEBUG io.netty.util.internal.PlatformDependent0 - sun.misc.Unsafe.theUnsafe: available
12:03:24.026 [main] DEBUG io.netty.util.internal.PlatformDependent0 - sun.misc.Unsafe.copyMemory: available
12:03:24.027 [main] DEBUG io.netty.util.internal.PlatformDependent0 - sun.misc.Unsafe.storeFence: available
12:03:24.028 [main] DEBUG io.netty.util.internal.PlatformDependent0 - java.nio.Buffer.address: available
12:03:24.028 [main] DEBUG io.netty.util.internal.PlatformDependent0 - direct buffer constructor: unavailable: Reflective setAccessible(true) disabled
12:03:24.029 [main] DEBUG io.netty.util.internal.PlatformDependent0 - java.nio.Bits.unaligned: available, true
12:03:24.031 [main] DEBUG io.netty.util.internal.PlatformDependent0 - jdk.internal.misc.Unsafe.allocateUninitializedArray(int): unavailable: class io.netty.util.internal.PlatformDependent0$7 cannot access class jdk.internal.misc.Unsafe (in module java.base) because module java.base does not export jdk.internal.misc to unnamed module @c333c60
12:03:24.033 [main] DEBUG io.netty.util.internal.PlatformDependent0 - java.nio.DirectByteBuffer.<init>(long, int): unavailable
12:03:24.033 [main] DEBUG io.netty.util.internal.PlatformDependent - sun.misc.Unsafe: available
12:03:24.035 [main] DEBUG io.netty.util.internal.PlatformDependent - maxDirectMemory: 2105540608 bytes (maybe)
12:03:24.035 [main] DEBUG io.netty.util.internal.PlatformDependent - -Dio.netty.tmpdir: C:\Users\WINDOW~1\AppData\Local\Temp (java.io.tmpdir)
12:03:24.035 [main] DEBUG io.netty.util.internal.PlatformDependent - -Dio.netty.bitMode: 64 (sun.arch.data.model)
12:03:24.035 [main] DEBUG io.netty.util.internal.PlatformDependent - Platform: Windows
12:03:24.036 [main] DEBUG io.netty.util.internal.PlatformDependent - -Dio.netty.maxDirectMemory: -1 bytes
12:03:24.036 [main] DEBUG io.netty.util.internal.PlatformDependent - -Dio.netty.uninitializedArrayAllocationThreshold: -1
12:03:24.037 [main] DEBUG io.netty.util.internal.CleanerJava9 - java.nio.ByteBuffer.cleaner(): available
12:03:24.038 [main] DEBUG io.netty.util.internal.PlatformDependent - -Dio.netty.noPreferDirect: false
12:03:24.045 [main] DEBUG io.netty.util.internal.PlatformDependent - org.jctools-core.MpscChunkedArrayQueue: available
12:03:24.086 [main] DEBUG io.netty.util.internal.InternalThreadLocalMap - -Dio.netty.threadLocalMap.stringBuilder.initialSize: 1024
12:03:24.087 [main] DEBUG io.netty.util.internal.InternalThreadLocalMap - -Dio.netty.threadLocalMap.stringBuilder.maxSize: 4096
12:03:24.376 [main] DEBUG io.netty.handler.ssl.JdkSslContext - Default protocols (JDK): [TLSv1.3, TLSv1.2] 
12:03:24.376 [main] DEBUG io.netty.handler.ssl.JdkSslContext - Default cipher suites (JDK): [TLS_ECDHE_ECDSA_WITH_AES_256_GCM_SHA384, TLS_ECDHE_ECDSA_WITH_AES_128_GCM_SHA256, TLS_ECDHE_RSA_WITH_AES_128_GCM_SHA256, TLS_ECDHE_RSA_WITH_AES_256_GCM_SHA384, TLS_ECDHE_RSA_WITH_AES_128_CBC_SHA, TLS_ECDHE_RSA_WITH_AES_256_CBC_SHA, TLS_RSA_WITH_AES_128_GCM_SHA256, TLS_RSA_WITH_AES_128_CBC_SHA, TLS_RSA_WITH_AES_256_CBC_SHA, TLS_AES_128_GCM_SHA256, TLS_AES_256_GCM_SHA384]
12:03:24.404 [main] DEBUG io.netty.channel.MultithreadEventLoopGroup - -Dio.netty.eventLoopThreads: 16
12:03:24.416 [main] DEBUG io.netty.channel.nio.NioEventLoop - -Dio.netty.noKeySetOptimization: false
12:03:24.416 [main] DEBUG io.netty.channel.nio.NioEventLoop - -Dio.netty.selectorAutoRebuildThreshold: 512
12:03:24.478 [main] DEBUG io.netty.buffer.PooledByteBufAllocator - -Dio.netty.allocator.numHeapArenas: 16
12:03:24.478 [main] DEBUG io.netty.buffer.PooledByteBufAllocator - -Dio.netty.allocator.numDirectArenas: 16
12:03:24.478 [main] DEBUG io.netty.buffer.PooledByteBufAllocator - -Dio.netty.allocator.pageSize: 8192
12:03:24.478 [main] DEBUG io.netty.buffer.PooledByteBufAllocator - -Dio.netty.allocator.maxOrder: 9
12:03:24.478 [main] DEBUG io.netty.buffer.PooledByteBufAllocator - -Dio.netty.allocator.chunkSize: 4194304
12:03:24.478 [main] DEBUG io.netty.buffer.PooledByteBufAllocator - -Dio.netty.allocator.smallCacheSize: 256
12:03:24.478 [main] DEBUG io.netty.buffer.PooledByteBufAllocator - -Dio.netty.allocator.normalCacheSize: 64
12:03:24.478 [main] DEBUG io.netty.buffer.PooledByteBufAllocator - -Dio.netty.allocator.maxCachedBufferCapacity: 32768
12:03:24.478 [main] DEBUG io.netty.buffer.PooledByteBufAllocator - -Dio.netty.allocator.cacheTrimInterval: 8192
12:03:24.478 [main] DEBUG io.netty.buffer.PooledByteBufAllocator - -Dio.netty.allocator.cacheTrimIntervalMillis: 0
12:03:24.478 [main] DEBUG io.netty.buffer.PooledByteBufAllocator - -Dio.netty.allocator.useCacheForAllThreads: false
12:03:24.478 [main] DEBUG io.netty.buffer.PooledByteBufAllocator - -Dio.netty.allocator.maxCachedByteBuffersPerChunk: 1023
12:03:24.488 [main] DEBUG io.netty.buffer.ByteBufUtil - -Dio.netty.allocator.type: pooled
12:03:24.489 [main] DEBUG io.netty.buffer.ByteBufUtil - -Dio.netty.threadLocalDirectBufferSize: 0
12:03:24.489 [main] DEBUG io.netty.buffer.ByteBufUtil - -Dio.netty.maxThreadLocalCharBufferSize: 16384
12:03:24.800 [Forwarding newSession on session null to remote] DEBUG io.netty.channel.DefaultChannelId - -Dio.netty.processId: 25924 (auto-detected)
12:03:24.804 [Forwarding newSession on session null to remote] DEBUG io.netty.util.NetUtil - -Djava.net.preferIPv4Stack: false
12:03:24.804 [Forwarding newSession on session null to remote] DEBUG io.netty.util.NetUtil - -Djava.net.preferIPv6Addresses: false
12:03:24.816 [Forwarding newSession on session null to remote] DEBUG io.netty.util.NetUtilInitializations - Loopback interface: lo (Software Loopback Interface 1, 127.0.0.1)
12:03:24.816 [Forwarding newSession on session null to remote] DEBUG io.netty.util.NetUtil - Failed to get SOMAXCONN from sysctl and file \proc\sys\net\core\somaxconn. Default: 200
12:03:24.858 [Forwarding newSession on session null to remote] DEBUG io.netty.channel.DefaultChannelId - -Dio.netty.machineId: b4:8c:9d:ff:fe:90:cd:41 (auto-detected)
12:03:24.920 [AsyncHttpClient-1-2] DEBUG io.netty.buffer.AbstractByteBuf - -Dio.netty.buffer.checkAccessible: true
12:03:24.920 [AsyncHttpClient-1-2] DEBUG io.netty.buffer.AbstractByteBuf - -Dio.netty.buffer.checkBounds: true
12:03:24.920 [AsyncHttpClient-1-2] DEBUG io.netty.util.ResourceLeakDetectorFactory - Loaded default ResourceLeakDetector: io.netty.util.ResourceLeakDetector@64c00d6c
12:03:24.933 [AsyncHttpClient-1-2] DEBUG org.asynchttpclient.netty.channel.NettyConnectListener - Using new Channel '[id: 0x126107ef, L:/127.0.0.1:62819 - R:localhost/127.0.0.1:29456]' for 'POST' to '/session'
12:03:24.953 [AsyncHttpClient-1-2] DEBUG io.netty.util.Recycler - -Dio.netty.recycler.maxCapacityPerThread: 4096
12:03:24.953 [AsyncHttpClient-1-2] DEBUG io.netty.util.Recycler - -Dio.netty.recycler.ratio: 8
12:03:24.953 [AsyncHttpClient-1-2] DEBUG io.netty.util.Recycler - -Dio.netty.recycler.chunkSize: 32
12:03:24.953 [AsyncHttpClient-1-2] DEBUG io.netty.util.Recycler - -Dio.netty.recycler.blocking: false
12:03:25.851 [AsyncHttpClient-1-2] DEBUG io.netty.handler.codec.compression.Brotli - brotli4j not in the classpath; Brotli support will be unavailable.
12:03:25.851 [AsyncHttpClient-1-2] DEBUG org.asynchttpclient.netty.handler.HttpHandler - 

Request DefaultHttpRequest(decodeResult: success, version: HTTP/1.1)
POST /session HTTP/1.1
User-Agent: selenium/4.8.1 (java windows)
Content-Length: 507
Content-Type: application/json; charset=utf-8
host: localhost:29456
accept: */*

Response DefaultHttpResponse(decodeResult: success, version: HTTP/1.1)
HTTP/1.1 200 OK
Content-Length: 863
Content-Type: application/json; charset=utf-8
cache-control: no-cache

12:03:25.865 [AsyncHttpClient-1-2] DEBUG org.asynchttpclient.netty.channel.ChannelManager - Adding key: http://localhost:29456 for channel [id: 0x126107ef, L:/127.0.0.1:62819 - R:localhost/127.0.0.1:29456]
12:03:25.999 [AsyncHttpClient-1-3] DEBUG org.asynchttpclient.netty.channel.NettyConnectListener - Using new Channel '[id: 0xaaa1b32c, L:/127.0.0.1:62827 - R:localhost/127.0.0.1:62821]' for 'GET' to '/json/version'
12:03:26.005 [AsyncHttpClient-1-3] DEBUG org.asynchttpclient.netty.handler.HttpHandler - 

Request DefaultFullHttpRequest(decodeResult: success, version: HTTP/1.1, content: EmptyByteBufBE)
GET /json/version HTTP/1.1
User-Agent: selenium/4.8.1 (java windows)
host: localhost:62821
accept: */*

Response DefaultHttpResponse(decodeResult: success, version: HTTP/1.1)
HTTP/1.1 200 OK
Content-Security-Policy: frame-ancestors 'none'
Content-Length: 424
Content-Type: application/json; charset=UTF-8

12:03:26.006 [AsyncHttpClient-1-3] DEBUG org.asynchttpclient.netty.channel.ChannelManager - Adding key: http://localhost:62821 for channel [id: 0xaaa1b32c, L:/127.0.0.1:62827 - R:localhost/127.0.0.1:62821]
12:03:26.020 [main] DEBUG io.netty.util.internal.ThreadLocalRandom - -Dio.netty.initialSeedUniquifier: 0x7a04f4ac9551c2e5
12:03:26.024 [AsyncHttpClient-1-4] DEBUG org.asynchttpclient.netty.channel.NettyConnectListener - Using new Channel '[id: 0xcf697912, L:/127.0.0.1:62828 - R:localhost/127.0.0.1:62821]' for 'GET' to '/devtools/browser/3534f8d6-da94-4459-9b4f-890ab5168f6e'
12:03:26.028 [AsyncHttpClient-1-4] DEBUG org.asynchttpclient.netty.handler.WebSocketHandler - 

Request DefaultFullHttpRequest(decodeResult: success, version: HTTP/1.1, content: EmptyByteBufBE)
GET /devtools/browser/3534f8d6-da94-4459-9b4f-890ab5168f6e HTTP/1.1
upgrade: websocket
connection: upgrade
sec-websocket-key: AJF9WqVz0s1jqrQnBJCIBA==
sec-websocket-version: 13
origin: http://localhost:62821
host: localhost:62821
accept: */*
user-agent: AHC/2.1

Response DefaultHttpResponse(decodeResult: success, version: HTTP/1.1)
HTTP/1.1 101 WebSocket Protocol Handshake
Upgrade: WebSocket
Connection: Upgrade
Sec-WebSocket-Accept: QYe5SXckwE8v8vTnUjrSBnNBN1o=

12:03:26.219 [Forwarding get on session 4f7983fa5bd31c2b0149b601f626cf35 to remote] DEBUG org.asynchttpclient.netty.request.NettyRequestSender - Using pooled Channel '[id: 0x126107ef, L:/127.0.0.1:62819 - R:localhost/127.0.0.1:29456]' for 'POST' to 'http://localhost:29456/session/4f7983fa5bd31c2b0149b601f626cf35/url'
12:03:26.220 [Forwarding get on session 4f7983fa5bd31c2b0149b601f626cf35 to remote] DEBUG org.asynchttpclient.netty.request.NettyRequestSender - Using open Channel [id: 0x126107ef, L:/127.0.0.1:62819 - R:localhost/127.0.0.1:29456] for POST '/session/4f7983fa5bd31c2b0149b601f626cf35/url'
12:03:26.557 [AsyncHttpClient-1-1] DEBUG org.asynchttpclient.netty.channel.DefaultChannelPool - Entry count for : http://localhost:62821 : 1
12:03:27.653 [AsyncHttpClient-1-1] DEBUG org.asynchttpclient.netty.channel.DefaultChannelPool - Entry count for : http://localhost:62821 : 1
12:03:28.667 [AsyncHttpClient-1-2] DEBUG org.asynchttpclient.netty.handler.HttpHandler - 

Request DefaultHttpRequest(decodeResult: success, version: HTTP/1.1)
POST /session/4f7983fa5bd31c2b0149b601f626cf35/url HTTP/1.1
User-Agent: selenium/4.8.1 (java windows)
Content-Length: 54
Content-Type: application/json; charset=utf-8
host: localhost:29456
accept: */*

Response DefaultHttpResponse(decodeResult: success, version: HTTP/1.1)
HTTP/1.1 200 OK
Content-Length: 14
Content-Type: application/json; charset=utf-8
cache-control: no-cache

12:03:28.668 [AsyncHttpClient-1-2] DEBUG org.asynchttpclient.netty.channel.ChannelManager - Adding key: http://localhost:29456 for channel [id: 0x126107ef, L:/127.0.0.1:62819 - R:localhost/127.0.0.1:29456]
12:03:28.678 [Forwarding setTimeout on session 4f7983fa5bd31c2b0149b601f626cf35 to remote] DEBUG org.asynchttpclient.netty.request.NettyRequestSender - Using pooled Channel '[id: 0x126107ef, L:/127.0.0.1:62819 - R:localhost/127.0.0.1:29456]' for 'POST' to 'http://localhost:29456/session/4f7983fa5bd31c2b0149b601f626cf35/timeouts'
12:03:28.678 [Forwarding setTimeout on session 4f7983fa5bd31c2b0149b601f626cf35 to remote] DEBUG org.asynchttpclient.netty.request.NettyRequestSender - Using open Channel [id: 0x126107ef, L:/127.0.0.1:62819 - R:localhost/127.0.0.1:29456] for POST '/session/4f7983fa5bd31c2b0149b601f626cf35/timeouts'
12:03:28.682 [AsyncHttpClient-1-2] DEBUG org.asynchttpclient.netty.handler.HttpHandler - 

Request DefaultHttpRequest(decodeResult: success, version: HTTP/1.1)
POST /session/4f7983fa5bd31c2b0149b601f626cf35/timeouts HTTP/1.1
User-Agent: selenium/4.8.1 (java windows)
Content-Length: 22
Content-Type: application/json; charset=utf-8
host: localhost:29456
accept: */*

Response DefaultHttpResponse(decodeResult: success, version: HTTP/1.1)
HTTP/1.1 200 OK
Content-Length: 14
Content-Type: application/json; charset=utf-8
cache-control: no-cache

12:03:28.682 [AsyncHttpClient-1-2] DEBUG org.asynchttpclient.netty.channel.ChannelManager - Adding key: http://localhost:29456 for channel [id: 0x126107ef, L:/127.0.0.1:62819 - R:localhost/127.0.0.1:29456]
12:03:28.753 [main] DEBUG net.serenitybdd.core.photography.Darkroom - Opening darkroom
12:03:28.755 [Darkroom Processing Line] DEBUG net.serenitybdd.core.photography.DarkroomProcessingLine - Darkroom processing line starting up
12:03:28.756 [AsyncHttpClient-1-1] DEBUG org.asynchttpclient.netty.channel.DefaultChannelPool - Entry count for : http://localhost:29456 : 1
12:03:28.756 [AsyncHttpClient-1-1] DEBUG org.asynchttpclient.netty.channel.DefaultChannelPool - Entry count for : http://localhost:62821 : 1
12:03:28.776 [Forwarding getAlertText on session 4f7983fa5bd31c2b0149b601f626cf35 to remote] DEBUG org.asynchttpclient.netty.request.NettyRequestSender - Using pooled Channel '[id: 0x126107ef, L:/127.0.0.1:62819 - R:localhost/127.0.0.1:29456]' for 'GET' to 'http://localhost:29456/session/4f7983fa5bd31c2b0149b601f626cf35/alert/text'
12:03:28.777 [Forwarding getAlertText on session 4f7983fa5bd31c2b0149b601f626cf35 to remote] DEBUG org.asynchttpclient.netty.request.NettyRequestSender - Using open Channel [id: 0x126107ef, L:/127.0.0.1:62819 - R:localhost/127.0.0.1:29456] for GET '/session/4f7983fa5bd31c2b0149b601f626cf35/alert/text'
12:03:28.781 [AsyncHttpClient-1-2] DEBUG org.asynchttpclient.netty.handler.HttpHandler - 

Request DefaultFullHttpRequest(decodeResult: success, version: HTTP/1.1, content: EmptyByteBufBE)
GET /session/4f7983fa5bd31c2b0149b601f626cf35/alert/text HTTP/1.1
User-Agent: selenium/4.8.1 (java windows)
Cache-Control: no-cache
Content-Type: application/json; charset=utf-8
host: localhost:29456
accept: */*

Response DefaultHttpResponse(decodeResult: success, version: HTTP/1.1)
HTTP/1.1 404 Not Found
Content-Length: 821
Content-Type: application/json; charset=utf-8
cache-control: no-cache

12:03:28.782 [AsyncHttpClient-1-2] DEBUG org.asynchttpclient.netty.channel.ChannelManager - Adding key: http://localhost:29456 for channel [id: 0x126107ef, L:/127.0.0.1:62819 - R:localhost/127.0.0.1:29456]
12:03:28.792 [Forwarding getCurrentUrl on session 4f7983fa5bd31c2b0149b601f626cf35 to remote] DEBUG org.asynchttpclient.netty.request.NettyRequestSender - Using pooled Channel '[id: 0x126107ef, L:/127.0.0.1:62819 - R:localhost/127.0.0.1:29456]' for 'GET' to 'http://localhost:29456/session/4f7983fa5bd31c2b0149b601f626cf35/url'
12:03:28.792 [Forwarding getCurrentUrl on session 4f7983fa5bd31c2b0149b601f626cf35 to remote] DEBUG org.asynchttpclient.netty.request.NettyRequestSender - Using open Channel [id: 0x126107ef, L:/127.0.0.1:62819 - R:localhost/127.0.0.1:29456] for GET '/session/4f7983fa5bd31c2b0149b601f626cf35/url'
12:03:28.799 [AsyncHttpClient-1-2] DEBUG org.asynchttpclient.netty.handler.HttpHandler - 

Request DefaultFullHttpRequest(decodeResult: success, version: HTTP/1.1, content: EmptyByteBufBE)
GET /session/4f7983fa5bd31c2b0149b601f626cf35/url HTTP/1.1
User-Agent: selenium/4.8.1 (java windows)
Cache-Control: no-cache
Content-Type: application/json; charset=utf-8
host: localhost:29456
accept: */*

Response DefaultHttpResponse(decodeResult: success, version: HTTP/1.1)
HTTP/1.1 200 OK
Content-Length: 36
Content-Type: application/json; charset=utf-8
cache-control: no-cache

12:03:28.799 [AsyncHttpClient-1-2] DEBUG org.asynchttpclient.netty.channel.ChannelManager - Adding key: http://localhost:29456 for channel [id: 0x126107ef, L:/127.0.0.1:62819 - R:localhost/127.0.0.1:29456]
12:03:28.804 [Forwarding screenshot on session 4f7983fa5bd31c2b0149b601f626cf35 to remote] DEBUG org.asynchttpclient.netty.request.NettyRequestSender - Using pooled Channel '[id: 0x126107ef, L:/127.0.0.1:62819 - R:localhost/127.0.0.1:29456]' for 'GET' to 'http://localhost:29456/session/4f7983fa5bd31c2b0149b601f626cf35/screenshot'
12:03:28.804 [Forwarding screenshot on session 4f7983fa5bd31c2b0149b601f626cf35 to remote] DEBUG org.asynchttpclient.netty.request.NettyRequestSender - Using open Channel [id: 0x126107ef, L:/127.0.0.1:62819 - R:localhost/127.0.0.1:29456] for GET '/session/4f7983fa5bd31c2b0149b601f626cf35/screenshot'
12:03:29.056 [AsyncHttpClient-1-2] DEBUG org.asynchttpclient.netty.handler.HttpHandler - 

Request DefaultFullHttpRequest(decodeResult: success, version: HTTP/1.1, content: EmptyByteBufBE)
GET /session/4f7983fa5bd31c2b0149b601f626cf35/screenshot HTTP/1.1
User-Agent: selenium/4.8.1 (java windows)
Cache-Control: no-cache
Content-Type: application/json; charset=utf-8
host: localhost:29456
accept: */*

Response DefaultHttpResponse(decodeResult: success, version: HTTP/1.1)
HTTP/1.1 200 OK
Content-Length: 369120
Content-Type: application/json; charset=utf-8
cache-control: no-cache

12:03:29.060 [AsyncHttpClient-1-2] DEBUG org.asynchttpclient.netty.channel.ChannelManager - Adding key: http://localhost:29456 for channel [id: 0x126107ef, L:/127.0.0.1:62819 - R:localhost/127.0.0.1:29456]
12:03:29.155 [main] DEBUG net.serenitybdd.core.photography.Darkroom - Send negative for processing for target\site\serenity\8c230bb6a25a5b7726ed4fb047f964aeed79359b86308e4d62870cc5f53f89f6.png
12:03:29.156 [Darkroom Processing Line] DEBUG net.serenitybdd.core.photography.DarkroomProcessingLine - Processing screenshot image in /var/screenshots/screenshot-8512764167415822771
12:03:29.156 [Darkroom Processing Line] DEBUG net.serenitybdd.core.photography.DarkroomProcessingLine - Saving screenshot to target\site\serenity\8c230bb6a25a5b7726ed4fb047f964aeed79359b86308e4d62870cc5f53f89f6.png
12:03:29.159 [Forwarding getPageSource on session 4f7983fa5bd31c2b0149b601f626cf35 to remote] DEBUG org.asynchttpclient.netty.request.NettyRequestSender - Using pooled Channel '[id: 0x126107ef, L:/127.0.0.1:62819 - R:localhost/127.0.0.1:29456]' for 'POST' to 'http://localhost:29456/session/4f7983fa5bd31c2b0149b601f626cf35/execute/sync'
12:03:29.159 [Forwarding getPageSource on session 4f7983fa5bd31c2b0149b601f626cf35 to remote] DEBUG org.asynchttpclient.netty.request.NettyRequestSender - Using open Channel [id: 0x126107ef, L:/127.0.0.1:62819 - R:localhost/127.0.0.1:29456] for POST '/session/4f7983fa5bd31c2b0149b601f626cf35/execute/sync'
12:03:29.180 [AsyncHttpClient-1-2] DEBUG org.asynchttpclient.netty.handler.HttpHandler - 

Request DefaultHttpRequest(decodeResult: success, version: HTTP/1.1)
POST /session/4f7983fa5bd31c2b0149b601f626cf35/execute/sync HTTP/1.1
User-Agent: selenium/4.8.1 (java windows)
Content-Length: 176
Content-Type: application/json; charset=utf-8
host: localhost:29456
accept: */*

Response DefaultHttpResponse(decodeResult: success, version: HTTP/1.1)
HTTP/1.1 200 OK
Content-Length: 176993
Content-Type: application/json; charset=utf-8
cache-control: no-cache

12:03:29.182 [AsyncHttpClient-1-2] DEBUG org.asynchttpclient.netty.channel.ChannelManager - Adding key: http://localhost:29456 for channel [id: 0x126107ef, L:/127.0.0.1:62819 - R:localhost/127.0.0.1:29456]
12:03:29.317 [Forwarding getCurrentUrl on session 4f7983fa5bd31c2b0149b601f626cf35 to remote] DEBUG org.asynchttpclient.netty.request.NettyRequestSender - Using pooled Channel '[id: 0x126107ef, L:/127.0.0.1:62819 - R:localhost/127.0.0.1:29456]' for 'GET' to 'http://localhost:29456/session/4f7983fa5bd31c2b0149b601f626cf35/url'
12:03:29.317 [Forwarding getCurrentUrl on session 4f7983fa5bd31c2b0149b601f626cf35 to remote] DEBUG org.asynchttpclient.netty.request.NettyRequestSender - Using open Channel [id: 0x126107ef, L:/127.0.0.1:62819 - R:localhost/127.0.0.1:29456] for GET '/session/4f7983fa5bd31c2b0149b601f626cf35/url'
12:03:29.323 [AsyncHttpClient-1-2] DEBUG org.asynchttpclient.netty.handler.HttpHandler - 

Request DefaultFullHttpRequest(decodeResult: success, version: HTTP/1.1, content: EmptyByteBufBE)
GET /session/4f7983fa5bd31c2b0149b601f626cf35/url HTTP/1.1
User-Agent: selenium/4.8.1 (java windows)
Cache-Control: no-cache
Content-Type: application/json; charset=utf-8
host: localhost:29456
accept: */*

Response DefaultHttpResponse(decodeResult: success, version: HTTP/1.1)
HTTP/1.1 200 OK
Content-Length: 36
Content-Type: application/json; charset=utf-8
cache-control: no-cache

12:03:29.323 [AsyncHttpClient-1-2] DEBUG org.asynchttpclient.netty.channel.ChannelManager - Adding key: http://localhost:29456 for channel [id: 0x126107ef, L:/127.0.0.1:62819 - R:localhost/127.0.0.1:29456]
12:03:29.330 [main] DEBUG net.thucydides.core.steps.StepInterceptor - STARTING STEP: LoginSteps.onTheLoginPage - validateOnTheLoginPage
12:03:29.343 [Forwarding findElement on session 4f7983fa5bd31c2b0149b601f626cf35 to remote] DEBUG org.asynchttpclient.netty.request.NettyRequestSender - Using pooled Channel '[id: 0x126107ef, L:/127.0.0.1:62819 - R:localhost/127.0.0.1:29456]' for 'POST' to 'http://localhost:29456/session/4f7983fa5bd31c2b0149b601f626cf35/element'
12:03:29.343 [Forwarding findElement on session 4f7983fa5bd31c2b0149b601f626cf35 to remote] DEBUG org.asynchttpclient.netty.request.NettyRequestSender - Using open Channel [id: 0x126107ef, L:/127.0.0.1:62819 - R:localhost/127.0.0.1:29456] for POST '/session/4f7983fa5bd31c2b0149b601f626cf35/element'
12:03:29.358 [AsyncHttpClient-1-2] DEBUG org.asynchttpclient.netty.handler.HttpHandler - 

Request DefaultHttpRequest(decodeResult: success, version: HTTP/1.1)
POST /session/4f7983fa5bd31c2b0149b601f626cf35/element HTTP/1.1
User-Agent: selenium/4.8.1 (java windows)
Content-Length: 63
Content-Type: application/json; charset=utf-8
host: localhost:29456
accept: */*

Response DefaultHttpResponse(decodeResult: success, version: HTTP/1.1)
HTTP/1.1 200 OK
Content-Length: 88
Content-Type: application/json; charset=utf-8
cache-control: no-cache

12:03:29.358 [AsyncHttpClient-1-2] DEBUG org.asynchttpclient.netty.channel.ChannelManager - Adding key: http://localhost:29456 for channel [id: 0x126107ef, L:/127.0.0.1:62819 - R:localhost/127.0.0.1:29456]
12:03:29.369 [Forwarding isElementDisplayed on session 4f7983fa5bd31c2b0149b601f626cf35 to remote] DEBUG org.asynchttpclient.netty.request.NettyRequestSender - Using pooled Channel '[id: 0x126107ef, L:/127.0.0.1:62819 - R:localhost/127.0.0.1:29456]' for 'POST' to 'http://localhost:29456/session/4f7983fa5bd31c2b0149b601f626cf35/execute/sync'
12:03:29.369 [Forwarding isElementDisplayed on session 4f7983fa5bd31c2b0149b601f626cf35 to remote] DEBUG org.asynchttpclient.netty.request.NettyRequestSender - Using open Channel [id: 0x126107ef, L:/127.0.0.1:62819 - R:localhost/127.0.0.1:29456] for POST '/session/4f7983fa5bd31c2b0149b601f626cf35/execute/sync'
12:03:29.386 [AsyncHttpClient-1-2] DEBUG org.asynchttpclient.netty.handler.HttpHandler - 

Request DefaultHttpRequest(decodeResult: success, version: HTTP/1.1)
POST /session/4f7983fa5bd31c2b0149b601f626cf35/execute/sync HTTP/1.1
User-Agent: selenium/4.8.1 (java windows)
Content-Length: 48807
Content-Type: application/json; charset=utf-8
host: localhost:29456
accept: */*

Response DefaultHttpResponse(decodeResult: success, version: HTTP/1.1)
HTTP/1.1 200 OK
Content-Length: 14
Content-Type: application/json; charset=utf-8
cache-control: no-cache

12:03:29.386 [AsyncHttpClient-1-2] DEBUG org.asynchttpclient.netty.channel.ChannelManager - Adding key: http://localhost:29456 for channel [id: 0x126107ef, L:/127.0.0.1:62819 - R:localhost/127.0.0.1:29456]
12:03:29.395 [Forwarding getAlertText on session 4f7983fa5bd31c2b0149b601f626cf35 to remote] DEBUG org.asynchttpclient.netty.request.NettyRequestSender - Using pooled Channel '[id: 0x126107ef, L:/127.0.0.1:62819 - R:localhost/127.0.0.1:29456]' for 'GET' to 'http://localhost:29456/session/4f7983fa5bd31c2b0149b601f626cf35/alert/text'
12:03:29.395 [Forwarding getAlertText on session 4f7983fa5bd31c2b0149b601f626cf35 to remote] DEBUG org.asynchttpclient.netty.request.NettyRequestSender - Using open Channel [id: 0x126107ef, L:/127.0.0.1:62819 - R:localhost/127.0.0.1:29456] for GET '/session/4f7983fa5bd31c2b0149b601f626cf35/alert/text'
12:03:29.397 [AsyncHttpClient-1-2] DEBUG org.asynchttpclient.netty.handler.HttpHandler - 

Request DefaultFullHttpRequest(decodeResult: success, version: HTTP/1.1, content: EmptyByteBufBE)
GET /session/4f7983fa5bd31c2b0149b601f626cf35/alert/text HTTP/1.1
User-Agent: selenium/4.8.1 (java windows)
Cache-Control: no-cache
Content-Type: application/json; charset=utf-8
host: localhost:29456
accept: */*

Response DefaultHttpResponse(decodeResult: success, version: HTTP/1.1)
HTTP/1.1 404 Not Found
Content-Length: 821
Content-Type: application/json; charset=utf-8
cache-control: no-cache

12:03:29.397 [AsyncHttpClient-1-2] DEBUG org.asynchttpclient.netty.channel.ChannelManager - Adding key: http://localhost:29456 for channel [id: 0x126107ef, L:/127.0.0.1:62819 - R:localhost/127.0.0.1:29456]
12:03:29.399 [Forwarding getCurrentUrl on session 4f7983fa5bd31c2b0149b601f626cf35 to remote] DEBUG org.asynchttpclient.netty.request.NettyRequestSender - Using pooled Channel '[id: 0x126107ef, L:/127.0.0.1:62819 - R:localhost/127.0.0.1:29456]' for 'GET' to 'http://localhost:29456/session/4f7983fa5bd31c2b0149b601f626cf35/url'
12:03:29.399 [Forwarding getCurrentUrl on session 4f7983fa5bd31c2b0149b601f626cf35 to remote] DEBUG org.asynchttpclient.netty.request.NettyRequestSender - Using open Channel [id: 0x126107ef, L:/127.0.0.1:62819 - R:localhost/127.0.0.1:29456] for GET '/session/4f7983fa5bd31c2b0149b601f626cf35/url'
12:03:29.404 [AsyncHttpClient-1-2] DEBUG org.asynchttpclient.netty.handler.HttpHandler - 

Request DefaultFullHttpRequest(decodeResult: success, version: HTTP/1.1, content: EmptyByteBufBE)
GET /session/4f7983fa5bd31c2b0149b601f626cf35/url HTTP/1.1
User-Agent: selenium/4.8.1 (java windows)
Cache-Control: no-cache
Content-Type: application/json; charset=utf-8
host: localhost:29456
accept: */*

Response DefaultHttpResponse(decodeResult: success, version: HTTP/1.1)
HTTP/1.1 200 OK
Content-Length: 36
Content-Type: application/json; charset=utf-8
cache-control: no-cache

12:03:29.404 [AsyncHttpClient-1-2] DEBUG org.asynchttpclient.netty.channel.ChannelManager - Adding key: http://localhost:29456 for channel [id: 0x126107ef, L:/127.0.0.1:62819 - R:localhost/127.0.0.1:29456]
12:03:29.407 [Forwarding screenshot on session 4f7983fa5bd31c2b0149b601f626cf35 to remote] DEBUG org.asynchttpclient.netty.request.NettyRequestSender - Using pooled Channel '[id: 0x126107ef, L:/127.0.0.1:62819 - R:localhost/127.0.0.1:29456]' for 'GET' to 'http://localhost:29456/session/4f7983fa5bd31c2b0149b601f626cf35/screenshot'
12:03:29.407 [Forwarding screenshot on session 4f7983fa5bd31c2b0149b601f626cf35 to remote] DEBUG org.asynchttpclient.netty.request.NettyRequestSender - Using open Channel [id: 0x126107ef, L:/127.0.0.1:62819 - R:localhost/127.0.0.1:29456] for GET '/session/4f7983fa5bd31c2b0149b601f626cf35/screenshot'
12:03:29.590 [AsyncHttpClient-1-2] DEBUG org.asynchttpclient.netty.handler.HttpHandler - 

Request DefaultFullHttpRequest(decodeResult: success, version: HTTP/1.1, content: EmptyByteBufBE)
GET /session/4f7983fa5bd31c2b0149b601f626cf35/screenshot HTTP/1.1
User-Agent: selenium/4.8.1 (java windows)
Cache-Control: no-cache
Content-Type: application/json; charset=utf-8
host: localhost:29456
accept: */*

Response DefaultHttpResponse(decodeResult: success, version: HTTP/1.1)
HTTP/1.1 200 OK
Content-Length: 369120
Content-Type: application/json; charset=utf-8
cache-control: no-cache

12:03:29.594 [AsyncHttpClient-1-2] DEBUG org.asynchttpclient.netty.channel.ChannelManager - Adding key: http://localhost:29456 for channel [id: 0x126107ef, L:/127.0.0.1:62819 - R:localhost/127.0.0.1:29456]
12:03:29.607 [main] DEBUG net.serenitybdd.core.photography.Darkroom - Send negative for processing for target\site\serenity\8c230bb6a25a5b7726ed4fb047f964aeed79359b86308e4d62870cc5f53f89f6.png
12:03:29.610 [main] DEBUG net.thucydides.core.steps.StepInterceptor - STEP DONE: validateOnTheLoginPage
  &amp#27;[32mGiven &amp#27;[0m&amp#27;[32mI am on the login page&amp#27;[0m    &amp#27;[90m# starter.stepdefinitions.LoginSteps.onTheLoginPage()&amp#27;[0m
12:03:29.628 [Forwarding getPageSource on session 4f7983fa5bd31c2b0149b601f626cf35 to remote] DEBUG org.asynchttpclient.netty.request.NettyRequestSender - Using pooled Channel '[id: 0x126107ef, L:/127.0.0.1:62819 - R:localhost/127.0.0.1:29456]' for 'POST' to 'http://localhost:29456/session/4f7983fa5bd31c2b0149b601f626cf35/execute/sync'
12:03:29.628 [Forwarding getPageSource on session 4f7983fa5bd31c2b0149b601f626cf35 to remote] DEBUG org.asynchttpclient.netty.request.NettyRequestSender - Using open Channel [id: 0x126107ef, L:/127.0.0.1:62819 - R:localhost/127.0.0.1:29456] for POST '/session/4f7983fa5bd31c2b0149b601f626cf35/execute/sync'
12:03:29.647 [AsyncHttpClient-1-2] DEBUG org.asynchttpclient.netty.handler.HttpHandler - 

Request DefaultHttpRequest(decodeResult: success, version: HTTP/1.1)
POST /session/4f7983fa5bd31c2b0149b601f626cf35/execute/sync HTTP/1.1
User-Agent: selenium/4.8.1 (java windows)
Content-Length: 176
Content-Type: application/json; charset=utf-8
host: localhost:29456
accept: */*

Response DefaultHttpResponse(decodeResult: success, version: HTTP/1.1)
HTTP/1.1 200 OK
Content-Length: 176993
Content-Type: application/json; charset=utf-8
cache-control: no-cache

12:03:29.649 [AsyncHttpClient-1-2] DEBUG org.asynchttpclient.netty.channel.ChannelManager - Adding key: http://localhost:29456 for channel [id: 0x126107ef, L:/127.0.0.1:62819 - R:localhost/127.0.0.1:29456]
12:03:29.683 [Forwarding getCurrentUrl on session 4f7983fa5bd31c2b0149b601f626cf35 to remote] DEBUG org.asynchttpclient.netty.request.NettyRequestSender - Using pooled Channel '[id: 0x126107ef, L:/127.0.0.1:62819 - R:localhost/127.0.0.1:29456]' for 'GET' to 'http://localhost:29456/session/4f7983fa5bd31c2b0149b601f626cf35/url'
12:03:29.684 [Forwarding getCurrentUrl on session 4f7983fa5bd31c2b0149b601f626cf35 to remote] DEBUG org.asynchttpclient.netty.request.NettyRequestSender - Using open Channel [id: 0x126107ef, L:/127.0.0.1:62819 - R:localhost/127.0.0.1:29456] for GET '/session/4f7983fa5bd31c2b0149b601f626cf35/url'
12:03:29.691 [AsyncHttpClient-1-2] DEBUG org.asynchttpclient.netty.handler.HttpHandler - 

Request DefaultFullHttpRequest(decodeResult: success, version: HTTP/1.1, content: EmptyByteBufBE)
GET /session/4f7983fa5bd31c2b0149b601f626cf35/url HTTP/1.1
User-Agent: selenium/4.8.1 (java windows)
Cache-Control: no-cache
Content-Type: application/json; charset=utf-8
host: localhost:29456
accept: */*

Response DefaultHttpResponse(decodeResult: success, version: HTTP/1.1)
HTTP/1.1 200 OK
Content-Length: 36
Content-Type: application/json; charset=utf-8
cache-control: no-cache

12:03:29.691 [AsyncHttpClient-1-2] DEBUG org.asynchttpclient.netty.channel.ChannelManager - Adding key: http://localhost:29456 for channel [id: 0x126107ef, L:/127.0.0.1:62819 - R:localhost/127.0.0.1:29456]
12:03:29.712 [Forwarding getAlertText on session 4f7983fa5bd31c2b0149b601f626cf35 to remote] DEBUG org.asynchttpclient.netty.request.NettyRequestSender - Using pooled Channel '[id: 0x126107ef, L:/127.0.0.1:62819 - R:localhost/127.0.0.1:29456]' for 'GET' to 'http://localhost:29456/session/4f7983fa5bd31c2b0149b601f626cf35/alert/text'
12:03:29.712 [Forwarding getAlertText on session 4f7983fa5bd31c2b0149b601f626cf35 to remote] DEBUG org.asynchttpclient.netty.request.NettyRequestSender - Using open Channel [id: 0x126107ef, L:/127.0.0.1:62819 - R:localhost/127.0.0.1:29456] for GET '/session/4f7983fa5bd31c2b0149b601f626cf35/alert/text'
12:03:29.714 [AsyncHttpClient-1-2] DEBUG org.asynchttpclient.netty.handler.HttpHandler - 

Request DefaultFullHttpRequest(decodeResult: success, version: HTTP/1.1, content: EmptyByteBufBE)
GET /session/4f7983fa5bd31c2b0149b601f626cf35/alert/text HTTP/1.1
User-Agent: selenium/4.8.1 (java windows)
Cache-Control: no-cache
Content-Type: application/json; charset=utf-8
host: localhost:29456
accept: */*

Response DefaultHttpResponse(decodeResult: success, version: HTTP/1.1)
HTTP/1.1 404 Not Found
Content-Length: 821
Content-Type: application/json; charset=utf-8
cache-control: no-cache

12:03:29.714 [AsyncHttpClient-1-2] DEBUG org.asynchttpclient.netty.channel.ChannelManager - Adding key: http://localhost:29456 for channel [id: 0x126107ef, L:/127.0.0.1:62819 - R:localhost/127.0.0.1:29456]
12:03:29.716 [Forwarding getCurrentUrl on session 4f7983fa5bd31c2b0149b601f626cf35 to remote] DEBUG org.asynchttpclient.netty.request.NettyRequestSender - Using pooled Channel '[id: 0x126107ef, L:/127.0.0.1:62819 - R:localhost/127.0.0.1:29456]' for 'GET' to 'http://localhost:29456/session/4f7983fa5bd31c2b0149b601f626cf35/url'
12:03:29.716 [Forwarding getCurrentUrl on session 4f7983fa5bd31c2b0149b601f626cf35 to remote] DEBUG org.asynchttpclient.netty.request.NettyRequestSender - Using open Channel [id: 0x126107ef, L:/127.0.0.1:62819 - R:localhost/127.0.0.1:29456] for GET '/session/4f7983fa5bd31c2b0149b601f626cf35/url'
12:03:29.720 [AsyncHttpClient-1-2] DEBUG org.asynchttpclient.netty.handler.HttpHandler - 

Request DefaultFullHttpRequest(decodeResult: success, version: HTTP/1.1, content: EmptyByteBufBE)
GET /session/4f7983fa5bd31c2b0149b601f626cf35/url HTTP/1.1
User-Agent: selenium/4.8.1 (java windows)
Cache-Control: no-cache
Content-Type: application/json; charset=utf-8
host: localhost:29456
accept: */*

Response DefaultHttpResponse(decodeResult: success, version: HTTP/1.1)
HTTP/1.1 200 OK
Content-Length: 36
Content-Type: application/json; charset=utf-8
cache-control: no-cache

12:03:29.720 [AsyncHttpClient-1-2] DEBUG org.asynchttpclient.netty.channel.ChannelManager - Adding key: http://localhost:29456 for channel [id: 0x126107ef, L:/127.0.0.1:62819 - R:localhost/127.0.0.1:29456]
12:03:29.722 [Forwarding screenshot on session 4f7983fa5bd31c2b0149b601f626cf35 to remote] DEBUG org.asynchttpclient.netty.request.NettyRequestSender - Using pooled Channel '[id: 0x126107ef, L:/127.0.0.1:62819 - R:localhost/127.0.0.1:29456]' for 'GET' to 'http://localhost:29456/session/4f7983fa5bd31c2b0149b601f626cf35/screenshot'
12:03:29.722 [Forwarding screenshot on session 4f7983fa5bd31c2b0149b601f626cf35 to remote] DEBUG org.asynchttpclient.netty.request.NettyRequestSender - Using open Channel [id: 0x126107ef, L:/127.0.0.1:62819 - R:localhost/127.0.0.1:29456] for GET '/session/4f7983fa5bd31c2b0149b601f626cf35/screenshot'
12:03:29.859 [AsyncHttpClient-1-2] DEBUG org.asynchttpclient.netty.handler.HttpHandler - 

Request DefaultFullHttpRequest(decodeResult: success, version: HTTP/1.1, content: EmptyByteBufBE)
GET /session/4f7983fa5bd31c2b0149b601f626cf35/screenshot HTTP/1.1
User-Agent: selenium/4.8.1 (java windows)
Cache-Control: no-cache
Content-Type: application/json; charset=utf-8
host: localhost:29456
accept: */*

Response DefaultHttpResponse(decodeResult: success, version: HTTP/1.1)
HTTP/1.1 200 OK
Content-Length: 369120
Content-Type: application/json; charset=utf-8
cache-control: no-cache

12:03:29.862 [AsyncHttpClient-1-1] DEBUG org.asynchttpclient.netty.channel.DefaultChannelPool - Entry count for : http://localhost:62821 : 1
12:03:29.864 [AsyncHttpClient-1-2] DEBUG org.asynchttpclient.netty.channel.ChannelManager - Adding key: http://localhost:29456 for channel [id: 0x126107ef, L:/127.0.0.1:62819 - R:localhost/127.0.0.1:29456]
12:03:29.874 [main] DEBUG net.serenitybdd.core.photography.Darkroom - Send negative for processing for target\site\serenity\8c230bb6a25a5b7726ed4fb047f964aeed79359b86308e4d62870cc5f53f89f6.png
12:03:29.876 [Forwarding getPageSource on session 4f7983fa5bd31c2b0149b601f626cf35 to remote] DEBUG org.asynchttpclient.netty.request.NettyRequestSender - Using pooled Channel '[id: 0x126107ef, L:/127.0.0.1:62819 - R:localhost/127.0.0.1:29456]' for 'POST' to 'http://localhost:29456/session/4f7983fa5bd31c2b0149b601f626cf35/execute/sync'
12:03:29.876 [Forwarding getPageSource on session 4f7983fa5bd31c2b0149b601f626cf35 to remote] DEBUG org.asynchttpclient.netty.request.NettyRequestSender - Using open Channel [id: 0x126107ef, L:/127.0.0.1:62819 - R:localhost/127.0.0.1:29456] for POST '/session/4f7983fa5bd31c2b0149b601f626cf35/execute/sync'
12:03:29.893 [AsyncHttpClient-1-2] DEBUG org.asynchttpclient.netty.handler.HttpHandler - 

Request DefaultHttpRequest(decodeResult: success, version: HTTP/1.1)
POST /session/4f7983fa5bd31c2b0149b601f626cf35/execute/sync HTTP/1.1
User-Agent: selenium/4.8.1 (java windows)
Content-Length: 176
Content-Type: application/json; charset=utf-8
host: localhost:29456
accept: */*

Response DefaultHttpResponse(decodeResult: success, version: HTTP/1.1)
HTTP/1.1 200 OK
Content-Length: 176993
Content-Type: application/json; charset=utf-8
cache-control: no-cache

12:03:29.894 [AsyncHttpClient-1-2] DEBUG org.asynchttpclient.netty.channel.ChannelManager - Adding key: http://localhost:29456 for channel [id: 0x126107ef, L:/127.0.0.1:62819 - R:localhost/127.0.0.1:29456]
12:03:29.918 [Forwarding getCurrentUrl on session 4f7983fa5bd31c2b0149b601f626cf35 to remote] DEBUG org.asynchttpclient.netty.request.NettyRequestSender - Using pooled Channel '[id: 0x126107ef, L:/127.0.0.1:62819 - R:localhost/127.0.0.1:29456]' for 'GET' to 'http://localhost:29456/session/4f7983fa5bd31c2b0149b601f626cf35/url'
12:03:29.918 [Forwarding getCurrentUrl on session 4f7983fa5bd31c2b0149b601f626cf35 to remote] DEBUG org.asynchttpclient.netty.request.NettyRequestSender - Using open Channel [id: 0x126107ef, L:/127.0.0.1:62819 - R:localhost/127.0.0.1:29456] for GET '/session/4f7983fa5bd31c2b0149b601f626cf35/url'
12:03:29.923 [AsyncHttpClient-1-2] DEBUG org.asynchttpclient.netty.handler.HttpHandler - 

Request DefaultFullHttpRequest(decodeResult: success, version: HTTP/1.1, content: EmptyByteBufBE)
GET /session/4f7983fa5bd31c2b0149b601f626cf35/url HTTP/1.1
User-Agent: selenium/4.8.1 (java windows)
Cache-Control: no-cache
Content-Type: application/json; charset=utf-8
host: localhost:29456
accept: */*

Response DefaultHttpResponse(decodeResult: success, version: HTTP/1.1)
HTTP/1.1 200 OK
Content-Length: 36
Content-Type: application/json; charset=utf-8
cache-control: no-cache

12:03:29.923 [AsyncHttpClient-1-2] DEBUG org.asynchttpclient.netty.channel.ChannelManager - Adding key: http://localhost:29456 for channel [id: 0x126107ef, L:/127.0.0.1:62819 - R:localhost/127.0.0.1:29456]
12:03:29.926 [main] DEBUG net.thucydides.core.steps.StepInterceptor - STARTING STEP: LoginSteps.doClickMasukButton - clickMasukLogin
12:03:29.939 [Forwarding findElement on session 4f7983fa5bd31c2b0149b601f626cf35 to remote] DEBUG org.asynchttpclient.netty.request.NettyRequestSender - Using pooled Channel '[id: 0x126107ef, L:/127.0.0.1:62819 - R:localhost/127.0.0.1:29456]' for 'POST' to 'http://localhost:29456/session/4f7983fa5bd31c2b0149b601f626cf35/element'
12:03:29.939 [Forwarding findElement on session 4f7983fa5bd31c2b0149b601f626cf35 to remote] DEBUG org.asynchttpclient.netty.request.NettyRequestSender - Using open Channel [id: 0x126107ef, L:/127.0.0.1:62819 - R:localhost/127.0.0.1:29456] for POST '/session/4f7983fa5bd31c2b0149b601f626cf35/element'
12:03:29.947 [AsyncHttpClient-1-2] DEBUG org.asynchttpclient.netty.handler.HttpHandler - 

Request DefaultHttpRequest(decodeResult: success, version: HTTP/1.1)
POST /session/4f7983fa5bd31c2b0149b601f626cf35/element HTTP/1.1
User-Agent: selenium/4.8.1 (java windows)
Content-Length: 63
Content-Type: application/json; charset=utf-8
host: localhost:29456
accept: */*

Response DefaultHttpResponse(decodeResult: success, version: HTTP/1.1)
HTTP/1.1 200 OK
Content-Length: 88
Content-Type: application/json; charset=utf-8
cache-control: no-cache

12:03:29.948 [AsyncHttpClient-1-2] DEBUG org.asynchttpclient.netty.channel.ChannelManager - Adding key: http://localhost:29456 for channel [id: 0x126107ef, L:/127.0.0.1:62819 - R:localhost/127.0.0.1:29456]
12:03:29.950 [Forwarding getElementTagName on session 4f7983fa5bd31c2b0149b601f626cf35 to remote] DEBUG org.asynchttpclient.netty.request.NettyRequestSender - Using pooled Channel '[id: 0x126107ef, L:/127.0.0.1:62819 - R:localhost/127.0.0.1:29456]' for 'GET' to 'http://localhost:29456/session/4f7983fa5bd31c2b0149b601f626cf35/element/9862733e-655a-4a03-9a83-be0e75acbb36/name'
12:03:29.950 [Forwarding getElementTagName on session 4f7983fa5bd31c2b0149b601f626cf35 to remote] DEBUG org.asynchttpclient.netty.request.NettyRequestSender - Using open Channel [id: 0x126107ef, L:/127.0.0.1:62819 - R:localhost/127.0.0.1:29456] for GET '/session/4f7983fa5bd31c2b0149b601f626cf35/element/9862733e-655a-4a03-9a83-be0e75acbb36/name'
12:03:29.958 [AsyncHttpClient-1-2] DEBUG org.asynchttpclient.netty.handler.HttpHandler - 

Request DefaultFullHttpRequest(decodeResult: success, version: HTTP/1.1, content: EmptyByteBufBE)
GET /session/4f7983fa5bd31c2b0149b601f626cf35/element/9862733e-655a-4a03-9a83-be0e75acbb36/name HTTP/1.1
User-Agent: selenium/4.8.1 (java windows)
Cache-Control: no-cache
Content-Type: application/json; charset=utf-8
host: localhost:29456
accept: */*

Response DefaultHttpResponse(decodeResult: success, version: HTTP/1.1)
HTTP/1.1 200 OK
Content-Length: 18
Content-Type: application/json; charset=utf-8
cache-control: no-cache

12:03:29.958 [AsyncHttpClient-1-2] DEBUG org.asynchttpclient.netty.channel.ChannelManager - Adding key: http://localhost:29456 for channel [id: 0x126107ef, L:/127.0.0.1:62819 - R:localhost/127.0.0.1:29456]
12:03:29.960 [Forwarding getElementTagName on session 4f7983fa5bd31c2b0149b601f626cf35 to remote] DEBUG org.asynchttpclient.netty.request.NettyRequestSender - Using pooled Channel '[id: 0x126107ef, L:/127.0.0.1:62819 - R:localhost/127.0.0.1:29456]' for 'GET' to 'http://localhost:29456/session/4f7983fa5bd31c2b0149b601f626cf35/element/9862733e-655a-4a03-9a83-be0e75acbb36/name'
12:03:29.960 [Forwarding getElementTagName on session 4f7983fa5bd31c2b0149b601f626cf35 to remote] DEBUG org.asynchttpclient.netty.request.NettyRequestSender - Using open Channel [id: 0x126107ef, L:/127.0.0.1:62819 - R:localhost/127.0.0.1:29456] for GET '/session/4f7983fa5bd31c2b0149b601f626cf35/element/9862733e-655a-4a03-9a83-be0e75acbb36/name'
12:03:29.964 [AsyncHttpClient-1-2] DEBUG org.asynchttpclient.netty.handler.HttpHandler - 

Request DefaultFullHttpRequest(decodeResult: success, version: HTTP/1.1, content: EmptyByteBufBE)
GET /session/4f7983fa5bd31c2b0149b601f626cf35/element/9862733e-655a-4a03-9a83-be0e75acbb36/name HTTP/1.1
User-Agent: selenium/4.8.1 (java windows)
Cache-Control: no-cache
Content-Type: application/json; charset=utf-8
host: localhost:29456
accept: */*

Response DefaultHttpResponse(decodeResult: success, version: HTTP/1.1)
HTTP/1.1 200 OK
Content-Length: 18
Content-Type: application/json; charset=utf-8
cache-control: no-cache

12:03:29.964 [AsyncHttpClient-1-2] DEBUG org.asynchttpclient.netty.channel.ChannelManager - Adding key: http://localhost:29456 for channel [id: 0x126107ef, L:/127.0.0.1:62819 - R:localhost/127.0.0.1:29456]
12:03:29.970 [Forwarding isElementEnabled on session 4f7983fa5bd31c2b0149b601f626cf35 to remote] DEBUG org.asynchttpclient.netty.request.NettyRequestSender - Using pooled Channel '[id: 0x126107ef, L:/127.0.0.1:62819 - R:localhost/127.0.0.1:29456]' for 'GET' to 'http://localhost:29456/session/4f7983fa5bd31c2b0149b601f626cf35/element/9862733e-655a-4a03-9a83-be0e75acbb36/enabled'
12:03:29.970 [Forwarding isElementEnabled on session 4f7983fa5bd31c2b0149b601f626cf35 to remote] DEBUG org.asynchttpclient.netty.request.NettyRequestSender - Using open Channel [id: 0x126107ef, L:/127.0.0.1:62819 - R:localhost/127.0.0.1:29456] for GET '/session/4f7983fa5bd31c2b0149b601f626cf35/element/9862733e-655a-4a03-9a83-be0e75acbb36/enabled'
12:03:29.981 [AsyncHttpClient-1-2] DEBUG org.asynchttpclient.netty.handler.HttpHandler - 

Request DefaultFullHttpRequest(decodeResult: success, version: HTTP/1.1, content: EmptyByteBufBE)
GET /session/4f7983fa5bd31c2b0149b601f626cf35/element/9862733e-655a-4a03-9a83-be0e75acbb36/enabled HTTP/1.1
User-Agent: selenium/4.8.1 (java windows)
Cache-Control: no-cache
Content-Type: application/json; charset=utf-8
host: localhost:29456
accept: */*

Response DefaultHttpResponse(decodeResult: success, version: HTTP/1.1)
HTTP/1.1 200 OK
Content-Length: 14
Content-Type: application/json; charset=utf-8
cache-control: no-cache

12:03:29.981 [AsyncHttpClient-1-2] DEBUG org.asynchttpclient.netty.channel.ChannelManager - Adding key: http://localhost:29456 for channel [id: 0x126107ef, L:/127.0.0.1:62819 - R:localhost/127.0.0.1:29456]
12:03:29.983 [Forwarding isElementEnabled on session 4f7983fa5bd31c2b0149b601f626cf35 to remote] DEBUG org.asynchttpclient.netty.request.NettyRequestSender - Using pooled Channel '[id: 0x126107ef, L:/127.0.0.1:62819 - R:localhost/127.0.0.1:29456]' for 'GET' to 'http://localhost:29456/session/4f7983fa5bd31c2b0149b601f626cf35/element/9862733e-655a-4a03-9a83-be0e75acbb36/enabled'
12:03:29.983 [Forwarding isElementEnabled on session 4f7983fa5bd31c2b0149b601f626cf35 to remote] DEBUG org.asynchttpclient.netty.request.NettyRequestSender - Using open Channel [id: 0x126107ef, L:/127.0.0.1:62819 - R:localhost/127.0.0.1:29456] for GET '/session/4f7983fa5bd31c2b0149b601f626cf35/element/9862733e-655a-4a03-9a83-be0e75acbb36/enabled'
12:03:29.988 [AsyncHttpClient-1-2] DEBUG org.asynchttpclient.netty.handler.HttpHandler - 

Request DefaultFullHttpRequest(decodeResult: success, version: HTTP/1.1, content: EmptyByteBufBE)
GET /session/4f7983fa5bd31c2b0149b601f626cf35/element/9862733e-655a-4a03-9a83-be0e75acbb36/enabled HTTP/1.1
User-Agent: selenium/4.8.1 (java windows)
Cache-Control: no-cache
Content-Type: application/json; charset=utf-8
host: localhost:29456
accept: */*

Response DefaultHttpResponse(decodeResult: success, version: HTTP/1.1)
HTTP/1.1 200 OK
Content-Length: 14
Content-Type: application/json; charset=utf-8
cache-control: no-cache

12:03:29.989 [AsyncHttpClient-1-2] DEBUG org.asynchttpclient.netty.channel.ChannelManager - Adding key: http://localhost:29456 for channel [id: 0x126107ef, L:/127.0.0.1:62819 - R:localhost/127.0.0.1:29456]
12:03:29.993 [Forwarding findElement on session 4f7983fa5bd31c2b0149b601f626cf35 to remote] DEBUG org.asynchttpclient.netty.request.NettyRequestSender - Using pooled Channel '[id: 0x126107ef, L:/127.0.0.1:62819 - R:localhost/127.0.0.1:29456]' for 'POST' to 'http://localhost:29456/session/4f7983fa5bd31c2b0149b601f626cf35/element'
12:03:29.993 [Forwarding findElement on session 4f7983fa5bd31c2b0149b601f626cf35 to remote] DEBUG org.asynchttpclient.netty.request.NettyRequestSender - Using open Channel [id: 0x126107ef, L:/127.0.0.1:62819 - R:localhost/127.0.0.1:29456] for POST '/session/4f7983fa5bd31c2b0149b601f626cf35/element'
12:03:30.000 [AsyncHttpClient-1-2] DEBUG org.asynchttpclient.netty.handler.HttpHandler - 

Request DefaultHttpRequest(decodeResult: success, version: HTTP/1.1)
POST /session/4f7983fa5bd31c2b0149b601f626cf35/element HTTP/1.1
User-Agent: selenium/4.8.1 (java windows)
Content-Length: 63
Content-Type: application/json; charset=utf-8
host: localhost:29456
accept: */*

Response DefaultHttpResponse(decodeResult: success, version: HTTP/1.1)
HTTP/1.1 200 OK
Content-Length: 88
Content-Type: application/json; charset=utf-8
cache-control: no-cache

12:03:30.000 [AsyncHttpClient-1-2] DEBUG org.asynchttpclient.netty.channel.ChannelManager - Adding key: http://localhost:29456 for channel [id: 0x126107ef, L:/127.0.0.1:62819 - R:localhost/127.0.0.1:29456]
12:03:30.001 [Forwarding clickElement on session 4f7983fa5bd31c2b0149b601f626cf35 to remote] DEBUG org.asynchttpclient.netty.request.NettyRequestSender - Using pooled Channel '[id: 0x126107ef, L:/127.0.0.1:62819 - R:localhost/127.0.0.1:29456]' for 'POST' to 'http://localhost:29456/session/4f7983fa5bd31c2b0149b601f626cf35/element/9862733e-655a-4a03-9a83-be0e75acbb36/click'
12:03:30.002 [Forwarding clickElement on session 4f7983fa5bd31c2b0149b601f626cf35 to remote] DEBUG org.asynchttpclient.netty.request.NettyRequestSender - Using open Channel [id: 0x126107ef, L:/127.0.0.1:62819 - R:localhost/127.0.0.1:29456] for POST '/session/4f7983fa5bd31c2b0149b601f626cf35/element/9862733e-655a-4a03-9a83-be0e75acbb36/click'
12:03:30.620 [AsyncHttpClient-1-2] DEBUG org.asynchttpclient.netty.handler.HttpHandler - 

Request DefaultHttpRequest(decodeResult: success, version: HTTP/1.1)
POST /session/4f7983fa5bd31c2b0149b601f626cf35/element/9862733e-655a-4a03-9a83-be0e75acbb36/click HTTP/1.1
User-Agent: selenium/4.8.1 (java windows)
Content-Length: 50
Content-Type: application/json; charset=utf-8
host: localhost:29456
accept: */*

Response DefaultHttpResponse(decodeResult: success, version: HTTP/1.1)
HTTP/1.1 200 OK
Content-Length: 14
Content-Type: application/json; charset=utf-8
cache-control: no-cache

12:03:30.620 [AsyncHttpClient-1-2] DEBUG org.asynchttpclient.netty.channel.ChannelManager - Adding key: http://localhost:29456 for channel [id: 0x126107ef, L:/127.0.0.1:62819 - R:localhost/127.0.0.1:29456]
12:03:30.645 [Forwarding getAlertText on session 4f7983fa5bd31c2b0149b601f626cf35 to remote] DEBUG org.asynchttpclient.netty.request.NettyRequestSender - Using pooled Channel '[id: 0x126107ef, L:/127.0.0.1:62819 - R:localhost/127.0.0.1:29456]' for 'GET' to 'http://localhost:29456/session/4f7983fa5bd31c2b0149b601f626cf35/alert/text'
12:03:30.645 [Forwarding getAlertText on session 4f7983fa5bd31c2b0149b601f626cf35 to remote] DEBUG org.asynchttpclient.netty.request.NettyRequestSender - Using open Channel [id: 0x126107ef, L:/127.0.0.1:62819 - R:localhost/127.0.0.1:29456] for GET '/session/4f7983fa5bd31c2b0149b601f626cf35/alert/text'
12:03:30.694 [AsyncHttpClient-1-2] DEBUG org.asynchttpclient.netty.handler.HttpHandler - 

Request DefaultFullHttpRequest(decodeResult: success, version: HTTP/1.1, content: EmptyByteBufBE)
GET /session/4f7983fa5bd31c2b0149b601f626cf35/alert/text HTTP/1.1
User-Agent: selenium/4.8.1 (java windows)
Cache-Control: no-cache
Content-Type: application/json; charset=utf-8
host: localhost:29456
accept: */*

Response DefaultHttpResponse(decodeResult: success, version: HTTP/1.1)
HTTP/1.1 404 Not Found
Content-Length: 821
Content-Type: application/json; charset=utf-8
cache-control: no-cache

12:03:30.695 [AsyncHttpClient-1-2] DEBUG org.asynchttpclient.netty.channel.ChannelManager - Adding key: http://localhost:29456 for channel [id: 0x126107ef, L:/127.0.0.1:62819 - R:localhost/127.0.0.1:29456]
12:03:30.698 [Forwarding getCurrentUrl on session 4f7983fa5bd31c2b0149b601f626cf35 to remote] DEBUG org.asynchttpclient.netty.request.NettyRequestSender - Using pooled Channel '[id: 0x126107ef, L:/127.0.0.1:62819 - R:localhost/127.0.0.1:29456]' for 'GET' to 'http://localhost:29456/session/4f7983fa5bd31c2b0149b601f626cf35/url'
12:03:30.698 [Forwarding getCurrentUrl on session 4f7983fa5bd31c2b0149b601f626cf35 to remote] DEBUG org.asynchttpclient.netty.request.NettyRequestSender - Using open Channel [id: 0x126107ef, L:/127.0.0.1:62819 - R:localhost/127.0.0.1:29456] for GET '/session/4f7983fa5bd31c2b0149b601f626cf35/url'
12:03:30.704 [AsyncHttpClient-1-2] DEBUG org.asynchttpclient.netty.handler.HttpHandler - 

Request DefaultFullHttpRequest(decodeResult: success, version: HTTP/1.1, content: EmptyByteBufBE)
GET /session/4f7983fa5bd31c2b0149b601f626cf35/url HTTP/1.1
User-Agent: selenium/4.8.1 (java windows)
Cache-Control: no-cache
Content-Type: application/json; charset=utf-8
host: localhost:29456
accept: */*

Response DefaultHttpResponse(decodeResult: success, version: HTTP/1.1)
HTTP/1.1 200 OK
Content-Length: 42
Content-Type: application/json; charset=utf-8
cache-control: no-cache

12:03:30.704 [AsyncHttpClient-1-2] DEBUG org.asynchttpclient.netty.channel.ChannelManager - Adding key: http://localhost:29456 for channel [id: 0x126107ef, L:/127.0.0.1:62819 - R:localhost/127.0.0.1:29456]
12:03:30.706 [Forwarding screenshot on session 4f7983fa5bd31c2b0149b601f626cf35 to remote] DEBUG org.asynchttpclient.netty.request.NettyRequestSender - Using pooled Channel '[id: 0x126107ef, L:/127.0.0.1:62819 - R:localhost/127.0.0.1:29456]' for 'GET' to 'http://localhost:29456/session/4f7983fa5bd31c2b0149b601f626cf35/screenshot'
12:03:30.706 [Forwarding screenshot on session 4f7983fa5bd31c2b0149b601f626cf35 to remote] DEBUG org.asynchttpclient.netty.request.NettyRequestSender - Using open Channel [id: 0x126107ef, L:/127.0.0.1:62819 - R:localhost/127.0.0.1:29456] for GET '/session/4f7983fa5bd31c2b0149b601f626cf35/screenshot'
12:03:30.954 [AsyncHttpClient-1-1] DEBUG org.asynchttpclient.netty.channel.DefaultChannelPool - Entry count for : http://localhost:62821 : 1
12:03:31.010 [AsyncHttpClient-1-2] DEBUG org.asynchttpclient.netty.handler.HttpHandler - 

Request DefaultFullHttpRequest(decodeResult: success, version: HTTP/1.1, content: EmptyByteBufBE)
GET /session/4f7983fa5bd31c2b0149b601f626cf35/screenshot HTTP/1.1
User-Agent: selenium/4.8.1 (java windows)
Cache-Control: no-cache
Content-Type: application/json; charset=utf-8
host: localhost:29456
accept: */*

Response DefaultHttpResponse(decodeResult: success, version: HTTP/1.1)
HTTP/1.1 200 OK
Content-Length: 287008
Content-Type: application/json; charset=utf-8
cache-control: no-cache

12:03:31.013 [AsyncHttpClient-1-2] DEBUG org.asynchttpclient.netty.channel.ChannelManager - Adding key: http://localhost:29456 for channel [id: 0x126107ef, L:/127.0.0.1:62819 - R:localhost/127.0.0.1:29456]
12:03:31.023 [main] DEBUG net.serenitybdd.core.photography.Darkroom - Send negative for processing for target\site\serenity\32e4debd43964f3866e3b3f083749d8d6a0dfad098ac8fb84740f13f69094dd7.png
12:03:31.023 [Darkroom Processing Line] DEBUG net.serenitybdd.core.photography.DarkroomProcessingLine - Processing screenshot image in /var/screenshots/screenshot-1188062414476538578
12:03:31.023 [Darkroom Processing Line] DEBUG net.serenitybdd.core.photography.DarkroomProcessingLine - Saving screenshot to target\site\serenity\32e4debd43964f3866e3b3f083749d8d6a0dfad098ac8fb84740f13f69094dd7.png
12:03:31.023 [main] DEBUG net.thucydides.core.steps.StepInterceptor - STEP DONE: clickMasukLogin
  &amp#27;[32mWhen &amp#27;[0m&amp#27;[32mI clicked the enter button&amp#27;[0m &amp#27;[90m# starter.stepdefinitions.LoginSteps.doClickMasukButton()&amp#27;[0m
12:03:31.035 [Forwarding getPageSource on session 4f7983fa5bd31c2b0149b601f626cf35 to remote] DEBUG org.asynchttpclient.netty.request.NettyRequestSender - Using pooled Channel '[id: 0x126107ef, L:/127.0.0.1:62819 - R:localhost/127.0.0.1:29456]' for 'POST' to 'http://localhost:29456/session/4f7983fa5bd31c2b0149b601f626cf35/execute/sync'
12:03:31.035 [Forwarding getPageSource on session 4f7983fa5bd31c2b0149b601f626cf35 to remote] DEBUG org.asynchttpclient.netty.request.NettyRequestSender - Using open Channel [id: 0x126107ef, L:/127.0.0.1:62819 - R:localhost/127.0.0.1:29456] for POST '/session/4f7983fa5bd31c2b0149b601f626cf35/execute/sync'
12:03:31.048 [AsyncHttpClient-1-2] DEBUG org.asynchttpclient.netty.handler.HttpHandler - 

Request DefaultHttpRequest(decodeResult: success, version: HTTP/1.1)
POST /session/4f7983fa5bd31c2b0149b601f626cf35/execute/sync HTTP/1.1
User-Agent: selenium/4.8.1 (java windows)
Content-Length: 176
Content-Type: application/json; charset=utf-8
host: localhost:29456
accept: */*

Response DefaultHttpResponse(decodeResult: success, version: HTTP/1.1)
HTTP/1.1 200 OK
Content-Length: 96996
Content-Type: application/json; charset=utf-8
cache-control: no-cache

12:03:31.049 [AsyncHttpClient-1-2] DEBUG org.asynchttpclient.netty.channel.ChannelManager - Adding key: http://localhost:29456 for channel [id: 0x126107ef, L:/127.0.0.1:62819 - R:localhost/127.0.0.1:29456]
12:03:31.063 [Forwarding getCurrentUrl on session 4f7983fa5bd31c2b0149b601f626cf35 to remote] DEBUG org.asynchttpclient.netty.request.NettyRequestSender - Using pooled Channel '[id: 0x126107ef, L:/127.0.0.1:62819 - R:localhost/127.0.0.1:29456]' for 'GET' to 'http://localhost:29456/session/4f7983fa5bd31c2b0149b601f626cf35/url'
12:03:31.064 [Forwarding getCurrentUrl on session 4f7983fa5bd31c2b0149b601f626cf35 to remote] DEBUG org.asynchttpclient.netty.request.NettyRequestSender - Using open Channel [id: 0x126107ef, L:/127.0.0.1:62819 - R:localhost/127.0.0.1:29456] for GET '/session/4f7983fa5bd31c2b0149b601f626cf35/url'
12:03:31.069 [AsyncHttpClient-1-2] DEBUG org.asynchttpclient.netty.handler.HttpHandler - 

Request DefaultFullHttpRequest(decodeResult: success, version: HTTP/1.1, content: EmptyByteBufBE)
GET /session/4f7983fa5bd31c2b0149b601f626cf35/url HTTP/1.1
User-Agent: selenium/4.8.1 (java windows)
Cache-Control: no-cache
Content-Type: application/json; charset=utf-8
host: localhost:29456
accept: */*

Response DefaultHttpResponse(decodeResult: success, version: HTTP/1.1)
HTTP/1.1 200 OK
Content-Length: 42
Content-Type: application/json; charset=utf-8
cache-control: no-cache

12:03:31.069 [AsyncHttpClient-1-2] DEBUG org.asynchttpclient.netty.channel.ChannelManager - Adding key: http://localhost:29456 for channel [id: 0x126107ef, L:/127.0.0.1:62819 - R:localhost/127.0.0.1:29456]
12:03:31.090 [Forwarding getAlertText on session 4f7983fa5bd31c2b0149b601f626cf35 to remote] DEBUG org.asynchttpclient.netty.request.NettyRequestSender - Using pooled Channel '[id: 0x126107ef, L:/127.0.0.1:62819 - R:localhost/127.0.0.1:29456]' for 'GET' to 'http://localhost:29456/session/4f7983fa5bd31c2b0149b601f626cf35/alert/text'
12:03:31.090 [Forwarding getAlertText on session 4f7983fa5bd31c2b0149b601f626cf35 to remote] DEBUG org.asynchttpclient.netty.request.NettyRequestSender - Using open Channel [id: 0x126107ef, L:/127.0.0.1:62819 - R:localhost/127.0.0.1:29456] for GET '/session/4f7983fa5bd31c2b0149b601f626cf35/alert/text'
12:03:31.093 [AsyncHttpClient-1-2] DEBUG org.asynchttpclient.netty.handler.HttpHandler - 

Request DefaultFullHttpRequest(decodeResult: success, version: HTTP/1.1, content: EmptyByteBufBE)
GET /session/4f7983fa5bd31c2b0149b601f626cf35/alert/text HTTP/1.1
User-Agent: selenium/4.8.1 (java windows)
Cache-Control: no-cache
Content-Type: application/json; charset=utf-8
host: localhost:29456
accept: */*

Response DefaultHttpResponse(decodeResult: success, version: HTTP/1.1)
HTTP/1.1 404 Not Found
Content-Length: 821
Content-Type: application/json; charset=utf-8
cache-control: no-cache

12:03:31.094 [AsyncHttpClient-1-2] DEBUG org.asynchttpclient.netty.channel.ChannelManager - Adding key: http://localhost:29456 for channel [id: 0x126107ef, L:/127.0.0.1:62819 - R:localhost/127.0.0.1:29456]
12:03:31.096 [Forwarding getCurrentUrl on session 4f7983fa5bd31c2b0149b601f626cf35 to remote] DEBUG org.asynchttpclient.netty.request.NettyRequestSender - Using pooled Channel '[id: 0x126107ef, L:/127.0.0.1:62819 - R:localhost/127.0.0.1:29456]' for 'GET' to 'http://localhost:29456/session/4f7983fa5bd31c2b0149b601f626cf35/url'
12:03:31.097 [Forwarding getCurrentUrl on session 4f7983fa5bd31c2b0149b601f626cf35 to remote] DEBUG org.asynchttpclient.netty.request.NettyRequestSender - Using open Channel [id: 0x126107ef, L:/127.0.0.1:62819 - R:localhost/127.0.0.1:29456] for GET '/session/4f7983fa5bd31c2b0149b601f626cf35/url'
12:03:31.103 [AsyncHttpClient-1-2] DEBUG org.asynchttpclient.netty.handler.HttpHandler - 

Request DefaultFullHttpRequest(decodeResult: success, version: HTTP/1.1, content: EmptyByteBufBE)
GET /session/4f7983fa5bd31c2b0149b601f626cf35/url HTTP/1.1
User-Agent: selenium/4.8.1 (java windows)
Cache-Control: no-cache
Content-Type: application/json; charset=utf-8
host: localhost:29456
accept: */*

Response DefaultHttpResponse(decodeResult: success, version: HTTP/1.1)
HTTP/1.1 200 OK
Content-Length: 42
Content-Type: application/json; charset=utf-8
cache-control: no-cache

12:03:31.103 [AsyncHttpClient-1-2] DEBUG org.asynchttpclient.netty.channel.ChannelManager - Adding key: http://localhost:29456 for channel [id: 0x126107ef, L:/127.0.0.1:62819 - R:localhost/127.0.0.1:29456]
12:03:31.105 [Forwarding screenshot on session 4f7983fa5bd31c2b0149b601f626cf35 to remote] DEBUG org.asynchttpclient.netty.request.NettyRequestSender - Using pooled Channel '[id: 0x126107ef, L:/127.0.0.1:62819 - R:localhost/127.0.0.1:29456]' for 'GET' to 'http://localhost:29456/session/4f7983fa5bd31c2b0149b601f626cf35/screenshot'
12:03:31.105 [Forwarding screenshot on session 4f7983fa5bd31c2b0149b601f626cf35 to remote] DEBUG org.asynchttpclient.netty.request.NettyRequestSender - Using open Channel [id: 0x126107ef, L:/127.0.0.1:62819 - R:localhost/127.0.0.1:29456] for GET '/session/4f7983fa5bd31c2b0149b601f626cf35/screenshot'
12:03:31.297 [AsyncHttpClient-1-2] DEBUG org.asynchttpclient.netty.handler.HttpHandler - 

Request DefaultFullHttpRequest(decodeResult: success, version: HTTP/1.1, content: EmptyByteBufBE)
GET /session/4f7983fa5bd31c2b0149b601f626cf35/screenshot HTTP/1.1
User-Agent: selenium/4.8.1 (java windows)
Cache-Control: no-cache
Content-Type: application/json; charset=utf-8
host: localhost:29456
accept: */*

Response DefaultHttpResponse(decodeResult: success, version: HTTP/1.1)
HTTP/1.1 200 OK
Content-Length: 287008
Content-Type: application/json; charset=utf-8
cache-control: no-cache

12:03:31.299 [AsyncHttpClient-1-2] DEBUG org.asynchttpclient.netty.channel.ChannelManager - Adding key: http://localhost:29456 for channel [id: 0x126107ef, L:/127.0.0.1:62819 - R:localhost/127.0.0.1:29456]
12:03:31.309 [main] DEBUG net.serenitybdd.core.photography.Darkroom - Send negative for processing for target\site\serenity\32e4debd43964f3866e3b3f083749d8d6a0dfad098ac8fb84740f13f69094dd7.png
12:03:31.312 [Forwarding getPageSource on session 4f7983fa5bd31c2b0149b601f626cf35 to remote] DEBUG org.asynchttpclient.netty.request.NettyRequestSender - Using pooled Channel '[id: 0x126107ef, L:/127.0.0.1:62819 - R:localhost/127.0.0.1:29456]' for 'POST' to 'http://localhost:29456/session/4f7983fa5bd31c2b0149b601f626cf35/execute/sync'
12:03:31.312 [Forwarding getPageSource on session 4f7983fa5bd31c2b0149b601f626cf35 to remote] DEBUG org.asynchttpclient.netty.request.NettyRequestSender - Using open Channel [id: 0x126107ef, L:/127.0.0.1:62819 - R:localhost/127.0.0.1:29456] for POST '/session/4f7983fa5bd31c2b0149b601f626cf35/execute/sync'
12:03:31.323 [AsyncHttpClient-1-2] DEBUG org.asynchttpclient.netty.handler.HttpHandler - 

Request DefaultHttpRequest(decodeResult: success, version: HTTP/1.1)
POST /session/4f7983fa5bd31c2b0149b601f626cf35/execute/sync HTTP/1.1
User-Agent: selenium/4.8.1 (java windows)
Content-Length: 176
Content-Type: application/json; charset=utf-8
host: localhost:29456
accept: */*

Response DefaultHttpResponse(decodeResult: success, version: HTTP/1.1)
HTTP/1.1 200 OK
Content-Length: 96996
Content-Type: application/json; charset=utf-8
cache-control: no-cache

12:03:31.324 [AsyncHttpClient-1-2] DEBUG org.asynchttpclient.netty.channel.ChannelManager - Adding key: http://localhost:29456 for channel [id: 0x126107ef, L:/127.0.0.1:62819 - R:localhost/127.0.0.1:29456]
12:03:31.332 [Forwarding getCurrentUrl on session 4f7983fa5bd31c2b0149b601f626cf35 to remote] DEBUG org.asynchttpclient.netty.request.NettyRequestSender - Using pooled Channel '[id: 0x126107ef, L:/127.0.0.1:62819 - R:localhost/127.0.0.1:29456]' for 'GET' to 'http://localhost:29456/session/4f7983fa5bd31c2b0149b601f626cf35/url'
12:03:31.332 [Forwarding getCurrentUrl on session 4f7983fa5bd31c2b0149b601f626cf35 to remote] DEBUG org.asynchttpclient.netty.request.NettyRequestSender - Using open Channel [id: 0x126107ef, L:/127.0.0.1:62819 - R:localhost/127.0.0.1:29456] for GET '/session/4f7983fa5bd31c2b0149b601f626cf35/url'
12:03:31.337 [AsyncHttpClient-1-2] DEBUG org.asynchttpclient.netty.handler.HttpHandler - 

Request DefaultFullHttpRequest(decodeResult: success, version: HTTP/1.1, content: EmptyByteBufBE)
GET /session/4f7983fa5bd31c2b0149b601f626cf35/url HTTP/1.1
User-Agent: selenium/4.8.1 (java windows)
Cache-Control: no-cache
Content-Type: application/json; charset=utf-8
host: localhost:29456
accept: */*

Response DefaultHttpResponse(decodeResult: success, version: HTTP/1.1)
HTTP/1.1 200 OK
Content-Length: 42
Content-Type: application/json; charset=utf-8
cache-control: no-cache

12:03:31.337 [AsyncHttpClient-1-2] DEBUG org.asynchttpclient.netty.channel.ChannelManager - Adding key: http://localhost:29456 for channel [id: 0x126107ef, L:/127.0.0.1:62819 - R:localhost/127.0.0.1:29456]
12:03:31.340 [main] DEBUG net.thucydides.core.steps.StepInterceptor - STARTING STEP: LoginSteps.doEnterValidEmail - inputEmail
12:03:31.349 [Forwarding findElement on session 4f7983fa5bd31c2b0149b601f626cf35 to remote] DEBUG org.asynchttpclient.netty.request.NettyRequestSender - Using pooled Channel '[id: 0x126107ef, L:/127.0.0.1:62819 - R:localhost/127.0.0.1:29456]' for 'POST' to 'http://localhost:29456/session/4f7983fa5bd31c2b0149b601f626cf35/element'
12:03:31.349 [Forwarding findElement on session 4f7983fa5bd31c2b0149b601f626cf35 to remote] DEBUG org.asynchttpclient.netty.request.NettyRequestSender - Using open Channel [id: 0x126107ef, L:/127.0.0.1:62819 - R:localhost/127.0.0.1:29456] for POST '/session/4f7983fa5bd31c2b0149b601f626cf35/element'
12:03:31.363 [AsyncHttpClient-1-2] DEBUG org.asynchttpclient.netty.handler.HttpHandler - 

Request DefaultHttpRequest(decodeResult: success, version: HTTP/1.1)
POST /session/4f7983fa5bd31c2b0149b601f626cf35/element HTTP/1.1
User-Agent: selenium/4.8.1 (java windows)
Content-Length: 50
Content-Type: application/json; charset=utf-8
host: localhost:29456
accept: */*

Response DefaultHttpResponse(decodeResult: success, version: HTTP/1.1)
HTTP/1.1 200 OK
Content-Length: 88
Content-Type: application/json; charset=utf-8
cache-control: no-cache

12:03:31.363 [AsyncHttpClient-1-2] DEBUG org.asynchttpclient.netty.channel.ChannelManager - Adding key: http://localhost:29456 for channel [id: 0x126107ef, L:/127.0.0.1:62819 - R:localhost/127.0.0.1:29456]
12:03:31.365 [Forwarding clearElement on session 4f7983fa5bd31c2b0149b601f626cf35 to remote] DEBUG org.asynchttpclient.netty.request.NettyRequestSender - Using pooled Channel '[id: 0x126107ef, L:/127.0.0.1:62819 - R:localhost/127.0.0.1:29456]' for 'POST' to 'http://localhost:29456/session/4f7983fa5bd31c2b0149b601f626cf35/element/4968cbc7-05fd-4a80-b382-b88ba00cb0fe/clear'
12:03:31.365 [Forwarding clearElement on session 4f7983fa5bd31c2b0149b601f626cf35 to remote] DEBUG org.asynchttpclient.netty.request.NettyRequestSender - Using open Channel [id: 0x126107ef, L:/127.0.0.1:62819 - R:localhost/127.0.0.1:29456] for POST '/session/4f7983fa5bd31c2b0149b601f626cf35/element/4968cbc7-05fd-4a80-b382-b88ba00cb0fe/clear'
12:03:31.402 [AsyncHttpClient-1-2] DEBUG org.asynchttpclient.netty.handler.HttpHandler - 

Request DefaultHttpRequest(decodeResult: success, version: HTTP/1.1)
POST /session/4f7983fa5bd31c2b0149b601f626cf35/element/4968cbc7-05fd-4a80-b382-b88ba00cb0fe/clear HTTP/1.1
User-Agent: selenium/4.8.1 (java windows)
Content-Length: 50
Content-Type: application/json; charset=utf-8
host: localhost:29456
accept: */*

Response DefaultHttpResponse(decodeResult: success, version: HTTP/1.1)
HTTP/1.1 200 OK
Content-Length: 14
Content-Type: application/json; charset=utf-8
cache-control: no-cache

12:03:31.403 [AsyncHttpClient-1-2] DEBUG org.asynchttpclient.netty.channel.ChannelManager - Adding key: http://localhost:29456 for channel [id: 0x126107ef, L:/127.0.0.1:62819 - R:localhost/127.0.0.1:29456]
12:03:31.407 [Forwarding sendKeysToElement on session 4f7983fa5bd31c2b0149b601f626cf35 to remote] DEBUG org.asynchttpclient.netty.request.NettyRequestSender - Using pooled Channel '[id: 0x126107ef, L:/127.0.0.1:62819 - R:localhost/127.0.0.1:29456]' for 'POST' to 'http://localhost:29456/session/4f7983fa5bd31c2b0149b601f626cf35/element/4968cbc7-05fd-4a80-b382-b88ba00cb0fe/value'
12:03:31.407 [Forwarding sendKeysToElement on session 4f7983fa5bd31c2b0149b601f626cf35 to remote] DEBUG org.asynchttpclient.netty.request.NettyRequestSender - Using open Channel [id: 0x126107ef, L:/127.0.0.1:62819 - R:localhost/127.0.0.1:29456] for POST '/session/4f7983fa5bd31c2b0149b601f626cf35/element/4968cbc7-05fd-4a80-b382-b88ba00cb0fe/value'
12:03:31.629 [AsyncHttpClient-1-2] DEBUG org.asynchttpclient.netty.handler.HttpHandler - 

Request DefaultHttpRequest(decodeResult: success, version: HTTP/1.1)
POST /session/4f7983fa5bd31c2b0149b601f626cf35/element/4968cbc7-05fd-4a80-b382-b88ba00cb0fe/value HTTP/1.1
User-Agent: selenium/4.8.1 (java windows)
Content-Length: 411
Content-Type: application/json; charset=utf-8
host: localhost:29456
accept: */*

Response DefaultHttpResponse(decodeResult: success, version: HTTP/1.1)
HTTP/1.1 200 OK
Content-Length: 14
Content-Type: application/json; charset=utf-8
cache-control: no-cache

12:03:31.630 [AsyncHttpClient-1-2] DEBUG org.asynchttpclient.netty.channel.ChannelManager - Adding key: http://localhost:29456 for channel [id: 0x126107ef, L:/127.0.0.1:62819 - R:localhost/127.0.0.1:29456]
12:03:31.646 [Forwarding getAlertText on session 4f7983fa5bd31c2b0149b601f626cf35 to remote] DEBUG org.asynchttpclient.netty.request.NettyRequestSender - Using pooled Channel '[id: 0x126107ef, L:/127.0.0.1:62819 - R:localhost/127.0.0.1:29456]' for 'GET' to 'http://localhost:29456/session/4f7983fa5bd31c2b0149b601f626cf35/alert/text'
12:03:31.646 [Forwarding getAlertText on session 4f7983fa5bd31c2b0149b601f626cf35 to remote] DEBUG org.asynchttpclient.netty.request.NettyRequestSender - Using open Channel [id: 0x126107ef, L:/127.0.0.1:62819 - R:localhost/127.0.0.1:29456] for GET '/session/4f7983fa5bd31c2b0149b601f626cf35/alert/text'
12:03:31.676 [AsyncHttpClient-1-2] DEBUG org.asynchttpclient.netty.handler.HttpHandler - 

Request DefaultFullHttpRequest(decodeResult: success, version: HTTP/1.1, content: EmptyByteBufBE)
GET /session/4f7983fa5bd31c2b0149b601f626cf35/alert/text HTTP/1.1
User-Agent: selenium/4.8.1 (java windows)
Cache-Control: no-cache
Content-Type: application/json; charset=utf-8
host: localhost:29456
accept: */*

Response DefaultHttpResponse(decodeResult: success, version: HTTP/1.1)
HTTP/1.1 404 Not Found
Content-Length: 821
Content-Type: application/json; charset=utf-8
cache-control: no-cache

12:03:31.676 [AsyncHttpClient-1-2] DEBUG org.asynchttpclient.netty.channel.ChannelManager - Adding key: http://localhost:29456 for channel [id: 0x126107ef, L:/127.0.0.1:62819 - R:localhost/127.0.0.1:29456]
12:03:31.679 [Forwarding getCurrentUrl on session 4f7983fa5bd31c2b0149b601f626cf35 to remote] DEBUG org.asynchttpclient.netty.request.NettyRequestSender - Using pooled Channel '[id: 0x126107ef, L:/127.0.0.1:62819 - R:localhost/127.0.0.1:29456]' for 'GET' to 'http://localhost:29456/session/4f7983fa5bd31c2b0149b601f626cf35/url'
12:03:31.680 [Forwarding getCurrentUrl on session 4f7983fa5bd31c2b0149b601f626cf35 to remote] DEBUG org.asynchttpclient.netty.request.NettyRequestSender - Using open Channel [id: 0x126107ef, L:/127.0.0.1:62819 - R:localhost/127.0.0.1:29456] for GET '/session/4f7983fa5bd31c2b0149b601f626cf35/url'
12:03:31.685 [AsyncHttpClient-1-2] DEBUG org.asynchttpclient.netty.handler.HttpHandler - 

Request DefaultFullHttpRequest(decodeResult: success, version: HTTP/1.1, content: EmptyByteBufBE)
GET /session/4f7983fa5bd31c2b0149b601f626cf35/url HTTP/1.1
User-Agent: selenium/4.8.1 (java windows)
Cache-Control: no-cache
Content-Type: application/json; charset=utf-8
host: localhost:29456
accept: */*

Response DefaultHttpResponse(decodeResult: success, version: HTTP/1.1)
HTTP/1.1 200 OK
Content-Length: 42
Content-Type: application/json; charset=utf-8
cache-control: no-cache

12:03:31.686 [AsyncHttpClient-1-2] DEBUG org.asynchttpclient.netty.channel.ChannelManager - Adding key: http://localhost:29456 for channel [id: 0x126107ef, L:/127.0.0.1:62819 - R:localhost/127.0.0.1:29456]
12:03:31.688 [Forwarding screenshot on session 4f7983fa5bd31c2b0149b601f626cf35 to remote] DEBUG org.asynchttpclient.netty.request.NettyRequestSender - Using pooled Channel '[id: 0x126107ef, L:/127.0.0.1:62819 - R:localhost/127.0.0.1:29456]' for 'GET' to 'http://localhost:29456/session/4f7983fa5bd31c2b0149b601f626cf35/screenshot'
12:03:31.688 [Forwarding screenshot on session 4f7983fa5bd31c2b0149b601f626cf35 to remote] DEBUG org.asynchttpclient.netty.request.NettyRequestSender - Using open Channel [id: 0x126107ef, L:/127.0.0.1:62819 - R:localhost/127.0.0.1:29456] for GET '/session/4f7983fa5bd31c2b0149b601f626cf35/screenshot'
12:03:31.879 [AsyncHttpClient-1-2] DEBUG org.asynchttpclient.netty.handler.HttpHandler - 

Request DefaultFullHttpRequest(decodeResult: success, version: HTTP/1.1, content: EmptyByteBufBE)
GET /session/4f7983fa5bd31c2b0149b601f626cf35/screenshot HTTP/1.1
User-Agent: selenium/4.8.1 (java windows)
Cache-Control: no-cache
Content-Type: application/json; charset=utf-8
host: localhost:29456
accept: */*

Response DefaultHttpResponse(decodeResult: success, version: HTTP/1.1)
HTTP/1.1 200 OK
Content-Length: 293472
Content-Type: application/json; charset=utf-8
cache-control: no-cache

12:03:31.881 [AsyncHttpClient-1-2] DEBUG org.asynchttpclient.netty.channel.ChannelManager - Adding key: http://localhost:29456 for channel [id: 0x126107ef, L:/127.0.0.1:62819 - R:localhost/127.0.0.1:29456]
12:03:31.890 [main] DEBUG net.serenitybdd.core.photography.Darkroom - Send negative for processing for target\site\serenity\e5bb3233c34171a8ee05c0712c878025818ffefacf4b6bccc2288ff0605e6323.png
12:03:31.891 [Darkroom Processing Line] DEBUG net.serenitybdd.core.photography.DarkroomProcessingLine - Processing screenshot image in /var/screenshots/screenshot-3348384826598421363
12:03:31.891 [main] DEBUG net.thucydides.core.steps.StepInterceptor - STEP DONE: inputEmail
[...]
Content-Length: 176
Content-Type: application/json; charset=utf-8
host: localhost:33318
accept: */*

Response DefaultHttpResponse(decodeResult: success, version: HTTP/1.1)
HTTP/1.1 200 OK
Content-Length: 100805
Content-Type: application/json; charset=utf-8
cache-control: no-cache

12:04:12.530 [AsyncHttpClient-1-11] DEBUG org.asynchttpclient.netty.channel.ChannelManager - Adding key: http://localhost:33318 for channel [id: 0xf5df20d2, L:/127.0.0.1:62952 - R:localhost/127.0.0.1:33318]
12:04:12.534 [Forwarding getCurrentUrl on session 53c39b7a80434c88722bbb78bdefedc4 to remote] DEBUG org.asynchttpclient.netty.request.NettyRequestSender - Using pooled Channel '[id: 0xf5df20d2, L:/127.0.0.1:62952 - R:localhost/127.0.0.1:33318]' for 'GET' to 'http://localhost:33318/session/53c39b7a80434c88722bbb78bdefedc4/url'
12:04:12.534 [Forwarding getCurrentUrl on session 53c39b7a80434c88722bbb78bdefedc4 to remote] DEBUG org.asynchttpclient.netty.request.NettyRequestSender - Using open Channel [id: 0xf5df20d2, L:/127.0.0.1:62952 - R:localhost/127.0.0.1:33318] for GET '/session/53c39b7a80434c88722bbb78bdefedc4/url'
12:04:12.539 [AsyncHttpClient-1-11] DEBUG org.asynchttpclient.netty.handler.HttpHandler - 

Request DefaultFullHttpRequest(decodeResult: success, version: HTTP/1.1, content: EmptyByteBufBE)
GET /session/53c39b7a80434c88722bbb78bdefedc4/url HTTP/1.1
User-Agent: selenium/4.8.1 (java windows)
Cache-Control: no-cache
Content-Type: application/json; charset=utf-8
host: localhost:33318
accept: */*

Response DefaultHttpResponse(decodeResult: success, version: HTTP/1.1)
HTTP/1.1 200 OK
Content-Length: 42
Content-Type: application/json; charset=utf-8
cache-control: no-cache

12:04:12.539 [AsyncHttpClient-1-11] DEBUG org.asynchttpclient.netty.channel.ChannelManager - Adding key: http://localhost:33318 for channel [id: 0xf5df20d2, L:/127.0.0.1:62952 - R:localhost/127.0.0.1:33318]
  &amp#27;[31mWhen &amp#27;[0m&amp#27;[31mI click icon product pulsa&amp#27;[0m         &amp#27;[90m# starter.stepdefinitions.LoginSteps.iconProduct()&amp#27;[0m
      &amp#27;[31mnet.thucydides.core.webdriver.exceptions.ElementShouldBeEnabledException: Expected enabled element was not enabled
	at net.serenitybdd.core.pages.WebElementFacadeImpl.waitUntilEnabled(WebElementFacadeImpl.java:1122)
	at net.serenitybdd.core.pages.WebElementFacadeImpl.waitUntilElementAvailable(WebElementFacadeImpl.java:906)
	at net.serenitybdd.core.pages.WebElementFacadeImpl.click(WebElementFacadeImpl.java:1204)
	at net.serenitybdd.core.pages.WebElementFacadeImpl.click(WebElementFacadeImpl.java:1224)
	at Prioritas2.Web.Test@1.0-SNAPSHOT/starter.login.Product.clickIconProduct(Product.java:28)
	at Prioritas2.Web.Test@1.0-SNAPSHOT/starter.login.Product$ByteBuddy$FWWYxekV.clickIconProduct$accessor$IheHI4Gn(Unknown Source)
	at java.base/jdk.internal.reflect.DirectMethodHandleAccessor.invoke(DirectMethodHandleAccessor.java:104)
	at java.base/java.lang.reflect.Method.invoke(Method.java:578)
	at net.thucydides.core.steps.StepInterceptor.invokeMethod(StepInterceptor.java:518)
	at net.thucydides.core.steps.StepInterceptor.executeTestStepMethod(StepInterceptor.java:498)
	at net.thucydides.core.steps.StepInterceptor.runTestStep(StepInterceptor.java:472)
	at net.thucydides.core.steps.StepInterceptor.runOrSkipMethod(StepInterceptor.java:211)
	at net.thucydides.core.steps.StepInterceptor.testStepResult(StepInterceptor.java:198)
	at net.thucydides.core.steps.StepInterceptor.intercept(StepInterceptor.java:86)
	at net.thucydides.core.steps.ProxyConfiguration$InterceptorDispatcher.intercept(ProxyConfiguration.java:51)
	at Prioritas2.Web.Test@1.0-SNAPSHOT/starter.login.Product$ByteBuddy$FWWYxekV.clickIconProduct(Unknown Source)
	at Prioritas2.Web.Test@1.0-SNAPSHOT/starter.stepdefinitions.LoginSteps.iconProduct(LoginSteps.java:47)
	at ✽.I click icon product pulsa(file:///C:/Users/WINDOWS%2011/IdeaProjects/Prioritas2-Web-Test/src/test/resources/features/product.feature:11)
Caused by: org.openqa.selenium.TimeoutException: Expected condition failed: waiting for By.id: product_type_0 to be enabled (tried for 5 second(s) with 100 milliseconds interval)
	at org.openqa.selenium.support.ui.FluentWait.timeoutException(FluentWait.java:263)
	at org.openqa.selenium.support.ui.FluentWait.until(FluentWait.java:231)
	at net.serenitybdd.core.pages.WebElementFacadeImpl.waitUntilEnabled(WebElementFacadeImpl.java:1119)
	at net.serenitybdd.core.pages.WebElementFacadeImpl.waitUntilElementAvailable(WebElementFacadeImpl.java:906)
	at net.serenitybdd.core.pages.WebElementFacadeImpl.click(WebElementFacadeImpl.java:1204)
	at net.serenitybdd.core.pages.WebElementFacadeImpl.click(WebElementFacadeImpl.java:1224)
	at Prioritas2.Web.Test@1.0-SNAPSHOT/starter.login.Product.clickIconProduct(Product.java:28)
	at Prioritas2.Web.Test@1.0-SNAPSHOT/starter.login.Product$ByteBuddy$FWWYxekV.clickIconProduct$accessor$IheHI4Gn(Unknown Source)
	at java.base/jdk.internal.reflect.DirectMethodHandleAccessor.invoke(DirectMethodHandleAccessor.java:104)
	at java.base/java.lang.reflect.Method.invoke(Method.java:578)
	at net.thucydides.core.steps.StepInterceptor.invokeMethod(StepInterceptor.java:518)
	at net.thucydides.core.steps.StepInterceptor.executeTestStepMethod(StepInterceptor.java:498)
	at net.thucydides.core.steps.StepInterceptor.runTestStep(StepInterceptor.java:472)
	at net.thucydides.core.steps.StepInterceptor.runOrSkipMethod(StepInterceptor.java:211)
	at net.thucydides.core.steps.StepInterceptor.testStepResult(StepInterceptor.java:198)
	at net.thucydides.core.steps.StepInterceptor.intercept(StepInterceptor.java:86)
	at net.thucydides.core.steps.ProxyConfiguration$InterceptorDispatcher.intercept(ProxyConfiguration.java:51)
	at Prioritas2.Web.Test@1.0-SNAPSHOT/starter.login.Product$ByteBuddy$FWWYxekV.clickIconProduct(Unknown Source)
	at Prioritas2.Web.Test@1.0-SNAPSHOT/starter.stepdefinitions.LoginSteps.iconProduct(LoginSteps.java:47)
	at java.base/jdk.internal.reflect.DirectMethodHandleAccessor.invoke(DirectMethodHandleAccessor.java:104)
	at java.base/java.lang.reflect.Method.invoke(Method.java:578)
	at io.cucumber.java.Invoker.doInvoke(Invoker.java:66)
	at io.cucumber.java.Invoker.invoke(Invoker.java:24)
	at io.cucumber.java.AbstractGlueDefinition.invokeMethod(AbstractGlueDefinition.java:47)
	at io.cucumber.java.JavaStepDefinition.execute(JavaStepDefinition.java:29)
	at io.cucumber.core.runner.CoreStepDefinition.execute(CoreStepDefinition.java:66)
	at io.cucumber.core.runner.PickleStepDefinitionMatch.runStep(PickleStepDefinitionMatch.java:63)
	at io.cucumber.core.runner.ExecutionMode$1.execute(ExecutionMode.java:10)
	at io.cucumber.core.runner.TestStep.executeStep(TestStep.java:84)
	at io.cucumber.core.runner.TestStep.run(TestStep.java:56)
	at io.cucumber.core.runner.PickleStepTestStep.run(PickleStepTestStep.java:51)
	at io.cucumber.core.runner.TestCase.run(TestCase.java:84)
	at io.cucumber.core.runner.Runner.runPickle(Runner.java:75)
	at io.cucumber.junit.PickleRunners$NoStepDescriptions.lambda$run$0(PickleRunners.java:151)
	at io.cucumber.core.runtime.CucumberExecutionContext.lambda$runTestCase$5(CucumberExecutionContext.java:130)
	at io.cucumber.core.runtime.RethrowingThrowableCollector.executeAndThrow(RethrowingThrowableCollector.java:23)
	at io.cucumber.core.runtime.CucumberExecutionContext.runTestCase(CucumberExecutionContext.java:130)
	at io.cucumber.junit.PickleRunners$NoStepDescriptions.run(PickleRunners.java:148)
	at io.cucumber.junit.FeatureRunner.runChild(FeatureRunner.java:144)
	at io.cucumber.junit.FeatureRunner.runChild(FeatureRunner.java:28)
	at org.junit.runners.ParentRunner$4.run(ParentRunner.java:331)
	at org.junit.runners.ParentRunner$1.schedule(ParentRunner.java:79)
	at org.junit.runners.ParentRunner.runChildren(ParentRunner.java:329)
	at org.junit.runners.ParentRunner.access$100(ParentRunner.java:66)
	at org.junit.runners.ParentRunner$2.evaluate(ParentRunner.java:293)
	at org.junit.runners.ParentRunner$3.evaluate(ParentRunner.java:306)
	at org.junit.runners.ParentRunner.run(ParentRunner.java:413)
	at io.cucumber.junit.FeatureRunner.run(FeatureRunner.java:137)
	at io.cucumber.junit.CucumberSerenityBaseRunner.runChild(CucumberSerenityBaseRunner.java:330)
	at io.cucumber.junit.CucumberSerenityBaseRunner.runChild(CucumberSerenityBaseRunner.java:51)
	at org.junit.runners.ParentRunner$4.run(ParentRunner.java:331)
	at org.junit.runners.ParentRunner$1.schedule(ParentRunner.java:79)
	at org.junit.runners.ParentRunner.runChildren(ParentRunner.java:329)
	at org.junit.runners.ParentRunner.access$100(ParentRunner.java:66)
	at org.junit.runners.ParentRunner$2.evaluate(ParentRunner.java:293)
	at io.cucumber.junit.CucumberSerenityBaseRunner$RunCucumber.evaluate(CucumberSerenityBaseRunner.java:361)
	at org.junit.runners.ParentRunner$3.evaluate(ParentRunner.java:306)
	at org.junit.runners.ParentRunner.run(ParentRunner.java:413)
	at org.junit.runner.JUnitCore.run(JUnitCore.java:137)
	at org.junit.runner.JUnitCore.run(JUnitCore.java:115)
	at org.junit.vintage.engine.execution.RunnerExecutor.execute(RunnerExecutor.java:42)
	at org.junit.vintage.engine.VintageTestEngine.executeAllChildren(VintageTestEngine.java:80)
	at org.junit.vintage.engine.VintageTestEngine.execute(VintageTestEngine.java:72)
	at org.junit.platform.launcher.core.EngineExecutionOrchestrator.execute(EngineExecutionOrchestrator.java:107)
	at org.junit.platform.launcher.core.EngineExecutionOrchestrator.execute(EngineExecutionOrchestrator.java:88)
	at org.junit.platform.launcher.core.EngineExecutionOrchestrator.lambda$execute$0(EngineExecutionOrchestrator.java:54)
	at org.junit.platform.launcher.core.EngineExecutionOrchestrator.withInterceptedStreams(EngineExecutionOrchestrator.java:67)
	at org.junit.platform.launcher.core.EngineExecutionOrchestrator.execute(EngineExecutionOrchestrator.java:52)
	at org.junit.platform.launcher.core.DefaultLauncher.execute(DefaultLauncher.java:114)
	at org.junit.platform.launcher.core.DefaultLauncher.execute(DefaultLauncher.java:86)
	at org.junit.platform.launcher.core.DefaultLauncherSession$DelegatingLauncher.execute(DefaultLauncherSession.java:86)
	at org.junit.platform.launcher.core.SessionPerRequestLauncher.execute(SessionPerRequestLauncher.java:53)
	at org.apache.maven.surefire.junitplatform.JUnitPlatformProvider.execute(JUnitPlatformProvider.java:188)
	at org.apache.maven.surefire.junitplatform.JUnitPlatformProvider.invokeAllTests(JUnitPlatformProvider.java:154)
	at org.apache.maven.surefire.junitplatform.JUnitPlatformProvider.invoke(JUnitPlatformProvider.java:128)
	at org.apache.maven.surefire.booter.ForkedBooter.runSuitesInProcess(ForkedBooter.java:428)
	at org.apache.maven.surefire.booter.ForkedBooter.execute(ForkedBooter.java:162)
	at org.apache.maven.surefire.booter.ForkedBooter.run(ForkedBooter.java:562)
	at org.apache.maven.surefire.booter.ForkedBooter.main(ForkedBooter.java:548)
Caused by: org.openqa.selenium.NoSuchElementException: no such element: Unable to locate element: {"method":"css selector","selector":"#product_type_0"}
  (Session info: chrome=112.0.5615.139)
For documentation on this error, please visit: https://selenium.dev/exceptions/#no_such_element
Build info: version: '4.8.1', revision: '8ebccac989'
System info: os.name: 'Windows 11', os.arch: 'amd64', os.version: '10.0', java.version: '19'
Driver info: org.openqa.selenium.chrome.ChromeDriver
Command: [53c39b7a80434c88722bbb78bdefedc4, findElement {using=id, value=product_type_0}]
Capabilities {acceptInsecureCerts: false, browserName: chrome, browserVersion: 112.0.5615.139, chrome: {chromedriverVersion: 112.0.5615.49 (bd2a7bcb881c..., userDataDir: C:\Users\WINDOW~1\AppData\L...}, goog:chromeOptions: {debuggerAddress: localhost:62954}, networkConnectionEnabled: false, pageLoadStrategy: normal, platformName: WINDOWS, proxy: Proxy(), se:cdp: ws://localhost:62954/devtoo..., se:cdpVersion: 112.0.5615.139, setWindowRect: true, strictFileInteractability: false, timeouts: {implicit: 0, pageLoad: 300000, script: 30000}, unhandledPromptBehavior: dismiss and notify, webauthn:extension:credBlob: true, webauthn:extension:largeBlob: true, webauthn:extension:minPinLength: true, webauthn:extension:prf: true, webauthn:virtualAuthenticators: true}
Session ID: 53c39b7a80434c88722bbb78bdefedc4
	at java.base/jdk.internal.reflect.DirectConstructorHandleAccessor.newInstance(DirectConstructorHandleAccessor.java:67)
	at java.base/java.lang.reflect.Constructor.newInstanceWithCaller(Constructor.java:500)
	at java.base/java.lang.reflect.Constructor.newInstance(Constructor.java:484)
	at org.openqa.selenium.remote.codec.w3c.W3CHttpResponseCodec.createException(W3CHttpResponseCodec.java:200)
	at org.openqa.selenium.remote.codec.w3c.W3CHttpResponseCodec.decode(W3CHttpResponseCodec.java:133)
	at org.openqa.selenium.remote.codec.w3c.W3CHttpResponseCodec.decode(W3CHttpResponseCodec.java:53)
	at org.openqa.selenium.remote.HttpCommandExecutor.execute(HttpCommandExecutor.java:184)
	at org.openqa.selenium.remote.service.DriverCommandExecutor.invokeExecute(DriverCommandExecutor.java:167)
	at org.openqa.selenium.remote.service.DriverCommandExecutor.execute(DriverCommandExecutor.java:142)
	at org.openqa.selenium.remote.RemoteWebDriver.execute(RemoteWebDriver.java:543)
	at org.openqa.selenium.remote.ElementLocation$ElementFinder$2.findElement(ElementLocation.java:162)
	at org.openqa.selenium.remote.ElementLocation.findElement(ElementLocation.java:60)
	at org.openqa.selenium.remote.RemoteWebDriver.findElement(RemoteWebDriver.java:352)
	at org.openqa.selenium.remote.RemoteWebDriver.findElement(RemoteWebDriver.java:344)
	at net.thucydides.core.webdriver.WebDriverFacade.findElement(WebDriverFacade.java:242)
	at net.serenitybdd.core.pages.WebElementResolverByLocator.resolveForDriver(WebElementResolverByLocator.java:25)
	at net.serenitybdd.core.pages.WebElementFacadeImpl.getResolvedElement(WebElementFacadeImpl.java:189)
	at net.serenitybdd.core.pages.WebElementFacadeImpl.getElement(WebElementFacadeImpl.java:184)
	at net.serenitybdd.core.pages.WebElementExpectations$3.apply(WebElementExpectations.java:63)
	at net.serenitybdd.core.pages.WebElementExpectations$3.apply(WebElementExpectations.java:55)
	at org.openqa.selenium.support.ui.FluentWait.until(FluentWait.java:208)
	... 77 more
&amp#27;[0m
  &amp#27;[36mAnd &amp#27;[0m&amp#27;[36mI enter number phone&amp#27;[0m                &amp#27;[90m# starter.stepdefinitions.LoginSteps.doEnterNumber()&amp#27;[0m
  &amp#27;[36mAnd &amp#27;[0m&amp#27;[36mI click the nominal&amp#27;[0m                 &amp#27;[90m# starter.stepdefinitions.LoginSteps.clickNominal()&amp#27;[0m
  &amp#27;[36mThen &amp#27;[0m&amp#27;[36mI am on the payment page&amp#27;[0m           &amp#27;[90m# starter.stepdefinitions.LoginSteps.validateOnThePaymentPage()&amp#27;[0m
12:04:12.564 [main] ERROR  - 
  _____   ___   ___   _____     ___     _     ___   _      ___   ___  
 |_   _| | __| / __| |_   _|   | __|   /_\   |_ _| | |    | __| |   \ 
   | |   | _|  \__ \   | |     | _|   / _ \   | |  | |__  | _|  | |) |
   |_|   |___| |___/   |_|     |_|   /_/ \_\ |___| |____| |___| |___/ 

as a user I can buy the product
-----------------------------------------------------------------------
12:04:12.564 [main] DEBUG  - RELATED ISSUES: 
12:04:12.565 [main] ERROR  -     Test failed at step: Click icon product
12:04:12.565 [main] ERROR  -     Expected enabled element was not enabled
12:04:12.567 [Driver Command Executor] DEBUG org.asynchttpclient.netty.request.NettyRequestSender - Using pooled Channel '[id: 0xf5df20d2, L:/127.0.0.1:62952 - R:localhost/127.0.0.1:33318]' for 'DELETE' to 'http://localhost:33318/session/53c39b7a80434c88722bbb78bdefedc4'
12:04:12.567 [AsyncHttpClient-1-13] DEBUG org.asynchttpclient.netty.handler.WebSocketHandler - Channel Closed: [id: 0x86b77a7d, L:/127.0.0.1:62963 ! R:localhost/127.0.0.1:62954] with attribute NettyResponseFuture{currentRetry=0,
	isDone=1,
	isCancelled=0,
	asyncHandler=org.asynchttpclient.ws.WebSocketUpgradeHandler@55bc097,
	nettyRequest=org.asynchttpclient.netty.request.NettyRequest@40595e58,
	future=java.util.concurrent.CompletableFuture@52b72927[Completed normally],
	uri=ws://localhost:62954/devtools/browser/d9255c76-161b-4896-8001-c14cf7d8e646,
	keepAlive=true,
	redirectCount=0,
	timeoutsHolder=null,
	inAuth=0,
	touch=1683263039434}
12:04:12.567 [Driver Command Executor] DEBUG org.asynchttpclient.netty.request.NettyRequestSender - Using open Channel [id: 0xf5df20d2, L:/127.0.0.1:62952 - R:localhost/127.0.0.1:33318] for DELETE '/session/53c39b7a80434c88722bbb78bdefedc4'
12:04:12.567 [AsyncHttpClient-1-13] DEBUG org.asynchttpclient.netty.channel.ChannelManager - Closing Channel [id: 0x86b77a7d, L:/127.0.0.1:62963 ! R:localhost/127.0.0.1:62954] 
12:04:12.619 [AsyncHttpClient-1-12] DEBUG org.asynchttpclient.netty.handler.HttpHandler - Unexpected I/O exception on channel [id: 0xa3090f58, L:/127.0.0.1:62962 - R:localhost/127.0.0.1:62954]
java.net.SocketException: Connection reset
	at java.base/sun.nio.ch.SocketChannelImpl.throwConnectionReset(SocketChannelImpl.java:401)
	at java.base/sun.nio.ch.SocketChannelImpl.read(SocketChannelImpl.java:434)
	at io.netty.buffer.PooledByteBuf.setBytes(PooledByteBuf.java:259)
	at io.netty.buffer.AbstractByteBuf.writeBytes(AbstractByteBuf.java:1132)
	at io.netty.channel.socket.nio.NioSocketChannel.doReadBytes(NioSocketChannel.java:357)
	at io.netty.channel.nio.AbstractNioByteChannel$NioByteUnsafe.read(AbstractNioByteChannel.java:151)
	at io.netty.channel.nio.NioEventLoop.processSelectedKey(NioEventLoop.java:788)
	at io.netty.channel.nio.NioEventLoop.processSelectedKeysOptimized(NioEventLoop.java:724)
	at io.netty.channel.nio.NioEventLoop.processSelectedKeys(NioEventLoop.java:650)
	at io.netty.channel.nio.NioEventLoop.run(NioEventLoop.java:562)
	at io.netty.util.concurrent.SingleThreadEventExecutor$4.run(SingleThreadEventExecutor.java:997)
	at io.netty.util.internal.ThreadExecutorMap$2.run(ThreadExecutorMap.java:74)
	at io.netty.util.concurrent.FastThreadLocalRunnable.run(FastThreadLocalRunnable.java:30)
	at java.base/java.lang.Thread.run(Thread.java:1589)
12:04:12.620 [AsyncHttpClient-1-12] DEBUG org.asynchttpclient.netty.channel.ChannelManager - Closing Channel [id: 0xa3090f58, L:/127.0.0.1:62962 - R:localhost/127.0.0.1:62954] 
12:04:12.620 [AsyncHttpClient-1-12] DEBUG org.asynchttpclient.netty.handler.HttpHandler - Channel Closed: [id: 0xa3090f58, L:/127.0.0.1:62962 ! R:localhost/127.0.0.1:62954] with attribute DISCARD
12:04:12.639 [AsyncHttpClient-1-11] DEBUG org.asynchttpclient.netty.handler.HttpHandler - 

Request DefaultFullHttpRequest(decodeResult: success, version: HTTP/1.1, content: EmptyByteBufBE)
DELETE /session/53c39b7a80434c88722bbb78bdefedc4 HTTP/1.1
User-Agent: selenium/4.8.1 (java windows)
Content-Type: application/json; charset=utf-8
host: localhost:33318
accept: */*

Response DefaultHttpResponse(decodeResult: success, version: HTTP/1.1)
HTTP/1.1 200 OK
Content-Length: 14
Content-Type: application/json; charset=utf-8
cache-control: no-cache

12:04:12.640 [AsyncHttpClient-1-11] DEBUG org.asynchttpclient.netty.channel.ChannelManager - Adding key: http://localhost:33318 for channel [id: 0xf5df20d2, L:/127.0.0.1:62952 - R:localhost/127.0.0.1:33318]
12:04:12.720 [AsyncHttpClient-1-11] DEBUG org.asynchttpclient.netty.handler.HttpHandler - Channel Closed: [id: 0xf5df20d2, L:/127.0.0.1:62952 ! R:localhost/127.0.0.1:33318] with attribute DISCARD
]]></system-out>
    <system-err><![CDATA[Starting ChromeDriver 112.0.5615.49 (bd2a7bcb881c11e8cfe3078709382934e3916914-refs/branch-heads/5615@{#936}) on port 33318
Only local connections are allowed.
Please see https://chromedriver.chromium.org/security-considerations for suggestions on keeping ChromeDriver safe.
ChromeDriver was started successfully.
May 05, 2023 12:03:59 PM org.openqa.selenium.devtools.CdpVersionFinder findNearestMatch
WARNING: Unable to find an exact match for CDP version 112, so returning the closest version found: 110
]]></system-err>
  </testcase>
</testsuite>