<?xml version="1.0" encoding="UTF-8"?>
<testsuite xmlns:xsi="http://www.w3.org/2001/XMLSchema-instance" xsi:noNamespaceSchemaLocation="https://maven.apache.org/surefire/maven-failsafe-plugin/xsd/failsafe-test-report-3.0.xsd" version="3.0" name="starter.CucumberTestSuite" time="13.862" tests="4" errors="0" skipped="0" failures="0">
  <properties>
[...]
</properties>
  <testcase name="GET - As admin I have be able to get detail user" classname="User" time="4.639">
    <system-out><![CDATA[14:20:32.408 [main] DEBUG net.thucydides.core.guice.Injectors - Created injector for module net.thucydides.core.guice.ThucydidesModule
14:20:32.665 [main] INFO io.cucumber.core.plugin.SerenityReporter - Running feature from file:///C:/Users/WINDOWS%2011/IdeaProjects/PraktikumRestFulAPI/src/test/resources/api/User.feature
14:20:32.666 [main] WARN io.cucumber.core.plugin.SerenityReporter - Feature from file:///C:/Users/WINDOWS%2011/IdeaProjects/PraktikumRestFulAPI/src/test/resources/api/User.feature is not under the 'features' directory. Requirements report will not be correctly generated!
14:20:32.860 [main] DEBUG net.thucydides.core.guice.Injectors - Created injector for module net.thucydides.core.guice.webdriver.WebDriverModule
14:20:32.875 [main] INFO  - 

-------------------------------------------------------------------------------------
     _______. _______ .______       _______ .__   __.  __  .___________.____    ____ 
    /       ||   ____||   _  \     |   ____||  \ |  | |  | |           |\   \  /   / 
   |   (----`|  |__   |  |_)  |    |  |__   |   \|  | |  | `---|  |----` \   \/   /  
    \   \    |   __|  |      /     |   __|  |  . `  | |  |     |  |       \_    _/   
.----)   |   |  |____ |  |\  \----.|  |____ |  |\   | |  |     |  |         |  |     
|_______/    |_______|| _| `._____||_______||__| \__| |__|     |__|         |__|    
                                                                                     
 News and tutorials at http://www.serenity-bdd.info                                  
 Documentation at https://wakaleo.gitbooks.io/the-serenity-book/content/             
 Join the Serenity Community on Gitter: https://gitter.im/serenity-bdd/serenity-core 
 Serenity BDD Support and Training at http://serenity-bdd.info/#/trainingandsupport  
-------------------------------------------------------------------------------------

14:20:32.879 [main] DEBUG net.thucydides.core.steps.StepEventBus - Test suite started for story net.thucydides.core.model.Story@e8655800
14:20:32.882 [main] INFO  - Test Suite Started: User
14:20:32.895 [main] INFO io.cucumber.core.plugin.SerenityReporter - Running feature from file:///C:/Users/WINDOWS%2011/IdeaProjects/PraktikumRestFulAPI/src/test/resources/api/User.feature
14:20:32.895 [main] WARN io.cucumber.core.plugin.SerenityReporter - Feature from file:///C:/Users/WINDOWS%2011/IdeaProjects/PraktikumRestFulAPI/src/test/resources/api/User.feature is not under the 'features' directory. Requirements report will not be correctly generated!
14:20:32.906 [main] DEBUG net.thucydides.core.steps.StepEventBus - Test suite started for story net.thucydides.core.model.Story@e8655800
14:20:32.907 [main] INFO  - Test Suite Started: User

Scenario: GET - As admin I have be able to get detail user &amp#27;[90m# src/test/resources/api/User.feature:6&amp#27;[0m
14:20:32.982 [main] INFO io.cucumber.core.plugin.SerenityReporter - Running feature from file:///C:/Users/WINDOWS%2011/IdeaProjects/PraktikumRestFulAPI/src/test/resources/api/User.feature
14:20:32.982 [main] WARN io.cucumber.core.plugin.SerenityReporter - Feature from file:///C:/Users/WINDOWS%2011/IdeaProjects/PraktikumRestFulAPI/src/test/resources/api/User.feature is not under the 'features' directory. Requirements report will not be correctly generated!
14:20:33.082 [main] INFO  - 
  _____   ___   ___   _____     ___   _____     _     ___   _____   ___   ___  
 |_   _| | __| / __| |_   _|   / __| |_   _|   /_\   | _ \ |_   _| | __| |   \ 
   | |   | _|  \__ \   | |     \__ \   | |    / _ \  |   /   | |   | _|  | |) |
   |_|   |___| |___/   |_|     |___/   |_|   /_/ \_\ |_|_\   |_|   |___| |___/ 

GET - As admin I have be able to get detail user(user;get---as-admin-i-have-be-able-to-get-detail-user)
--------------------------------------------------------------------------------
14:20:33.613 [main] DEBUG net.thucydides.core.steps.StepInterceptor - STARTING STEP: UserSteps.setGetApiEndpoints - I set Get api endpoints
14:20:33.616 [main] DEBUG net.thucydides.core.steps.StepInterceptor - STEP DONE: I set Get api endpoints
  &amp#27;[32mGiven &amp#27;[0m&amp#27;[32mI set Get api endpoints&amp#27;[0m                            &amp#27;[90m# starter.stepdefinitions.UserSteps.setGetApiEndpoints()&amp#27;[0m
14:20:33.625 [main] DEBUG net.thucydides.core.steps.StepInterceptor - STARTING STEP: UserSteps.sendGetHttpRequest - I send GET HTTP request
14:20:35.546 [main] DEBUG net.thucydides.core.steps.StepInterceptor - STARTING STEP: GetID_Positive.sendGetHttpRequest - I set Get api endpoints
14:20:35.547 [main] DEBUG net.thucydides.core.steps.StepInterceptor - STEP DONE: I set Get api endpoints
14:20:36.367 [main] DEBUG org.apache.http.impl.conn.BasicClientConnectionManager - Get connection for route {s}->https://jsonplaceholder.typicode.com:443
14:20:36.432 [main] DEBUG org.apache.http.impl.conn.DefaultClientConnectionOperator - Connecting to jsonplaceholder.typicode.com:443
14:20:36.677 [main] DEBUG org.apache.http.client.protocol.RequestAddCookies - CookieSpec selected: ignoreCookies
14:20:36.677 [main] DEBUG org.apache.http.client.protocol.RequestAuthCache - Auth cache not set in the context
14:20:36.678 [main] DEBUG org.apache.http.client.protocol.RequestTargetAuthentication - Target auth state: UNCHALLENGED
14:20:36.678 [main] DEBUG org.apache.http.client.protocol.RequestProxyAuthentication - Proxy auth state: UNCHALLENGED
14:20:36.678 [main] DEBUG org.apache.http.impl.client.DefaultHttpClient - Attempt 1 to execute request
14:20:36.678 [main] DEBUG org.apache.http.impl.conn.DefaultClientConnection - Sending request: GET /posts/1 HTTP/1.1
14:20:36.678 [main] DEBUG org.apache.http.wire -  >> "GET /posts/1 HTTP/1.1[\r][\n]"
14:20:36.679 [main] DEBUG org.apache.http.wire -  >> "Accept: */*[\r][\n]"
14:20:36.679 [main] DEBUG org.apache.http.wire -  >> "Host: jsonplaceholder.typicode.com[\r][\n]"
14:20:36.679 [main] DEBUG org.apache.http.wire -  >> "Connection: Keep-Alive[\r][\n]"
14:20:36.679 [main] DEBUG org.apache.http.wire -  >> "User-Agent: Apache-HttpClient/4.5.13 (Java/19)[\r][\n]"
14:20:36.679 [main] DEBUG org.apache.http.wire -  >> "Accept-Encoding: gzip,deflate[\r][\n]"
14:20:36.679 [main] DEBUG org.apache.http.wire -  >> "[\r][\n]"
14:20:36.679 [main] DEBUG org.apache.http.headers - >> GET /posts/1 HTTP/1.1
14:20:36.679 [main] DEBUG org.apache.http.headers - >> Accept: */*
14:20:36.679 [main] DEBUG org.apache.http.headers - >> Host: jsonplaceholder.typicode.com
14:20:36.680 [main] DEBUG org.apache.http.headers - >> Connection: Keep-Alive
14:20:36.680 [main] DEBUG org.apache.http.headers - >> User-Agent: Apache-HttpClient/4.5.13 (Java/19)
14:20:36.680 [main] DEBUG org.apache.http.headers - >> Accept-Encoding: gzip,deflate
14:20:36.715 [main] DEBUG org.apache.http.wire -  << "HTTP/1.1 200 OK[\r][\n]"
14:20:36.716 [main] DEBUG org.apache.http.wire -  << "Date: Thu, 20 Apr 2023 07:20:36 GMT[\r][\n]"
14:20:36.716 [main] DEBUG org.apache.http.wire -  << "Content-Type: application/json; charset=utf-8[\r][\n]"
14:20:36.716 [main] DEBUG org.apache.http.wire -  << "Transfer-Encoding: chunked[\r][\n]"
14:20:36.716 [main] DEBUG org.apache.http.wire -  << "Connection: keep-alive[\r][\n]"
14:20:36.716 [main] DEBUG org.apache.http.wire -  << "X-Powered-By: Express[\r][\n]"
14:20:36.716 [main] DEBUG org.apache.http.wire -  << "X-Ratelimit-Limit: 1000[\r][\n]"
14:20:36.717 [main] DEBUG org.apache.http.wire -  << "X-Ratelimit-Remaining: 998[\r][\n]"
14:20:36.717 [main] DEBUG org.apache.http.wire -  << "X-Ratelimit-Reset: 1662621681[\r][\n]"
14:20:36.717 [main] DEBUG org.apache.http.wire -  << "Vary: Origin, Accept-Encoding[\r][\n]"
14:20:36.717 [main] DEBUG org.apache.http.wire -  << "Access-Control-Allow-Credentials: true[\r][\n]"
14:20:36.717 [main] DEBUG org.apache.http.wire -  << "Cache-Control: max-age=43200[\r][\n]"
14:20:36.717 [main] DEBUG org.apache.http.wire -  << "Pragma: no-cache[\r][\n]"
14:20:36.717 [main] DEBUG org.apache.http.wire -  << "Expires: -1[\r][\n]"
14:20:36.717 [main] DEBUG org.apache.http.wire -  << "X-Content-Type-Options: nosniff[\r][\n]"
14:20:36.717 [main] DEBUG org.apache.http.wire -  << "Etag: W/"124-yiKdLzqO5gfBrJFrcdJ8Yq0LGnU"[\r][\n]"
14:20:36.717 [main] DEBUG org.apache.http.wire -  << "Via: 1.1 vegur[\r][\n]"
14:20:36.717 [main] DEBUG org.apache.http.wire -  << "CF-Cache-Status: HIT[\r][\n]"
14:20:36.717 [main] DEBUG org.apache.http.wire -  << "Age: 21178[\r][\n]"
14:20:36.717 [main] DEBUG org.apache.http.wire -  << "Report-To: {"endpoints":[{"url":"https:\/\/a.nel.cloudflare.com\/report\/v3?s=qkKDdiKe28QXAj2alrN%2BbMoqyRQU5%2B7NR1xrcGZxPNUR3%2BGxu5xhQdx2%2BQ7dGmzoNcGwxeCsH3%2FTBAAH5gadn5kK2gIb8gCDgOopUWFUKS3VHIuGvNy7R1Wz8t4VJWEF3szENki0twMccDFiZCY0"}],"group":"cf-nel","max_age":604800}[\r][\n]"
14:20:36.717 [main] DEBUG org.apache.http.wire -  << "NEL: {"success_fraction":0,"report_to":"cf-nel","max_age":604800}[\r][\n]"
14:20:36.718 [main] DEBUG org.apache.http.wire -  << "Server: cloudflare[\r][\n]"
14:20:36.718 [main] DEBUG org.apache.http.wire -  << "CF-RAY: 7baba02a2fb587c9-SIN[\r][\n]"
14:20:36.718 [main] DEBUG org.apache.http.wire -  << "Content-Encoding: gzip[\r][\n]"
14:20:36.718 [main] DEBUG org.apache.http.wire -  << "alt-svc: h3=":443"; ma=86400, h3-29=":443"; ma=86400[\r][\n]"
14:20:36.718 [main] DEBUG org.apache.http.wire -  << "[\r][\n]"
14:20:36.718 [main] DEBUG org.apache.http.impl.conn.DefaultClientConnection - Receiving response: HTTP/1.1 200 OK
14:20:36.719 [main] DEBUG org.apache.http.headers - << HTTP/1.1 200 OK
14:20:36.719 [main] DEBUG org.apache.http.headers - << Date: Thu, 20 Apr 2023 07:20:36 GMT
14:20:36.719 [main] DEBUG org.apache.http.headers - << Content-Type: application/json; charset=utf-8
14:20:36.719 [main] DEBUG org.apache.http.headers - << Transfer-Encoding: chunked
14:20:36.719 [main] DEBUG org.apache.http.headers - << Connection: keep-alive
14:20:36.719 [main] DEBUG org.apache.http.headers - << X-Powered-By: Express
14:20:36.719 [main] DEBUG org.apache.http.headers - << X-Ratelimit-Limit: 1000
14:20:36.719 [main] DEBUG org.apache.http.headers - << X-Ratelimit-Remaining: 998
14:20:36.719 [main] DEBUG org.apache.http.headers - << X-Ratelimit-Reset: 1662621681
14:20:36.719 [main] DEBUG org.apache.http.headers - << Vary: Origin, Accept-Encoding
14:20:36.719 [main] DEBUG org.apache.http.headers - << Access-Control-Allow-Credentials: true
14:20:36.719 [main] DEBUG org.apache.http.headers - << Cache-Control: max-age=43200
14:20:36.719 [main] DEBUG org.apache.http.headers - << Pragma: no-cache
14:20:36.719 [main] DEBUG org.apache.http.headers - << Expires: -1
14:20:36.719 [main] DEBUG org.apache.http.headers - << X-Content-Type-Options: nosniff
14:20:36.719 [main] DEBUG org.apache.http.headers - << Etag: W/"124-yiKdLzqO5gfBrJFrcdJ8Yq0LGnU"
14:20:36.719 [main] DEBUG org.apache.http.headers - << Via: 1.1 vegur
14:20:36.719 [main] DEBUG org.apache.http.headers - << CF-Cache-Status: HIT
14:20:36.719 [main] DEBUG org.apache.http.headers - << Age: 21178
14:20:36.719 [main] DEBUG org.apache.http.headers - << Report-To: {"endpoints":[{"url":"https:\/\/a.nel.cloudflare.com\/report\/v3?s=qkKDdiKe28QXAj2alrN%2BbMoqyRQU5%2B7NR1xrcGZxPNUR3%2BGxu5xhQdx2%2BQ7dGmzoNcGwxeCsH3%2FTBAAH5gadn5kK2gIb8gCDgOopUWFUKS3VHIuGvNy7R1Wz8t4VJWEF3szENki0twMccDFiZCY0"}],"group":"cf-nel","max_age":604800}
14:20:36.719 [main] DEBUG org.apache.http.headers - << NEL: {"success_fraction":0,"report_to":"cf-nel","max_age":604800}
14:20:36.719 [main] DEBUG org.apache.http.headers - << Server: cloudflare
14:20:36.719 [main] DEBUG org.apache.http.headers - << CF-RAY: 7baba02a2fb587c9-SIN
14:20:36.719 [main] DEBUG org.apache.http.headers - << Content-Encoding: gzip
14:20:36.719 [main] DEBUG org.apache.http.headers - << alt-svc: h3=":443"; ma=86400, h3-29=":443"; ma=86400
14:20:36.723 [main] DEBUG org.apache.http.impl.client.DefaultHttpClient - Connection can be kept alive indefinitely
14:20:36.728 [main] DEBUG io.restassured.internal.RestAssuredHttpBuilder - Parsing response as: application/json; charset=utf-8
14:20:36.728 [main] DEBUG org.apache.http.wire -  << "ca[\r][\n]"
14:20:36.729 [main] DEBUG org.apache.http.wire -  << "[0x1f][0x8b][0x8][0x0][0x0][0x0][0x0][0x0][0x0][0x3]U[0x8f]Kj[0x4]A[0xc]C[0xf7]s[\n]"
14:20:36.729 [main] DEBUG org.apache.http.wire -  << "Q[0xeb]l[0xb2][0x9d][0x1b][0xe4][0xe][0xbd]q\[\n]"
14:20:36.729 [main] DEBUG org.apache.http.wire -  << "c[0xe8][0xfa][0x8c][0xcb][0x1e]&[0x84][0xdc]=tC[0x8][0x1]#$[0x90][0x1f][0xe8][0xeb][0x2][0x94]\[0xf4][0xb7]Z[0xae]x}9[0xa2][0xfd][0xd9][0xb0][0xd8]Y[0xae](+{@2[0xf0]!J'[0x9c][0x93][0xfb].[0x81][0xe9][0xe3]a[0x95]=0T[0x85]*a[0xe0]S9#[0xdd]0f[0xd8]8[0xca][0xce][0x1b]{[0xa5][[0x94][0x13][0xfc]>[0xea][0xe7][0xc1][0xbd][0xa7][0x9][0x18]X[0xb9][0xd4][0xa6][0xc5][0xd6][0x1d][0x9c][0x9a]Kz[0x15]BG_[0xbc]g[0xf6]H[0x7][0x9f][0x93][0xd5][0xe2]|[0xd3]l[[0xff][0x87]G[0x1b];W[0x98][0x10][0x19][0xc7][0xdd]S[0x16]b[0x84][0xb4][0xad][0xf7][0xb1][0xc2][0xb3][0xc1]y([0xd7]9[0x89][\r][0xe7]:g[0x3][0x1f][0xec][0xc6][0x80][0xb8][0xde],[0xa8]1[0xca][0xe5][0xfb][0x7][0x15][0xc6][0x93][0xe8]$[0x1][0x0][0x0]"
14:20:36.729 [main] DEBUG org.apache.http.wire -  << "[\r][\n]"
14:20:36.729 [main] DEBUG org.apache.http.wire -  << "0[\r][\n]"
14:20:36.729 [main] DEBUG org.apache.http.wire -  << "[\r][\n]"
14:20:36.729 [main] DEBUG io.restassured.internal.RestAssuredHttpBuilder - Parsed data to instance of: class org.apache.http.conn.EofSensorInputStream
14:20:36.791 [main] DEBUG org.apache.http.impl.conn.BasicClientConnectionManager - Releasing connection org.apache.http.impl.conn.ManagedClientConnectionImpl@5f1f0ee6
14:20:36.791 [main] DEBUG org.apache.http.impl.conn.BasicClientConnectionManager - Connection can be kept alive indefinitely
14:20:36.824 [main] DEBUG net.thucydides.core.steps.StepInterceptor - STEP DONE: I send GET HTTP request
  &amp#27;[32mWhen &amp#27;[0m&amp#27;[32mI send GET HTTP request&amp#27;[0m                             &amp#27;[90m# starter.stepdefinitions.UserSteps.sendGetHttpRequest()&amp#27;[0m
14:20:36.830 [main] DEBUG net.thucydides.core.steps.StepInterceptor - STARTING STEP: UserSteps.receivedValidHttpResponse - I receive valid HTTP response code 200
14:20:36.855 [main] DEBUG net.thucydides.core.steps.StepInterceptor - STEP DONE: I receive valid HTTP response code 200
  &amp#27;[32mThen &amp#27;[0m&amp#27;[32mI receive valid HTTP response code 200&amp#27;[0m              &amp#27;[90m# starter.stepdefinitions.UserSteps.receivedValidHttpResponse()&amp#27;[0m
14:20:36.862 [main] DEBUG net.thucydides.core.steps.StepInterceptor - STARTING STEP: UserSteps.receiveValidDataForDetailUser - I receive valid HTTP response code 200
14:20:37.538 [main] DEBUG net.thucydides.core.steps.StepInterceptor - STEP DONE: I receive valid HTTP response code 200
  &amp#27;[32mAnd &amp#27;[0m&amp#27;[32mI receive valid data for detail user&amp#27;[0m                 &amp#27;[90m# starter.stepdefinitions.UserSteps.receiveValidDataForDetailUser()&amp#27;[0m
14:20:37.543 [main] INFO  - 
  _____   ___   ___   _____     ___     _     ___   ___   ___   ___  
 |_   _| | __| / __| |_   _|   | _ \   /_\   / __| / __| | __| |   \ 
   | |   | _|  \__ \   | |     |  _/  / _ \  \__ \ \__ \ | _|  | |) |
   |_|   |___| |___/   |_|     |_|   /_/ \_\ |___/ |___/ |___| |___/ 

GET - As admin I have be able to get detail user
----------------------------------------------------------------------
]]></system-out>
  </testcase>
  <testcase name="PUT - As admin I have be able to to update existing user" classname="User" time="0.796">
    <system-out><![CDATA[
Scenario: PUT - As admin I have be able to to update existing user &amp#27;[90m# src/test/resources/api/User.feature:12&amp#27;[0m
14:20:37.562 [main] INFO io.cucumber.core.plugin.SerenityReporter - Running feature from file:///C:/Users/WINDOWS%2011/IdeaProjects/PraktikumRestFulAPI/src/test/resources/api/User.feature
14:20:37.563 [main] WARN io.cucumber.core.plugin.SerenityReporter - Feature from file:///C:/Users/WINDOWS%2011/IdeaProjects/PraktikumRestFulAPI/src/test/resources/api/User.feature is not under the 'features' directory. Requirements report will not be correctly generated!
14:20:37.568 [main] INFO  - 
  _____   ___   ___   _____     ___   _____     _     ___   _____   ___   ___  
 |_   _| | __| / __| |_   _|   / __| |_   _|   /_\   | _ \ |_   _| | __| |   \ 
   | |   | _|  \__ \   | |     \__ \   | |    / _ \  |   /   | |   | _|  | |) |
   |_|   |___| |___/   |_|     |___/   |_|   /_/ \_\ |_|_\   |_|   |___| |___/ 

PUT - As admin I have be able to to update existing user(user;put---as-admin-i-have-be-able-to-to-update-existing-user)
--------------------------------------------------------------------------------
14:20:37.598 [main] DEBUG net.thucydides.core.steps.StepInterceptor - STARTING STEP: UserSteps.setPutEndpoint - I set PUT endpoints
14:20:37.599 [main] DEBUG net.thucydides.core.steps.StepInterceptor - STEP DONE: I set PUT endpoints
  &amp#27;[32mGiven &amp#27;[0m&amp#27;[32mI set PUT endpoints&amp#27;[0m                                        &amp#27;[90m# starter.stepdefinitions.UserSteps.setPutEndpoint()&amp#27;[0m
14:20:37.606 [main] DEBUG net.thucydides.core.steps.StepInterceptor - STARTING STEP: UserSteps.sendPutHttpRequest - I send PUT HTTP request
14:20:37.619 [main] DEBUG net.thucydides.core.steps.StepInterceptor - STARTING STEP: PutID_Positive.sendPutHttpRequest - I set PUT endpoints
14:20:37.619 [main] DEBUG net.thucydides.core.steps.StepInterceptor - STEP DONE: I set PUT endpoints
14:20:37.653 [main] DEBUG org.apache.http.impl.conn.BasicClientConnectionManager - Get connection for route {s}->https://jsonplaceholder.typicode.com:443
14:20:37.653 [main] DEBUG org.apache.http.impl.conn.DefaultClientConnectionOperator - Connecting to jsonplaceholder.typicode.com:443
14:20:37.726 [main] DEBUG org.apache.http.client.protocol.RequestAddCookies - CookieSpec selected: ignoreCookies
14:20:37.726 [main] DEBUG org.apache.http.client.protocol.RequestAuthCache - Auth cache not set in the context
14:20:37.726 [main] DEBUG org.apache.http.client.protocol.RequestTargetAuthentication - Target auth state: UNCHALLENGED
14:20:37.726 [main] DEBUG org.apache.http.client.protocol.RequestProxyAuthentication - Proxy auth state: UNCHALLENGED
14:20:37.726 [main] DEBUG org.apache.http.impl.client.DefaultHttpClient - Attempt 1 to execute request
14:20:37.726 [main] DEBUG org.apache.http.impl.conn.DefaultClientConnection - Sending request: PUT /posts/1 HTTP/1.1
14:20:37.726 [main] DEBUG org.apache.http.wire -  >> "PUT /posts/1 HTTP/1.1[\r][\n]"
14:20:37.726 [main] DEBUG org.apache.http.wire -  >> "Accept: */*[\r][\n]"
14:20:37.726 [main] DEBUG org.apache.http.wire -  >> "Content-Type: application/json[\r][\n]"
14:20:37.726 [main] DEBUG org.apache.http.wire -  >> "Content-Length: 69[\r][\n]"
14:20:37.726 [main] DEBUG org.apache.http.wire -  >> "Host: jsonplaceholder.typicode.com[\r][\n]"
14:20:37.726 [main] DEBUG org.apache.http.wire -  >> "Connection: Keep-Alive[\r][\n]"
14:20:37.727 [main] DEBUG org.apache.http.wire -  >> "User-Agent: Apache-HttpClient/4.5.13 (Java/19)[\r][\n]"
14:20:37.727 [main] DEBUG org.apache.http.wire -  >> "Accept-Encoding: gzip,deflate[\r][\n]"
14:20:37.727 [main] DEBUG org.apache.http.wire -  >> "[\r][\n]"
14:20:37.727 [main] DEBUG org.apache.http.headers - >> PUT /posts/1 HTTP/1.1
14:20:37.727 [main] DEBUG org.apache.http.headers - >> Accept: */*
14:20:37.727 [main] DEBUG org.apache.http.headers - >> Content-Type: application/json
14:20:37.727 [main] DEBUG org.apache.http.headers - >> Content-Length: 69
14:20:37.727 [main] DEBUG org.apache.http.headers - >> Host: jsonplaceholder.typicode.com
14:20:37.727 [main] DEBUG org.apache.http.headers - >> Connection: Keep-Alive
14:20:37.727 [main] DEBUG org.apache.http.headers - >> User-Agent: Apache-HttpClient/4.5.13 (Java/19)
14:20:37.727 [main] DEBUG org.apache.http.headers - >> Accept-Encoding: gzip,deflate
14:20:37.727 [main] DEBUG org.apache.http.wire -  >> "{"user_id":1,"id":1,"title":"Iftitah Hidayati","body":"Alterra QE A"}"
14:20:38.272 [main] DEBUG org.apache.http.wire -  << "HTTP/1.1 200 OK[\r][\n]"
14:20:38.274 [main] DEBUG org.apache.http.wire -  << "Date: Thu, 20 Apr 2023 07:20:37 GMT[\r][\n]"
14:20:38.274 [main] DEBUG org.apache.http.wire -  << "Content-Type: application/json; charset=utf-8[\r][\n]"
14:20:38.274 [main] DEBUG org.apache.http.wire -  << "Transfer-Encoding: chunked[\r][\n]"
14:20:38.274 [main] DEBUG org.apache.http.wire -  << "Connection: keep-alive[\r][\n]"
14:20:38.274 [main] DEBUG org.apache.http.wire -  << "X-Powered-By: Express[\r][\n]"
14:20:38.274 [main] DEBUG org.apache.http.wire -  << "X-Ratelimit-Limit: 1000[\r][\n]"
14:20:38.274 [main] DEBUG org.apache.http.wire -  << "X-Ratelimit-Remaining: 999[\r][\n]"
14:20:38.274 [main] DEBUG org.apache.http.wire -  << "X-Ratelimit-Reset: 1681975264[\r][\n]"
14:20:38.274 [main] DEBUG org.apache.http.wire -  << "Vary: Origin, Accept-Encoding[\r][\n]"
14:20:38.274 [main] DEBUG org.apache.http.wire -  << "Access-Control-Allow-Credentials: true[\r][\n]"
14:20:38.274 [main] DEBUG org.apache.http.wire -  << "Cache-Control: no-cache[\r][\n]"
14:20:38.274 [main] DEBUG org.apache.http.wire -  << "Pragma: no-cache[\r][\n]"
14:20:38.274 [main] DEBUG org.apache.http.wire -  << "Expires: -1[\r][\n]"
14:20:38.274 [main] DEBUG org.apache.http.wire -  << "X-Content-Type-Options: nosniff[\r][\n]"
14:20:38.274 [main] DEBUG org.apache.http.wire -  << "Etag: W/"56-X3kp6pYgWprK/D0sN/ObRLmXUko"[\r][\n]"
14:20:38.274 [main] DEBUG org.apache.http.wire -  << "Via: 1.1 vegur[\r][\n]"
14:20:38.274 [main] DEBUG org.apache.http.wire -  << "CF-Cache-Status: DYNAMIC[\r][\n]"
14:20:38.274 [main] DEBUG org.apache.http.wire -  << "Report-To: {"endpoints":[{"url":"https:\/\/a.nel.cloudflare.com\/report\/v3?s=eDEh%2FTo%2Boxy7Tvb0BkDMUhfBQeSWksDERB%2B9KGKbcYjQrC50gJBRARV6JXwkveaXNR2ln6uCzA0nl2%2BJF92fSpR7zp5X6imeJvdHgexAlxNCeX0lmZt4VBFOyqXafTMuZmcVoBfHMTt8JMwwD1Q9"}],"group":"cf-nel","max_age":604800}[\r][\n]"
14:20:38.274 [main] DEBUG org.apache.http.wire -  << "NEL: {"success_fraction":0,"report_to":"cf-nel","max_age":604800}[\r][\n]"
14:20:38.274 [main] DEBUG org.apache.http.wire -  << "Server: cloudflare[\r][\n]"
14:20:38.274 [main] DEBUG org.apache.http.wire -  << "CF-RAY: 7baba030bef04721-SIN[\r][\n]"
14:20:38.274 [main] DEBUG org.apache.http.wire -  << "Content-Encoding: gzip[\r][\n]"
14:20:38.274 [main] DEBUG org.apache.http.wire -  << "alt-svc: h3=":443"; ma=86400, h3-29=":443"; ma=86400[\r][\n]"
14:20:38.274 [main] DEBUG org.apache.http.wire -  << "[\r][\n]"
14:20:38.275 [main] DEBUG org.apache.http.impl.conn.DefaultClientConnection - Receiving response: HTTP/1.1 200 OK
14:20:38.275 [main] DEBUG org.apache.http.headers - << HTTP/1.1 200 OK
14:20:38.275 [main] DEBUG org.apache.http.headers - << Date: Thu, 20 Apr 2023 07:20:37 GMT
14:20:38.275 [main] DEBUG org.apache.http.headers - << Content-Type: application/json; charset=utf-8
14:20:38.275 [main] DEBUG org.apache.http.headers - << Transfer-Encoding: chunked
14:20:38.275 [main] DEBUG org.apache.http.headers - << Connection: keep-alive
14:20:38.275 [main] DEBUG org.apache.http.headers - << X-Powered-By: Express
14:20:38.275 [main] DEBUG org.apache.http.headers - << X-Ratelimit-Limit: 1000
14:20:38.275 [main] DEBUG org.apache.http.headers - << X-Ratelimit-Remaining: 999
14:20:38.275 [main] DEBUG org.apache.http.headers - << X-Ratelimit-Reset: 1681975264
14:20:38.275 [main] DEBUG org.apache.http.headers - << Vary: Origin, Accept-Encoding
14:20:38.275 [main] DEBUG org.apache.http.headers - << Access-Control-Allow-Credentials: true
14:20:38.275 [main] DEBUG org.apache.http.headers - << Cache-Control: no-cache
14:20:38.275 [main] DEBUG org.apache.http.headers - << Pragma: no-cache
14:20:38.275 [main] DEBUG org.apache.http.headers - << Expires: -1
14:20:38.275 [main] DEBUG org.apache.http.headers - << X-Content-Type-Options: nosniff
14:20:38.275 [main] DEBUG org.apache.http.headers - << Etag: W/"56-X3kp6pYgWprK/D0sN/ObRLmXUko"
14:20:38.275 [main] DEBUG org.apache.http.headers - << Via: 1.1 vegur
14:20:38.275 [main] DEBUG org.apache.http.headers - << CF-Cache-Status: DYNAMIC
14:20:38.275 [main] DEBUG org.apache.http.headers - << Report-To: {"endpoints":[{"url":"https:\/\/a.nel.cloudflare.com\/report\/v3?s=eDEh%2FTo%2Boxy7Tvb0BkDMUhfBQeSWksDERB%2B9KGKbcYjQrC50gJBRARV6JXwkveaXNR2ln6uCzA0nl2%2BJF92fSpR7zp5X6imeJvdHgexAlxNCeX0lmZt4VBFOyqXafTMuZmcVoBfHMTt8JMwwD1Q9"}],"group":"cf-nel","max_age":604800}
14:20:38.276 [main] DEBUG org.apache.http.headers - << NEL: {"success_fraction":0,"report_to":"cf-nel","max_age":604800}
14:20:38.276 [main] DEBUG org.apache.http.headers - << Server: cloudflare
14:20:38.276 [main] DEBUG org.apache.http.headers - << CF-RAY: 7baba030bef04721-SIN
14:20:38.276 [main] DEBUG org.apache.http.headers - << Content-Encoding: gzip
14:20:38.276 [main] DEBUG org.apache.http.headers - << alt-svc: h3=":443"; ma=86400, h3-29=":443"; ma=86400
14:20:38.276 [main] DEBUG org.apache.http.impl.client.DefaultHttpClient - Connection can be kept alive indefinitely
14:20:38.276 [main] DEBUG io.restassured.internal.RestAssuredHttpBuilder - Parsing response as: application/json; charset=utf-8
14:20:38.276 [main] DEBUG org.apache.http.wire -  << "5f[\r][\n]"
14:20:38.277 [main] DEBUG org.apache.http.wire -  << "[0x1f][0x8b][0x8][0x0][0x0][0x0][0x0][0x0][0x0][0x3][0xaa][0xe6]RPP*-N-[0x8a][0xcf]LQ[0xb2]R0[0xd4][0x1][0xf1][0x91][0x98]%[0x99]%9[0xa9]JV[\n]"
14:20:38.277 [main] DEBUG org.apache.http.wire -  << "J[0x9e]i%[0x99]%[0x89][0x19][\n]"
14:20:38.277 [main] DEBUG org.apache.http.wire -  << "[0x1e][0x99])[0x89][0x95][0x89]%[0x99]J`[0xe9][0xa4][0xfc][0x94]J[0x90][0xac]cNIjQQ[0xa2]B[0xa0][0xab][0x82][0xa3][0x12]W-[0x0][0x0][0x0][0xff][0xff][0x3][0x0]pd3[0xed]V[0x0][0x0][0x0]"
14:20:38.277 [main] DEBUG org.apache.http.wire -  << "[\r][\n]"
14:20:38.277 [main] DEBUG org.apache.http.wire -  << "0[\r][\n]"
14:20:38.277 [main] DEBUG org.apache.http.wire -  << "[\r][\n]"
14:20:38.277 [main] DEBUG io.restassured.internal.RestAssuredHttpBuilder - Parsed data to instance of: class org.apache.http.conn.EofSensorInputStream
14:20:38.280 [main] DEBUG org.apache.http.impl.conn.BasicClientConnectionManager - Releasing connection org.apache.http.impl.conn.ManagedClientConnectionImpl@582ea164
14:20:38.280 [main] DEBUG org.apache.http.impl.conn.BasicClientConnectionManager - Connection can be kept alive indefinitely
14:20:38.281 [main] DEBUG net.thucydides.core.steps.StepInterceptor - STEP DONE: I send PUT HTTP request
  &amp#27;[32mWhen &amp#27;[0m&amp#27;[32mI send PUT HTTP request&amp#27;[0m                                     &amp#27;[90m# starter.stepdefinitions.UserSteps.sendPutHttpRequest()&amp#27;[0m
14:20:38.286 [main] DEBUG net.thucydides.core.steps.StepInterceptor - STARTING STEP: UserSteps.receivedValidHttpResponse - I receive valid HTTP response code 200
14:20:38.287 [main] DEBUG net.thucydides.core.steps.StepInterceptor - STEP DONE: I receive valid HTTP response code 200
  &amp#27;[32mThen &amp#27;[0m&amp#27;[32mI receive valid HTTP response code 200&amp#27;[0m                      &amp#27;[90m# starter.stepdefinitions.UserSteps.receivedValidHttpResponse()&amp#27;[0m
14:20:38.290 [main] DEBUG net.thucydides.core.steps.StepInterceptor - STARTING STEP: UserSteps.validateDataForExistingUser - I receive valid data for existing user
14:20:38.342 [main] DEBUG net.thucydides.core.steps.StepInterceptor - STEP DONE: I receive valid data for existing user
  &amp#27;[32mAnd &amp#27;[0m&amp#27;[32mI receive valid data for existing user&amp#27;[0m                       &amp#27;[90m# starter.stepdefinitions.UserSteps.validateDataForExistingUser()&amp#27;[0m
14:20:38.345 [main] INFO  - 
  _____   ___   ___   _____     ___     _     ___   ___   ___   ___  
 |_   _| | __| / __| |_   _|   | _ \   /_\   / __| / __| | __| |   \ 
   | |   | _|  \__ \   | |     |  _/  / _ \  \__ \ \__ \ | _|  | |) |
   |_|   |___| |___/   |_|     |_|   /_/ \_\ |___/ |___/ |___| |___/ 

PUT - As admin I have be able to to update existing user
----------------------------------------------------------------------
]]></system-out>
  </testcase>
  <testcase name="POST - As admin I have be able to to create new user" classname="User" time="0.769">
    <system-out><![CDATA[
Scenario: POST - As admin I have be able to to create new user &amp#27;[90m# src/test/resources/api/User.feature:18&amp#27;[0m
14:20:38.357 [main] INFO io.cucumber.core.plugin.SerenityReporter - Running feature from file:///C:/Users/WINDOWS%2011/IdeaProjects/PraktikumRestFulAPI/src/test/resources/api/User.feature
14:20:38.357 [main] WARN io.cucumber.core.plugin.SerenityReporter - Feature from file:///C:/Users/WINDOWS%2011/IdeaProjects/PraktikumRestFulAPI/src/test/resources/api/User.feature is not under the 'features' directory. Requirements report will not be correctly generated!
14:20:38.362 [main] INFO  - 
  _____   ___   ___   _____     ___   _____     _     ___   _____   ___   ___  
 |_   _| | __| / __| |_   _|   / __| |_   _|   /_\   | _ \ |_   _| | __| |   \ 
   | |   | _|  \__ \   | |     \__ \   | |    / _ \  |   /   | |   | _|  | |) |
   |_|   |___| |___/   |_|     |___/   |_|   /_/ \_\ |_|_\   |_|   |___| |___/ 

POST - As admin I have be able to to create new user(user;post---as-admin-i-have-be-able-to-to-create-new-user)
--------------------------------------------------------------------------------
14:20:38.389 [main] DEBUG net.thucydides.core.steps.StepInterceptor - STARTING STEP: UserSteps.setPostApiEndpoint - I set POST endpoints
14:20:38.390 [main] DEBUG net.thucydides.core.steps.StepInterceptor - STEP DONE: I set POST endpoints
  &amp#27;[32mGiven &amp#27;[0m&amp#27;[32mI set POST endpoints&amp#27;[0m                                   &amp#27;[90m# starter.stepdefinitions.UserSteps.setPostApiEndpoint()&amp#27;[0m
14:20:38.397 [main] DEBUG net.thucydides.core.steps.StepInterceptor - STARTING STEP: UserSteps.sendPostHTTPRequest - I send POST HTTP request
14:20:38.400 [main] DEBUG net.thucydides.core.steps.StepInterceptor - STARTING STEP: Post_Positive.sendPostHttpRequest - I set POST endpoints
14:20:38.400 [main] DEBUG net.thucydides.core.steps.StepInterceptor - STEP DONE: I set POST endpoints
14:20:38.423 [main] DEBUG org.apache.http.impl.conn.BasicClientConnectionManager - Get connection for route {s}->https://jsonplaceholder.typicode.com:443
14:20:38.423 [main] DEBUG org.apache.http.impl.conn.DefaultClientConnectionOperator - Connecting to jsonplaceholder.typicode.com:443
14:20:38.497 [main] DEBUG org.apache.http.client.protocol.RequestAddCookies - CookieSpec selected: ignoreCookies
14:20:38.497 [main] DEBUG org.apache.http.client.protocol.RequestAuthCache - Auth cache not set in the context
14:20:38.497 [main] DEBUG org.apache.http.client.protocol.RequestTargetAuthentication - Target auth state: UNCHALLENGED
14:20:38.497 [main] DEBUG org.apache.http.client.protocol.RequestProxyAuthentication - Proxy auth state: UNCHALLENGED
14:20:38.497 [main] DEBUG org.apache.http.impl.client.DefaultHttpClient - Attempt 1 to execute request
14:20:38.497 [main] DEBUG org.apache.http.impl.conn.DefaultClientConnection - Sending request: POST /posts/ HTTP/1.1
14:20:38.497 [main] DEBUG org.apache.http.wire -  >> "POST /posts/ HTTP/1.1[\r][\n]"
14:20:38.497 [main] DEBUG org.apache.http.wire -  >> "Accept: */*[\r][\n]"
14:20:38.498 [main] DEBUG org.apache.http.wire -  >> "Content-Type: application/json[\r][\n]"
14:20:38.498 [main] DEBUG org.apache.http.wire -  >> "Content-Length: 46[\r][\n]"
14:20:38.498 [main] DEBUG org.apache.http.wire -  >> "Host: jsonplaceholder.typicode.com[\r][\n]"
14:20:38.498 [main] DEBUG org.apache.http.wire -  >> "Connection: Keep-Alive[\r][\n]"
14:20:38.498 [main] DEBUG org.apache.http.wire -  >> "User-Agent: Apache-HttpClient/4.5.13 (Java/19)[\r][\n]"
14:20:38.498 [main] DEBUG org.apache.http.wire -  >> "Accept-Encoding: gzip,deflate[\r][\n]"
14:20:38.498 [main] DEBUG org.apache.http.wire -  >> "[\r][\n]"
14:20:38.498 [main] DEBUG org.apache.http.headers - >> POST /posts/ HTTP/1.1
14:20:38.498 [main] DEBUG org.apache.http.headers - >> Accept: */*
14:20:38.498 [main] DEBUG org.apache.http.headers - >> Content-Type: application/json
14:20:38.498 [main] DEBUG org.apache.http.headers - >> Content-Length: 46
14:20:38.498 [main] DEBUG org.apache.http.headers - >> Host: jsonplaceholder.typicode.com
14:20:38.498 [main] DEBUG org.apache.http.headers - >> Connection: Keep-Alive
14:20:38.498 [main] DEBUG org.apache.http.headers - >> User-Agent: Apache-HttpClient/4.5.13 (Java/19)
14:20:38.498 [main] DEBUG org.apache.http.headers - >> Accept-Encoding: gzip,deflate
14:20:38.498 [main] DEBUG org.apache.http.wire -  >> "{"user_id":10,"title":"Iftitah","body":"QE A"}"
14:20:39.051 [main] DEBUG org.apache.http.wire -  << "HTTP/1.1 201 Created[\r][\n]"
14:20:39.051 [main] DEBUG org.apache.http.wire -  << "Date: Thu, 20 Apr 2023 07:20:38 GMT[\r][\n]"
14:20:39.051 [main] DEBUG org.apache.http.wire -  << "Content-Type: application/json; charset=utf-8[\r][\n]"
14:20:39.051 [main] DEBUG org.apache.http.wire -  << "Content-Length: 72[\r][\n]"
14:20:39.051 [main] DEBUG org.apache.http.wire -  << "Connection: keep-alive[\r][\n]"
14:20:39.051 [main] DEBUG org.apache.http.wire -  << "X-Powered-By: Express[\r][\n]"
14:20:39.051 [main] DEBUG org.apache.http.wire -  << "X-Ratelimit-Limit: 1000[\r][\n]"
14:20:39.051 [main] DEBUG org.apache.http.wire -  << "X-Ratelimit-Remaining: 998[\r][\n]"
14:20:39.051 [main] DEBUG org.apache.http.wire -  << "X-Ratelimit-Reset: 1681975264[\r][\n]"
14:20:39.051 [main] DEBUG org.apache.http.wire -  << "Vary: Origin, X-HTTP-Method-Override, Accept-Encoding[\r][\n]"
14:20:39.052 [main] DEBUG org.apache.http.wire -  << "Access-Control-Allow-Credentials: true[\r][\n]"
14:20:39.052 [main] DEBUG org.apache.http.wire -  << "Cache-Control: no-cache[\r][\n]"
14:20:39.052 [main] DEBUG org.apache.http.wire -  << "Pragma: no-cache[\r][\n]"
14:20:39.052 [main] DEBUG org.apache.http.wire -  << "Expires: -1[\r][\n]"
14:20:39.052 [main] DEBUG org.apache.http.wire -  << "Access-Control-Expose-Headers: Location[\r][\n]"
14:20:39.052 [main] DEBUG org.apache.http.wire -  << "Location: http://jsonplaceholder.typicode.com/posts//101[\r][\n]"
14:20:39.052 [main] DEBUG org.apache.http.wire -  << "X-Content-Type-Options: nosniff[\r][\n]"
14:20:39.052 [main] DEBUG org.apache.http.wire -  << "Etag: W/"48-9N6HiQlc1qdVOIXBHVTsAmPQ+Pw"[\r][\n]"
14:20:39.052 [main] DEBUG org.apache.http.wire -  << "Via: 1.1 vegur[\r][\n]"
14:20:39.052 [main] DEBUG org.apache.http.wire -  << "CF-Cache-Status: DYNAMIC[\r][\n]"
14:20:39.052 [main] DEBUG org.apache.http.wire -  << "Report-To: {"endpoints":[{"url":"https:\/\/a.nel.cloudflare.com\/report\/v3?s=jw%2BKESCkez3ZqxYdQGb2LEaZ86ZR8SvLnYU5bIoFNMcOQkBfA7zg%2FiytN%2Ff9Fja8CqHoBn8r64vR26BVh83KIPaVXoDa1qtywhYXFyPoVd45wzCGh%2FPTxgrEgWXufFh2ceXnQdFzDjDELI%2Bm1xWo"}],"group":"cf-nel","max_age":604800}[\r][\n]"
14:20:39.052 [main] DEBUG org.apache.http.wire -  << "NEL: {"success_fraction":0,"report_to":"cf-nel","max_age":604800}[\r][\n]"
14:20:39.052 [main] DEBUG org.apache.http.wire -  << "Server: cloudflare[\r][\n]"
14:20:39.052 [main] DEBUG org.apache.http.wire -  << "CF-RAY: 7baba0358e6b44ab-SIN[\r][\n]"
14:20:39.052 [main] DEBUG org.apache.http.wire -  << "alt-svc: h3=":443"; ma=86400, h3-29=":443"; ma=86400[\r][\n]"
14:20:39.052 [main] DEBUG org.apache.http.wire -  << "[\r][\n]"
14:20:39.052 [main] DEBUG org.apache.http.impl.conn.DefaultClientConnection - Receiving response: HTTP/1.1 201 Created
14:20:39.052 [main] DEBUG org.apache.http.headers - << HTTP/1.1 201 Created
14:20:39.052 [main] DEBUG org.apache.http.headers - << Date: Thu, 20 Apr 2023 07:20:38 GMT
14:20:39.052 [main] DEBUG org.apache.http.headers - << Content-Type: application/json; charset=utf-8
14:20:39.052 [main] DEBUG org.apache.http.headers - << Content-Length: 72
14:20:39.052 [main] DEBUG org.apache.http.headers - << Connection: keep-alive
14:20:39.052 [main] DEBUG org.apache.http.headers - << X-Powered-By: Express
14:20:39.052 [main] DEBUG org.apache.http.headers - << X-Ratelimit-Limit: 1000
14:20:39.052 [main] DEBUG org.apache.http.headers - << X-Ratelimit-Remaining: 998
14:20:39.052 [main] DEBUG org.apache.http.headers - << X-Ratelimit-Reset: 1681975264
14:20:39.052 [main] DEBUG org.apache.http.headers - << Vary: Origin, X-HTTP-Method-Override, Accept-Encoding
14:20:39.052 [main] DEBUG org.apache.http.headers - << Access-Control-Allow-Credentials: true
14:20:39.052 [main] DEBUG org.apache.http.headers - << Cache-Control: no-cache
14:20:39.052 [main] DEBUG org.apache.http.headers - << Pragma: no-cache
14:20:39.052 [main] DEBUG org.apache.http.headers - << Expires: -1
14:20:39.052 [main] DEBUG org.apache.http.headers - << Access-Control-Expose-Headers: Location
14:20:39.052 [main] DEBUG org.apache.http.headers - << Location: http://jsonplaceholder.typicode.com/posts//101
14:20:39.052 [main] DEBUG org.apache.http.headers - << X-Content-Type-Options: nosniff
14:20:39.052 [main] DEBUG org.apache.http.headers - << Etag: W/"48-9N6HiQlc1qdVOIXBHVTsAmPQ+Pw"
14:20:39.052 [main] DEBUG org.apache.http.headers - << Via: 1.1 vegur
14:20:39.052 [main] DEBUG org.apache.http.headers - << CF-Cache-Status: DYNAMIC
14:20:39.052 [main] DEBUG org.apache.http.headers - << Report-To: {"endpoints":[{"url":"https:\/\/a.nel.cloudflare.com\/report\/v3?s=jw%2BKESCkez3ZqxYdQGb2LEaZ86ZR8SvLnYU5bIoFNMcOQkBfA7zg%2FiytN%2Ff9Fja8CqHoBn8r64vR26BVh83KIPaVXoDa1qtywhYXFyPoVd45wzCGh%2FPTxgrEgWXufFh2ceXnQdFzDjDELI%2Bm1xWo"}],"group":"cf-nel","max_age":604800}
14:20:39.052 [main] DEBUG org.apache.http.headers - << NEL: {"success_fraction":0,"report_to":"cf-nel","max_age":604800}
14:20:39.052 [main] DEBUG org.apache.http.headers - << Server: cloudflare
14:20:39.052 [main] DEBUG org.apache.http.headers - << CF-RAY: 7baba0358e6b44ab-SIN
14:20:39.052 [main] DEBUG org.apache.http.headers - << alt-svc: h3=":443"; ma=86400, h3-29=":443"; ma=86400
14:20:39.053 [main] DEBUG org.apache.http.impl.client.DefaultHttpClient - Connection can be kept alive indefinitely
14:20:39.053 [main] DEBUG io.restassured.internal.RestAssuredHttpBuilder - Parsing response as: application/json; charset=utf-8
14:20:39.053 [main] DEBUG io.restassured.internal.RestAssuredHttpBuilder - Parsed data to instance of: class org.apache.http.conn.EofSensorInputStream
14:20:39.055 [main] DEBUG org.apache.http.wire -  << "{[\n]"
14:20:39.055 [main] DEBUG org.apache.http.wire -  << "  "user_id": 10,[\n]"
14:20:39.055 [main] DEBUG org.apache.http.wire -  << "  "title": "Iftitah",[\n]"
14:20:39.055 [main] DEBUG org.apache.http.wire -  << "  "body": "QE A",[\n]"
14:20:39.055 [main] DEBUG org.apache.http.wire -  << "  "id": 101[\n]"
14:20:39.056 [main] DEBUG org.apache.http.wire -  << "}"
14:20:39.056 [main] DEBUG org.apache.http.impl.conn.BasicClientConnectionManager - Releasing connection org.apache.http.impl.conn.ManagedClientConnectionImpl@58afecfd
14:20:39.056 [main] DEBUG org.apache.http.impl.conn.BasicClientConnectionManager - Connection can be kept alive indefinitely
14:20:39.056 [main] DEBUG net.thucydides.core.steps.StepInterceptor - STEP DONE: I send POST HTTP request
  &amp#27;[32mWhen &amp#27;[0m&amp#27;[32mI send POST HTTP request&amp#27;[0m                                &amp#27;[90m# starter.stepdefinitions.UserSteps.sendPostHTTPRequest()&amp#27;[0m
14:20:39.061 [main] DEBUG net.thucydides.core.steps.StepInterceptor - STARTING STEP: UserSteps.receiveValidHttp201 - I receive valid HTTP response code 201
14:20:39.062 [main] DEBUG net.thucydides.core.steps.StepInterceptor - STEP DONE: I receive valid HTTP response code 201
  &amp#27;[32mThen &amp#27;[0m&amp#27;[32mI receive valid HTTP response code 201&amp#27;[0m                  &amp#27;[90m# starter.stepdefinitions.UserSteps.receiveValidHttp201()&amp#27;[0m
14:20:39.067 [main] DEBUG net.thucydides.core.steps.StepInterceptor - STARTING STEP: UserSteps.validateDataNewUser - I receive valid data for new user
14:20:39.111 [main] DEBUG net.thucydides.core.steps.StepInterceptor - STEP DONE: I receive valid data for new user
  &amp#27;[32mAnd &amp#27;[0m&amp#27;[32mI receive valid data for new user&amp#27;[0m                        &amp#27;[90m# starter.stepdefinitions.UserSteps.validateDataNewUser()&amp#27;[0m
14:20:39.114 [main] INFO  - 
  _____   ___   ___   _____     ___     _     ___   ___   ___   ___  
 |_   _| | __| / __| |_   _|   | _ \   /_\   / __| / __| | __| |   \ 
   | |   | _|  \__ \   | |     |  _/  / _ \  \__ \ \__ \ | _|  | |) |
   |_|   |___| |___/   |_|     |_|   /_/ \_\ |___/ |___/ |___| |___/ 

POST - As admin I have be able to to create new user
----------------------------------------------------------------------
]]></system-out>
  </testcase>
  <testcase name="DELETE- As admin I have be able to to delete existing user" classname="User" time="0.746">
    <system-out><![CDATA[
Scenario: DELETE- As admin I have be able to to delete existing user &amp#27;[90m# src/test/resources/api/User.feature:24&amp#27;[0m
14:20:39.130 [main] INFO io.cucumber.core.plugin.SerenityReporter - Running feature from file:///C:/Users/WINDOWS%2011/IdeaProjects/PraktikumRestFulAPI/src/test/resources/api/User.feature
14:20:39.130 [main] WARN io.cucumber.core.plugin.SerenityReporter - Feature from file:///C:/Users/WINDOWS%2011/IdeaProjects/PraktikumRestFulAPI/src/test/resources/api/User.feature is not under the 'features' directory. Requirements report will not be correctly generated!
14:20:39.134 [main] INFO  - 
  _____   ___   ___   _____     ___   _____     _     ___   _____   ___   ___  
 |_   _| | __| / __| |_   _|   / __| |_   _|   /_\   | _ \ |_   _| | __| |   \ 
   | |   | _|  \__ \   | |     \__ \   | |    / _ \  |   /   | |   | _|  | |) |
   |_|   |___| |___/   |_|     |___/   |_|   /_/ \_\ |_|_\   |_|   |___| |___/ 

DELETE- As admin I have be able to to delete existing user(user;delete--as-admin-i-have-be-able-to-to-delete-existing-user)
--------------------------------------------------------------------------------
14:20:39.158 [main] DEBUG net.thucydides.core.steps.StepInterceptor - STARTING STEP: UserSteps.setDeleteEndpoint - I set DELETE endpoints
14:20:39.158 [main] DEBUG net.thucydides.core.steps.StepInterceptor - STEP DONE: I set DELETE endpoints
  &amp#27;[32mGiven &amp#27;[0m&amp#27;[32mI set DELETE endpoints&amp#27;[0m                                       &amp#27;[90m# starter.stepdefinitions.UserSteps.setDeleteEndpoint()&amp#27;[0m
14:20:39.163 [main] DEBUG net.thucydides.core.steps.StepInterceptor - STARTING STEP: UserSteps.sendDeleteHttpRequest - I send DELETE HTTP request
14:20:39.166 [main] DEBUG net.thucydides.core.steps.StepInterceptor - STARTING STEP: DeleteID_Positive.sendDeleteHttpRequest - I set DELETE endpoints
14:20:39.167 [main] DEBUG net.thucydides.core.steps.StepInterceptor - STEP DONE: I set DELETE endpoints
14:20:39.187 [main] DEBUG org.apache.http.impl.conn.BasicClientConnectionManager - Get connection for route {s}->https://jsonplaceholder.typicode.com:443
14:20:39.187 [main] DEBUG org.apache.http.impl.conn.DefaultClientConnectionOperator - Connecting to jsonplaceholder.typicode.com:443
14:20:39.270 [main] DEBUG org.apache.http.client.protocol.RequestAddCookies - CookieSpec selected: ignoreCookies
14:20:39.270 [main] DEBUG org.apache.http.client.protocol.RequestAuthCache - Auth cache not set in the context
14:20:39.270 [main] DEBUG org.apache.http.client.protocol.RequestTargetAuthentication - Target auth state: UNCHALLENGED
14:20:39.270 [main] DEBUG org.apache.http.client.protocol.RequestProxyAuthentication - Proxy auth state: UNCHALLENGED
14:20:39.270 [main] DEBUG org.apache.http.impl.client.DefaultHttpClient - Attempt 1 to execute request
14:20:39.270 [main] DEBUG org.apache.http.impl.conn.DefaultClientConnection - Sending request: DELETE /posts/1 HTTP/1.1
14:20:39.270 [main] DEBUG org.apache.http.wire -  >> "DELETE /posts/1 HTTP/1.1[\r][\n]"
14:20:39.270 [main] DEBUG org.apache.http.wire -  >> "Accept: */*[\r][\n]"
14:20:39.270 [main] DEBUG org.apache.http.wire -  >> "Host: jsonplaceholder.typicode.com[\r][\n]"
14:20:39.270 [main] DEBUG org.apache.http.wire -  >> "Connection: Keep-Alive[\r][\n]"
14:20:39.270 [main] DEBUG org.apache.http.wire -  >> "User-Agent: Apache-HttpClient/4.5.13 (Java/19)[\r][\n]"
14:20:39.270 [main] DEBUG org.apache.http.wire -  >> "Accept-Encoding: gzip,deflate[\r][\n]"
14:20:39.270 [main] DEBUG org.apache.http.wire -  >> "[\r][\n]"
14:20:39.270 [main] DEBUG org.apache.http.headers - >> DELETE /posts/1 HTTP/1.1
14:20:39.271 [main] DEBUG org.apache.http.headers - >> Accept: */*
14:20:39.271 [main] DEBUG org.apache.http.headers - >> Host: jsonplaceholder.typicode.com
14:20:39.271 [main] DEBUG org.apache.http.headers - >> Connection: Keep-Alive
14:20:39.271 [main] DEBUG org.apache.http.headers - >> User-Agent: Apache-HttpClient/4.5.13 (Java/19)
14:20:39.271 [main] DEBUG org.apache.http.headers - >> Accept-Encoding: gzip,deflate
14:20:39.843 [main] DEBUG org.apache.http.wire -  << "HTTP/1.1 200 OK[\r][\n]"
14:20:39.843 [main] DEBUG org.apache.http.wire -  << "Date: Thu, 20 Apr 2023 07:20:39 GMT[\r][\n]"
14:20:39.843 [main] DEBUG org.apache.http.wire -  << "Content-Type: application/json; charset=utf-8[\r][\n]"
14:20:39.843 [main] DEBUG org.apache.http.wire -  << "Content-Length: 2[\r][\n]"
14:20:39.843 [main] DEBUG org.apache.http.wire -  << "Connection: keep-alive[\r][\n]"
14:20:39.843 [main] DEBUG org.apache.http.wire -  << "X-Powered-By: Express[\r][\n]"
14:20:39.843 [main] DEBUG org.apache.http.wire -  << "X-Ratelimit-Limit: 1000[\r][\n]"
14:20:39.843 [main] DEBUG org.apache.http.wire -  << "X-Ratelimit-Remaining: 997[\r][\n]"
14:20:39.843 [main] DEBUG org.apache.http.wire -  << "X-Ratelimit-Reset: 1681975264[\r][\n]"
14:20:39.843 [main] DEBUG org.apache.http.wire -  << "Vary: Origin, Accept-Encoding[\r][\n]"
14:20:39.843 [main] DEBUG org.apache.http.wire -  << "Access-Control-Allow-Credentials: true[\r][\n]"
14:20:39.843 [main] DEBUG org.apache.http.wire -  << "Cache-Control: no-cache[\r][\n]"
14:20:39.844 [main] DEBUG org.apache.http.wire -  << "Pragma: no-cache[\r][\n]"
14:20:39.844 [main] DEBUG org.apache.http.wire -  << "Expires: -1[\r][\n]"
14:20:39.844 [main] DEBUG org.apache.http.wire -  << "X-Content-Type-Options: nosniff[\r][\n]"
14:20:39.844 [main] DEBUG org.apache.http.wire -  << "Etag: W/"2-vyGp6PvFo4RvsFtPoIWeCReyIC8"[\r][\n]"
14:20:39.844 [main] DEBUG org.apache.http.wire -  << "Via: 1.1 vegur[\r][\n]"
14:20:39.844 [main] DEBUG org.apache.http.wire -  << "CF-Cache-Status: DYNAMIC[\r][\n]"
14:20:39.844 [main] DEBUG org.apache.http.wire -  << "Report-To: {"endpoints":[{"url":"https:\/\/a.nel.cloudflare.com\/report\/v3?s=AQcUmtSig7SG7CxrLYaaPl8OfmKkgoMogVhrNRa0G1PjymQxVIgbCvM9LV15H0g0DGnMPnuMxUNay%2F3r%2Byoqqf9bhykrxytiBku7t4yMeJz9Pg2kzTOeKJBIZ0cyJuP1uyIdSVoIxvwc5GZAbiKB"}],"group":"cf-nel","max_age":604800}[\r][\n]"
14:20:39.844 [main] DEBUG org.apache.http.wire -  << "NEL: {"success_fraction":0,"report_to":"cf-nel","max_age":604800}[\r][\n]"
14:20:39.844 [main] DEBUG org.apache.http.wire -  << "Server: cloudflare[\r][\n]"
14:20:39.844 [main] DEBUG org.apache.http.wire -  << "CF-RAY: 7baba03a5a5b879f-SIN[\r][\n]"
14:20:39.844 [main] DEBUG org.apache.http.wire -  << "alt-svc: h3=":443"; ma=86400, h3-29=":443"; ma=86400[\r][\n]"
14:20:39.844 [main] DEBUG org.apache.http.wire -  << "[\r][\n]"
14:20:39.844 [main] DEBUG org.apache.http.impl.conn.DefaultClientConnection - Receiving response: HTTP/1.1 200 OK
14:20:39.844 [main] DEBUG org.apache.http.headers - << HTTP/1.1 200 OK
14:20:39.844 [main] DEBUG org.apache.http.headers - << Date: Thu, 20 Apr 2023 07:20:39 GMT
14:20:39.844 [main] DEBUG org.apache.http.headers - << Content-Type: application/json; charset=utf-8
14:20:39.844 [main] DEBUG org.apache.http.headers - << Content-Length: 2
14:20:39.844 [main] DEBUG org.apache.http.headers - << Connection: keep-alive
14:20:39.844 [main] DEBUG org.apache.http.headers - << X-Powered-By: Express
14:20:39.844 [main] DEBUG org.apache.http.headers - << X-Ratelimit-Limit: 1000
14:20:39.844 [main] DEBUG org.apache.http.headers - << X-Ratelimit-Remaining: 997
14:20:39.844 [main] DEBUG org.apache.http.headers - << X-Ratelimit-Reset: 1681975264
14:20:39.844 [main] DEBUG org.apache.http.headers - << Vary: Origin, Accept-Encoding
14:20:39.844 [main] DEBUG org.apache.http.headers - << Access-Control-Allow-Credentials: true
14:20:39.844 [main] DEBUG org.apache.http.headers - << Cache-Control: no-cache
14:20:39.844 [main] DEBUG org.apache.http.headers - << Pragma: no-cache
14:20:39.844 [main] DEBUG org.apache.http.headers - << Expires: -1
14:20:39.844 [main] DEBUG org.apache.http.headers - << X-Content-Type-Options: nosniff
14:20:39.844 [main] DEBUG org.apache.http.headers - << Etag: W/"2-vyGp6PvFo4RvsFtPoIWeCReyIC8"
14:20:39.845 [main] DEBUG org.apache.http.headers - << Via: 1.1 vegur
14:20:39.845 [main] DEBUG org.apache.http.headers - << CF-Cache-Status: DYNAMIC
14:20:39.845 [main] DEBUG org.apache.http.headers - << Report-To: {"endpoints":[{"url":"https:\/\/a.nel.cloudflare.com\/report\/v3?s=AQcUmtSig7SG7CxrLYaaPl8OfmKkgoMogVhrNRa0G1PjymQxVIgbCvM9LV15H0g0DGnMPnuMxUNay%2F3r%2Byoqqf9bhykrxytiBku7t4yMeJz9Pg2kzTOeKJBIZ0cyJuP1uyIdSVoIxvwc5GZAbiKB"}],"group":"cf-nel","max_age":604800}
14:20:39.845 [main] DEBUG org.apache.http.headers - << NEL: {"success_fraction":0,"report_to":"cf-nel","max_age":604800}
14:20:39.845 [main] DEBUG org.apache.http.headers - << Server: cloudflare
14:20:39.845 [main] DEBUG org.apache.http.headers - << CF-RAY: 7baba03a5a5b879f-SIN
14:20:39.845 [main] DEBUG org.apache.http.headers - << alt-svc: h3=":443"; ma=86400, h3-29=":443"; ma=86400
14:20:39.845 [main] DEBUG org.apache.http.impl.client.DefaultHttpClient - Connection can be kept alive indefinitely
14:20:39.845 [main] DEBUG io.restassured.internal.RestAssuredHttpBuilder - Parsing response as: application/json; charset=utf-8
14:20:39.845 [main] DEBUG io.restassured.internal.RestAssuredHttpBuilder - Parsed data to instance of: class org.apache.http.conn.EofSensorInputStream
14:20:39.851 [main] DEBUG org.apache.http.wire -  << "{}"
14:20:39.851 [main] DEBUG org.apache.http.impl.conn.BasicClientConnectionManager - Releasing connection org.apache.http.impl.conn.ManagedClientConnectionImpl@34e68840
14:20:39.851 [main] DEBUG org.apache.http.impl.conn.BasicClientConnectionManager - Connection can be kept alive indefinitely
14:20:39.852 [main] DEBUG net.thucydides.core.steps.StepInterceptor - STEP DONE: I send DELETE HTTP request
  &amp#27;[32mWhen &amp#27;[0m&amp#27;[32mI send DELETE HTTP request&amp#27;[0m                                    &amp#27;[90m# starter.stepdefinitions.UserSteps.sendDeleteHttpRequest()&amp#27;[0m
14:20:39.856 [main] DEBUG net.thucydides.core.steps.StepInterceptor - STARTING STEP: UserSteps.receivedValidHttpResponse - I receive valid HTTP response code 200
14:20:39.857 [main] DEBUG net.thucydides.core.steps.StepInterceptor - STEP DONE: I receive valid HTTP response code 200
  &amp#27;[32mThen &amp#27;[0m&amp#27;[32mI receive valid HTTP response code 200&amp#27;[0m                        &amp#27;[90m# starter.stepdefinitions.UserSteps.receivedValidHttpResponse()&amp#27;[0m
14:20:39.860 [main] INFO  - 
  _____   ___   ___   _____     ___     _     ___   ___   ___   ___  
 |_   _| | __| / __| |_   _|   | _ \   /_\   / __| / __| | __| |   \ 
   | |   | _|  \__ \   | |     |  _/  / _ \  \__ \ \__ \ | _|  | |) |
   |_|   |___| |___/   |_|     |_|   /_/ \_\ |___/ |___/ |___| |___/ 

DELETE- As admin I have be able to to delete existing user
----------------------------------------------------------------------
]]></system-out>
  </testcase>
</testsuite>